[0.026s] Invoking command in '/home/teamojasdv/ros2_ws/build/realsense2_camera': CMAKE_PREFIX_PATH=/home/teamojasdv/ros2_ws/install/realsense2_camera_msgs:/home/teamojasdv/ros2_ws/install/realsense2_description:/home/teamojasdv/ros2_ws/install/realsense2_camera:/home/teamojasdv/ros2_ws/install/my_detection_package:/opt/ros/humble LD_LIBRARY_PATH=/home/teamojasdv/ros2_ws/install/realsense2_camera_msgs/lib:/usr/local/lib:/usr/local/lib:/usr/local/cuda-12.2/lib64:/home/teamojasdv/ros2_ws/install/realsense2_camera/lib:/opt/ros/humble/opt/rviz_ogre_vendor/lib:/opt/ros/humble/lib/aarch64-linux-gnu:/opt/ros/humble/lib:/usr/local/lib:/usr/local/cuda-12.2/lib64 /usr/bin/cmake /home/teamojasdv/ros2_ws/src/realsense-ros/realsense2_camera -DAMENT_CMAKE_SYMLINK_INSTALL=1 -DCMAKE_INSTALL_PREFIX=/home/teamojasdv/ros2_ws/install/realsense2_camera
[0.146s] -- The C compiler identification is GNU 10.5.0
[0.264s] -- The CXX compiler identification is GNU 10.5.0
[0.280s] -- Detecting C compiler ABI info
[0.431s] -- Detecting C compiler ABI info - done
[0.445s] -- Check for working C compiler: /usr/bin/cc - skipped
[0.445s] -- Detecting C compile features
[0.447s] -- Detecting C compile features - done
[0.454s] -- Detecting CXX compiler ABI info
[0.615s] -- Detecting CXX compiler ABI info - done
[0.627s] -- Check for working CXX compiler: /usr/bin/c++ - skipped
[0.627s] -- Detecting CXX compile features
[0.628s] -- Detecting CXX compile features - done
[0.630s] -- Create Release Build.
[0.632s] -- Found ament_cmake: 1.3.10 (/opt/ros/humble/share/ament_cmake/cmake)
[2.300s] -- Found Python3: /usr/bin/python3 (found version "3.10.12") found components: Interpreter 
[2.454s] -- Override CMake install command with custom implementation using symlinks instead of copying resources
[2.515s] -- Found builtin_interfaces: 1.2.1 (/opt/ros/humble/share/builtin_interfaces/cmake)
[2.584s] -- Found rosidl_generator_c: 3.1.5 (/opt/ros/humble/share/rosidl_generator_c/cmake)
[2.592s] -- Found rosidl_adapter: 3.1.5 (/opt/ros/humble/share/rosidl_adapter/cmake)
[2.607s] -- Found rosidl_generator_cpp: 3.1.5 (/opt/ros/humble/share/rosidl_generator_cpp/cmake)
[2.629s] -- Using all available rosidl_typesupport_c: rosidl_typesupport_fastrtps_c;rosidl_typesupport_introspection_c
[2.660s] -- Using all available rosidl_typesupport_cpp: rosidl_typesupport_fastrtps_cpp;rosidl_typesupport_introspection_cpp
[2.688s] -- Found cv_bridge: 3.2.1 (/opt/ros/humble/share/cv_bridge/cmake)
[2.707s] [33mCMake Warning (dev) at /usr/share/cmake-3.22/Modules/FindCUDA.cmake:723 (option):
[2.707s]   Policy CMP0077 is not set: option() honors normal variables.  Run "cmake
[2.707s]   --help-policy CMP0077" for policy details.  Use the cmake_policy command to
[2.707s]   set the policy and suppress this warning.
[2.707s] 
[2.707s]   For compatibility with older versions of CMake, option is clearing the
[2.708s]   normal variable 'CUDA_PROPAGATE_HOST_FLAGS'.
[2.708s] Call Stack (most recent call first):
[2.708s]   /usr/local/lib/cmake/opencv4/OpenCVConfig.cmake:86 (find_package)
[2.708s]   /usr/local/lib/cmake/opencv4/OpenCVConfig.cmake:108 (find_host_package)
[2.708s]   /opt/ros/humble/share/cv_bridge/cmake/ament_cmake_export_dependencies-extras.cmake:21 (find_package)
[2.708s]   /opt/ros/humble/share/cv_bridge/cmake/cv_bridgeConfig.cmake:41 (include)
[2.708s]   CMakeLists.txt:107 (find_package)
[2.708s] This warning is for project developers.  Use -Wno-dev to suppress it.
[2.708s] [0m
[4.378s] -- Looking for pthread.h
[4.569s] -- Looking for pthread.h - found
[4.570s] -- Performing Test CMAKE_HAVE_LIBC_PTHREAD
[4.749s] -- Performing Test CMAKE_HAVE_LIBC_PTHREAD - Success
[4.752s] -- Found Threads: TRUE  
[4.791s] -- Found CUDA: /usr/local/cuda-12.2 (found suitable exact version "12.2") 
[4.924s] -- Found image_transport: 3.1.9 (/opt/ros/humble/share/image_transport/cmake)
[5.104s] -- Found rmw_implementation_cmake: 6.1.2 (/opt/ros/humble/share/rmw_implementation_cmake/cmake)
[5.115s] -- Found rmw_fastrtps_cpp: 6.2.7 (/opt/ros/humble/share/rmw_fastrtps_cpp/cmake)
[5.371s] -- Found OpenSSL: /usr/lib/aarch64-linux-gnu/libcrypto.so (found version "3.0.2")  
[5.438s] -- Found FastRTPS: /opt/ros/humble/include  
[5.592s] -- Using RMW implementation 'rmw_fastrtps_cpp' as default
[5.882s] -- Found rclcpp_components: 16.0.10 (/opt/ros/humble/share/rclcpp_components/cmake)
[5.944s] -- Found realsense2_camera_msgs: 4.55.1 (/home/teamojasdv/ros2_ws/install/realsense2_camera_msgs/share/realsense2_camera_msgs/cmake)
[5.984s] -- Found nav_msgs: 4.2.4 (/opt/ros/humble/share/nav_msgs/cmake)
[6.038s] -- Found tf2_ros: 0.25.7 (/opt/ros/humble/share/tf2_ros/cmake)
[6.276s] -- Found diagnostic_updater: 4.0.0 (/opt/ros/humble/share/diagnostic_updater/cmake)
[6.347s] -- Found OpenCV: /usr/local (found version "4.9.0") found components: core 
[6.371s] [33mCMake Warning at CMakeLists.txt:120 (find_package):
[6.372s]   Could not find a configuration file for package "realsense2" that is
[6.372s]   compatible with requested version "2.55.1".
[6.372s] 
[6.372s]   The following configuration files were considered but not accepted:
[6.373s] 
[6.373s]     /usr/local/lib/cmake/realsense2/realsense2Config.cmake, version: 2.54.2
[6.373s] 
[6.373s] 
[6.374s] [0m
[6.374s] [31mCMake Error at CMakeLists.txt:125 (message):
[6.374s]   
[6.374s] 
[6.374s]   
[6.375s] 
[6.375s]    Intel RealSense SDK 2.0 is missing, please install it from https://github.com/IntelRealSense/librealsense/releases
[6.375s] 
[6.375s]   
[6.376s] 
[6.376s] 
[6.376s] [0m
[6.376s] -- Configuring incomplete, errors occurred!
[6.376s] See also "/home/teamojasdv/ros2_ws/build/realsense2_camera/CMakeFiles/CMakeOutput.log".
[6.406s] Invoked command in '/home/teamojasdv/ros2_ws/build/realsense2_camera' returned '1': CMAKE_PREFIX_PATH=/home/teamojasdv/ros2_ws/install/realsense2_camera_msgs:/home/teamojasdv/ros2_ws/install/realsense2_description:/home/teamojasdv/ros2_ws/install/realsense2_camera:/home/teamojasdv/ros2_ws/install/my_detection_package:/opt/ros/humble LD_LIBRARY_PATH=/home/teamojasdv/ros2_ws/install/realsense2_camera_msgs/lib:/usr/local/lib:/usr/local/lib:/usr/local/cuda-12.2/lib64:/home/teamojasdv/ros2_ws/install/realsense2_camera/lib:/opt/ros/humble/opt/rviz_ogre_vendor/lib:/opt/ros/humble/lib/aarch64-linux-gnu:/opt/ros/humble/lib:/usr/local/lib:/usr/local/cuda-12.2/lib64 /usr/bin/cmake /home/teamojasdv/ros2_ws/src/realsense-ros/realsense2_camera -DAMENT_CMAKE_SYMLINK_INSTALL=1 -DCMAKE_INSTALL_PREFIX=/home/teamojasdv/ros2_ws/install/realsense2_camera
