[2.452s] Invoking command in '/home/teamojasdv/ros2_ws/build/my_detection_package': PYTHONPATH=/home/teamojasdv/ros2_ws/build/my_detection_package/prefix_override:/usr/lib/python3/dist-packages/colcon_core/task/python/colcon_distutils_commands:/home/teamojasdv/ros2_ws/install/my_detection_package/lib/python3.10/site-packages:${PYTHONPATH} /usr/bin/python3 -W ignore:setup.py install is deprecated setup.py develop --editable --build-directory /home/teamojasdv/ros2_ws/build/my_detection_package/build --no-deps symlink_data
[3.383s] running develop
[3.383s] /usr/local/lib/python3.10/dist-packages/setuptools/command/easy_install.py:144: EasyInstallDeprecationWarning: easy_install command is deprecated. Use build and pip and other standards-based tools.
[3.383s]   warnings.warn(
[3.967s] running egg_info
[3.967s] creating my_detection_package.egg-info
[4.008s] writing my_detection_package.egg-info/PKG-INFO
[4.009s] writing dependency_links to my_detection_package.egg-info/dependency_links.txt
[4.009s] writing entry points to my_detection_package.egg-info/entry_points.txt
[4.009s] writing requirements to my_detection_package.egg-info/requires.txt
[4.009s] writing top-level names to my_detection_package.egg-info/top_level.txt
[4.010s] writing manifest file 'my_detection_package.egg-info/SOURCES.txt'
[4.089s] reading manifest file 'my_detection_package.egg-info/SOURCES.txt'
[4.090s] writing manifest file 'my_detection_package.egg-info/SOURCES.txt'
[4.223s] running build_ext
[4.223s] Creating /home/teamojasdv/ros2_ws/install/my_detection_package/lib/python3.10/site-packages/my-detection-package.egg-link (link to .)
[4.225s] Installing camera_node script to /home/teamojasdv/ros2_ws/install/my_detection_package/lib/my_detection_package
[4.225s] Installing slam_node script to /home/teamojasdv/ros2_ws/install/my_detection_package/lib/my_detection_package
[4.226s] 
[4.226s] Installed /home/teamojasdv/ros2_ws/build/my_detection_package
[4.226s] running symlink_data
[4.226s] creating /home/teamojasdv/ros2_ws/install/my_detection_package/share/ament_index
[4.227s] creating /home/teamojasdv/ros2_ws/install/my_detection_package/share/ament_index/resource_index
[4.227s] creating /home/teamojasdv/ros2_ws/install/my_detection_package/share/ament_index/resource_index/packages
[4.227s] symbolically linking /home/teamojasdv/ros2_ws/build/my_detection_package/resource/my_detection_package -> /home/teamojasdv/ros2_ws/install/my_detection_package/share/ament_index/resource_index/packages
[4.227s] symbolically linking /home/teamojasdv/ros2_ws/build/my_detection_package/package.xml -> /home/teamojasdv/ros2_ws/install/my_detection_package/share/my_detection_package
[4.392s] Invoked command in '/home/teamojasdv/ros2_ws/build/my_detection_package' returned '0': PYTHONPATH=/home/teamojasdv/ros2_ws/build/my_detection_package/prefix_override:/usr/lib/python3/dist-packages/colcon_core/task/python/colcon_distutils_commands:/home/teamojasdv/ros2_ws/install/my_detection_package/lib/python3.10/site-packages:${PYTHONPATH} /usr/bin/python3 -W ignore:setup.py install is deprecated setup.py develop --editable --build-directory /home/teamojasdv/ros2_ws/build/my_detection_package/build --no-deps symlink_data
