[0.038s] Invoking command in '/home/teamojasdv/ros2_ws/build/realsense2_camera': CMAKE_PREFIX_PATH=/home/teamojasdv/ros2_ws/install/realsense2_camera_msgs:/home/teamojasdv/ros2_ws/install/realsense2_description:/home/teamojasdv/ros2_ws/install/realsense2_camera:/home/teamojasdv/ros2_ws/install/my_detection_package:/opt/ros/humble LD_LIBRARY_PATH=/home/teamojasdv/ros2_ws/install/realsense2_camera_msgs/lib:/usr/local/lib:/usr/local/lib:/usr/local/cuda-12.2/lib64:/home/teamojasdv/ros2_ws/install/realsense2_camera/lib:/opt/ros/humble/opt/rviz_ogre_vendor/lib:/opt/ros/humble/lib/aarch64-linux-gnu:/opt/ros/humble/lib:/usr/local/lib:/usr/local/cuda-12.2/lib64 /usr/bin/cmake --build /home/teamojasdv/ros2_ws/build/realsense2_camera -- -j6 -l6
[0.342s] [  9%] Built target gtest_main
[0.345s] [ 18%] Built target gtest
[0.476s] [ 27%] Built target gtest_template
[0.493s] [ 36%] Built target realsense2_camera_node
[0.570s] [100%] Built target realsense2_camera
[0.596s] Invoked command in '/home/teamojasdv/ros2_ws/build/realsense2_camera' returned '0': CMAKE_PREFIX_PATH=/home/teamojasdv/ros2_ws/install/realsense2_camera_msgs:/home/teamojasdv/ros2_ws/install/realsense2_description:/home/teamojasdv/ros2_ws/install/realsense2_camera:/home/teamojasdv/ros2_ws/install/my_detection_package:/opt/ros/humble LD_LIBRARY_PATH=/home/teamojasdv/ros2_ws/install/realsense2_camera_msgs/lib:/usr/local/lib:/usr/local/lib:/usr/local/cuda-12.2/lib64:/home/teamojasdv/ros2_ws/install/realsense2_camera/lib:/opt/ros/humble/opt/rviz_ogre_vendor/lib:/opt/ros/humble/lib/aarch64-linux-gnu:/opt/ros/humble/lib:/usr/local/lib:/usr/local/cuda-12.2/lib64 /usr/bin/cmake --build /home/teamojasdv/ros2_ws/build/realsense2_camera -- -j6 -l6
[0.724s] Invoking command in '/home/teamojasdv/ros2_ws/build/realsense2_camera': CMAKE_PREFIX_PATH=/home/teamojasdv/ros2_ws/install/realsense2_camera_msgs:/home/teamojasdv/ros2_ws/install/realsense2_description:/home/teamojasdv/ros2_ws/install/realsense2_camera:/home/teamojasdv/ros2_ws/install/my_detection_package:/opt/ros/humble LD_LIBRARY_PATH=/home/teamojasdv/ros2_ws/install/realsense2_camera_msgs/lib:/usr/local/lib:/usr/local/lib:/usr/local/cuda-12.2/lib64:/home/teamojasdv/ros2_ws/install/realsense2_camera/lib:/opt/ros/humble/opt/rviz_ogre_vendor/lib:/opt/ros/humble/lib/aarch64-linux-gnu:/opt/ros/humble/lib:/usr/local/lib:/usr/local/cuda-12.2/lib64 /usr/bin/cmake --install /home/teamojasdv/ros2_ws/build/realsense2_camera
[0.742s] -- Install configuration: "Release"
[0.745s] -- Execute custom install script
[0.747s] -- Up-to-date symlink: /home/teamojasdv/ros2_ws/install/realsense2_camera/lib/realsense2_camera/realsense2_camera_node
[0.749s] -- Up-to-date symlink: /home/teamojasdv/ros2_ws/install/realsense2_camera/lib/librealsense2_camera.so
[0.751s] -- Up-to-date symlink: /home/teamojasdv/ros2_ws/install/realsense2_camera/include/base_realsense_node.h
[0.751s] -- Up-to-date symlink: /home/teamojasdv/ros2_ws/install/realsense2_camera/include/constants.h
[0.752s] -- Up-to-date symlink: /home/teamojasdv/ros2_ws/install/realsense2_camera/include/dynamic_params.h
[0.753s] -- Up-to-date symlink: /home/teamojasdv/ros2_ws/install/realsense2_camera/include/gl_window.h
[0.754s] -- Up-to-date symlink: /home/teamojasdv/ros2_ws/install/realsense2_camera/include/image_publisher.h
[0.754s] -- Up-to-date symlink: /home/teamojasdv/ros2_ws/install/realsense2_camera/include/named_filter.h
[0.755s] -- Up-to-date symlink: /home/teamojasdv/ros2_ws/install/realsense2_camera/include/profile_manager.h
[0.756s] -- Up-to-date symlink: /home/teamojasdv/ros2_ws/install/realsense2_camera/include/realsense_node_factory.h
[0.757s] -- Up-to-date symlink: /home/teamojasdv/ros2_ws/install/realsense2_camera/include/ros_param_backend.h
[0.757s] -- Up-to-date symlink: /home/teamojasdv/ros2_ws/install/realsense2_camera/include/ros_sensor.h
[0.758s] -- Up-to-date symlink: /home/teamojasdv/ros2_ws/install/realsense2_camera/include/ros_utils.h
[0.759s] -- Up-to-date symlink: /home/teamojasdv/ros2_ws/install/realsense2_camera/include/sensor_params.h
[0.763s] -- Up-to-date symlink: /home/teamojasdv/ros2_ws/install/realsense2_camera/share/realsense2_camera/launch/default.rviz
[0.764s] -- Up-to-date symlink: /home/teamojasdv/ros2_ws/install/realsense2_camera/share/realsense2_camera/launch/rs_intra_process_demo_launch.py
[0.764s] -- Up-to-date symlink: /home/teamojasdv/ros2_ws/install/realsense2_camera/share/realsense2_camera/launch/rs_launch.py
[0.765s] -- Up-to-date symlink: /home/teamojasdv/ros2_ws/install/realsense2_camera/share/realsense2_camera/launch/rs_multi_camera_launch.py
[0.772s] -- Up-to-date symlink: /home/teamojasdv/ros2_ws/install/realsense2_camera/share/realsense2_camera/examples/align_depth/README.md
[0.773s] -- Up-to-date symlink: /home/teamojasdv/ros2_ws/install/realsense2_camera/share/realsense2_camera/examples/align_depth/rs_align_depth_launch.py
[0.774s] -- Up-to-date symlink: /home/teamojasdv/ros2_ws/install/realsense2_camera/share/realsense2_camera/examples/dual_camera/README.md
[0.775s] -- Up-to-date symlink: /home/teamojasdv/ros2_ws/install/realsense2_camera/share/realsense2_camera/examples/dual_camera/rs_dual_camera_launch.py
[0.776s] -- Up-to-date symlink: /home/teamojasdv/ros2_ws/install/realsense2_camera/share/realsense2_camera/examples/dual_camera/rviz/dual_camera_pointcloud.rviz
[0.777s] -- Up-to-date symlink: /home/teamojasdv/ros2_ws/install/realsense2_camera/share/realsense2_camera/examples/launch_from_rosbag/README.md
[0.778s] -- Up-to-date symlink: /home/teamojasdv/ros2_ws/install/realsense2_camera/share/realsense2_camera/examples/launch_from_rosbag/rs_launch_from_rosbag.py
[0.779s] -- Up-to-date symlink: /home/teamojasdv/ros2_ws/install/realsense2_camera/share/realsense2_camera/examples/launch_params_from_file/README.md
[0.780s] -- Up-to-date symlink: /home/teamojasdv/ros2_ws/install/realsense2_camera/share/realsense2_camera/examples/launch_params_from_file/config/config.yaml
[0.781s] -- Up-to-date symlink: /home/teamojasdv/ros2_ws/install/realsense2_camera/share/realsense2_camera/examples/launch_params_from_file/rs_launch_get_params_from_yaml.py
[0.781s] -- Up-to-date symlink: /home/teamojasdv/ros2_ws/install/realsense2_camera/share/realsense2_camera/examples/pointcloud/README.md
[0.782s] -- Up-to-date symlink: /home/teamojasdv/ros2_ws/install/realsense2_camera/share/realsense2_camera/examples/pointcloud/rs_d405_pointcloud_launch.py
[0.783s] -- Up-to-date symlink: /home/teamojasdv/ros2_ws/install/realsense2_camera/share/realsense2_camera/examples/pointcloud/rs_d455_pointcloud_launch.py
[0.784s] -- Up-to-date symlink: /home/teamojasdv/ros2_ws/install/realsense2_camera/share/realsense2_camera/examples/pointcloud/rs_pointcloud_launch.py
[0.785s] -- Up-to-date symlink: /home/teamojasdv/ros2_ws/install/realsense2_camera/share/realsense2_camera/examples/pointcloud/rviz/pointcloud.rviz
[0.786s] -- Up-to-date symlink: /home/teamojasdv/ros2_ws/install/realsense2_camera/share/realsense2_camera/examples/pointcloud/rviz/urdf_pointcloud.rviz
[0.787s] -- Up-to-date symlink: /home/teamojasdv/ros2_ws/install/realsense2_camera/share/realsense2_camera/environment/library_path.sh
[0.788s] -- Up-to-date symlink: /home/teamojasdv/ros2_ws/install/realsense2_camera/share/realsense2_camera/environment/library_path.dsv
[0.788s] -- Up-to-date symlink: /home/teamojasdv/ros2_ws/install/realsense2_camera/share/ament_index/resource_index/package_run_dependencies/realsense2_camera
[0.789s] -- Up-to-date symlink: /home/teamojasdv/ros2_ws/install/realsense2_camera/share/ament_index/resource_index/parent_prefix_path/realsense2_camera
[0.790s] -- Up-to-date symlink: /home/teamojasdv/ros2_ws/install/realsense2_camera/share/realsense2_camera/environment/ament_prefix_path.sh
[0.791s] -- Up-to-date symlink: /home/teamojasdv/ros2_ws/install/realsense2_camera/share/realsense2_camera/environment/ament_prefix_path.dsv
[0.792s] -- Up-to-date symlink: /home/teamojasdv/ros2_ws/install/realsense2_camera/share/realsense2_camera/environment/path.sh
[0.793s] -- Up-to-date symlink: /home/teamojasdv/ros2_ws/install/realsense2_camera/share/realsense2_camera/environment/path.dsv
[0.794s] -- Up-to-date symlink: /home/teamojasdv/ros2_ws/install/realsense2_camera/share/realsense2_camera/local_setup.bash
[0.795s] -- Up-to-date symlink: /home/teamojasdv/ros2_ws/install/realsense2_camera/share/realsense2_camera/local_setup.sh
[0.795s] -- Up-to-date symlink: /home/teamojasdv/ros2_ws/install/realsense2_camera/share/realsense2_camera/local_setup.zsh
[0.796s] -- Up-to-date symlink: /home/teamojasdv/ros2_ws/install/realsense2_camera/share/realsense2_camera/local_setup.dsv
[0.796s] -- Symlinking: /home/teamojasdv/ros2_ws/install/realsense2_camera/share/realsense2_camera/package.dsv
[0.819s] -- Up-to-date symlink: /home/teamojasdv/ros2_ws/install/realsense2_camera/share/ament_index/resource_index/packages/realsense2_camera
[0.820s] -- Up-to-date symlink: /home/teamojasdv/ros2_ws/install/realsense2_camera/share/ament_index/resource_index/rclcpp_components/realsense2_camera
[0.822s] -- Up-to-date symlink: /home/teamojasdv/ros2_ws/install/realsense2_camera/share/realsense2_camera/cmake/ament_cmake_export_include_directories-extras.cmake
[0.823s] -- Up-to-date symlink: /home/teamojasdv/ros2_ws/install/realsense2_camera/share/realsense2_camera/cmake/ament_cmake_export_libraries-extras.cmake
[0.824s] -- Up-to-date symlink: /home/teamojasdv/ros2_ws/install/realsense2_camera/share/realsense2_camera/cmake/ament_cmake_export_dependencies-extras.cmake
[0.825s] -- Up-to-date symlink: /home/teamojasdv/ros2_ws/install/realsense2_camera/share/realsense2_camera/cmake/realsense2_cameraConfig.cmake
[0.826s] -- Up-to-date symlink: /home/teamojasdv/ros2_ws/install/realsense2_camera/share/realsense2_camera/cmake/realsense2_cameraConfig-version.cmake
[0.827s] -- Up-to-date symlink: /home/teamojasdv/ros2_ws/install/realsense2_camera/share/realsense2_camera/package.xml
[0.835s] Invoked command in '/home/teamojasdv/ros2_ws/build/realsense2_camera' returned '0': CMAKE_PREFIX_PATH=/home/teamojasdv/ros2_ws/install/realsense2_camera_msgs:/home/teamojasdv/ros2_ws/install/realsense2_description:/home/teamojasdv/ros2_ws/install/realsense2_camera:/home/teamojasdv/ros2_ws/install/my_detection_package:/opt/ros/humble LD_LIBRARY_PATH=/home/teamojasdv/ros2_ws/install/realsense2_camera_msgs/lib:/usr/local/lib:/usr/local/lib:/usr/local/cuda-12.2/lib64:/home/teamojasdv/ros2_ws/install/realsense2_camera/lib:/opt/ros/humble/opt/rviz_ogre_vendor/lib:/opt/ros/humble/lib/aarch64-linux-gnu:/opt/ros/humble/lib:/usr/local/lib:/usr/local/cuda-12.2/lib64 /usr/bin/cmake --install /home/teamojasdv/ros2_ws/build/realsense2_camera
