[1.429s] [34mcolcon[0m [1;30mDEBUG[0m [32mCommand line arguments: ['/usr/bin/colcon', 'build', '--symlink-install'][0m
[1.430s] [34mcolcon[0m [1;30mDEBUG[0m [32mParsed command line arguments: Namespace(log_base=None, log_level=None, verb_name='build', build_base='build', install_base='install', merge_install=False, symlink_install=True, test_result_base=None, continue_on_error=False, executor='parallel', parallel_workers=6, event_handlers=None, ignore_user_meta=False, metas=['./colcon.meta'], base_paths=['.'], packages_ignore=None, packages_ignore_regex=None, paths=None, packages_up_to=None, packages_up_to_regex=None, packages_above=None, packages_above_and_dependencies=None, packages_above_depth=None, packages_select_by_dep=None, packages_skip_by_dep=None, packages_skip_up_to=None, packages_select_build_failed=False, packages_skip_build_finished=False, packages_select_test_failures=False, packages_skip_test_passed=False, packages_select=None, packages_skip=None, packages_select_regex=None, packages_skip_regex=None, packages_start=None, packages_end=None, allow_overriding=[], cmake_args=None, cmake_target=None, cmake_target_skip_unavailable=False, cmake_clean_cache=False, cmake_clean_first=False, cmake_force_configure=False, ament_cmake_args=None, catkin_cmake_args=None, catkin_skip_building_tests=False, mixin_files=None, mixin=None, verb_parser=<colcon_mixin.mixin.mixin_argument.MixinArgumentDecorator object at 0xffff870b1ab0>, verb_extension=<colcon_core.verb.build.BuildVerb object at 0xffff8724ead0>, main=<bound method BuildVerb.main of <colcon_core.verb.build.BuildVerb object at 0xffff8724ead0>>, mixin_verb=('build',))[0m
[2.872s] [34mcolcon.colcon_core.package_discovery[0m [1;30mLevel 1[0m discover_packages(colcon_meta) check parameters
[2.873s] [34mcolcon.colcon_core.package_discovery[0m [1;30mLevel 1[0m discover_packages(recursive) check parameters
[2.873s] [34mcolcon.colcon_core.package_discovery[0m [1;30mLevel 1[0m discover_packages(ignore) check parameters
[2.873s] [34mcolcon.colcon_core.package_discovery[0m [1;30mLevel 1[0m discover_packages(path) check parameters
[2.873s] [34mcolcon.colcon_core.package_discovery[0m [1;30mLevel 1[0m discover_packages(colcon_meta) discover
[2.874s] [34mcolcon.colcon_core.package_discovery[0m [1;30mLevel 1[0m discover_packages(recursive) discover
[2.874s] [34mcolcon.colcon_core.package_discovery[0m [1;30mINFO[0m Crawling recursively for packages in '/home/teamojasdv/ros2_ws'
[2.874s] [34mcolcon.colcon_core.package_identification[0m [1;30mLevel 1[0m _identify(.) by extensions ['ignore', 'ignore_ament_install']
[2.875s] [34mcolcon.colcon_core.package_identification[0m [1;30mLevel 1[0m _identify(.) by extension 'ignore'
[2.875s] [34mcolcon.colcon_core.package_identification[0m [1;30mLevel 1[0m _identify(.) by extension 'ignore_ament_install'
[2.875s] [34mcolcon.colcon_core.package_identification[0m [1;30mLevel 1[0m _identify(.) by extensions ['colcon_pkg']
[2.876s] [34mcolcon.colcon_core.package_identification[0m [1;30mLevel 1[0m _identify(.) by extension 'colcon_pkg'
[2.876s] [34mcolcon.colcon_core.package_identification[0m [1;30mLevel 1[0m _identify(.) by extensions ['colcon_meta']
[2.876s] [34mcolcon.colcon_core.package_identification[0m [1;30mLevel 1[0m _identify(.) by extension 'colcon_meta'
[2.876s] [34mcolcon.colcon_core.package_identification[0m [1;30mLevel 1[0m _identify(.) by extensions ['ros']
[2.876s] [34mcolcon.colcon_core.package_identification[0m [1;30mLevel 1[0m _identify(.) by extension 'ros'
[3.090s] [34mcolcon.colcon_core.package_identification[0m [1;30mLevel 1[0m _identify(.) by extensions ['cmake', 'python']
[3.091s] [34mcolcon.colcon_core.package_identification[0m [1;30mLevel 1[0m _identify(.) by extension 'cmake'
[3.091s] [34mcolcon.colcon_core.package_identification[0m [1;30mLevel 1[0m _identify(.) by extension 'python'
[3.091s] [34mcolcon.colcon_core.package_identification[0m [1;30mLevel 1[0m _identify(.) by extensions ['python_setup_py']
[3.091s] [34mcolcon.colcon_core.package_identification[0m [1;30mLevel 1[0m _identify(.) by extension 'python_setup_py'
[3.092s] [34mcolcon.colcon_core.package_identification[0m [1;30mLevel 1[0m _identify(build) by extensions ['ignore', 'ignore_ament_install']
[3.092s] [34mcolcon.colcon_core.package_identification[0m [1;30mLevel 1[0m _identify(build) by extension 'ignore'
[3.093s] [34mcolcon.colcon_core.package_identification[0m [1;30mLevel 1[0m _identify(build) ignored
[3.093s] [34mcolcon.colcon_core.package_identification[0m [1;30mLevel 1[0m _identify(install) by extensions ['ignore', 'ignore_ament_install']
[3.093s] [34mcolcon.colcon_core.package_identification[0m [1;30mLevel 1[0m _identify(install) by extension 'ignore'
[3.094s] [34mcolcon.colcon_core.package_identification[0m [1;30mLevel 1[0m _identify(install) ignored
[3.097s] [34mcolcon.colcon_core.package_identification[0m [1;30mLevel 1[0m _identify(log) by extensions ['ignore', 'ignore_ament_install']
[3.097s] [34mcolcon.colcon_core.package_identification[0m [1;30mLevel 1[0m _identify(log) by extension 'ignore'
[3.097s] [34mcolcon.colcon_core.package_identification[0m [1;30mLevel 1[0m _identify(log) ignored
[3.098s] [34mcolcon.colcon_core.package_identification[0m [1;30mLevel 1[0m _identify(src) by extensions ['ignore', 'ignore_ament_install']
[3.098s] [34mcolcon.colcon_core.package_identification[0m [1;30mLevel 1[0m _identify(src) by extension 'ignore'
[3.098s] [34mcolcon.colcon_core.package_identification[0m [1;30mLevel 1[0m _identify(src) by extension 'ignore_ament_install'
[3.098s] [34mcolcon.colcon_core.package_identification[0m [1;30mLevel 1[0m _identify(src) by extensions ['colcon_pkg']
[3.099s] [34mcolcon.colcon_core.package_identification[0m [1;30mLevel 1[0m _identify(src) by extension 'colcon_pkg'
[3.099s] [34mcolcon.colcon_core.package_identification[0m [1;30mLevel 1[0m _identify(src) by extensions ['colcon_meta']
[3.099s] [34mcolcon.colcon_core.package_identification[0m [1;30mLevel 1[0m _identify(src) by extension 'colcon_meta'
[3.099s] [34mcolcon.colcon_core.package_identification[0m [1;30mLevel 1[0m _identify(src) by extensions ['ros']
[3.099s] [34mcolcon.colcon_core.package_identification[0m [1;30mLevel 1[0m _identify(src) by extension 'ros'
[3.100s] [34mcolcon.colcon_core.package_identification[0m [1;30mLevel 1[0m _identify(src) by extensions ['cmake', 'python']
[3.100s] [34mcolcon.colcon_core.package_identification[0m [1;30mLevel 1[0m _identify(src) by extension 'cmake'
[3.100s] [34mcolcon.colcon_core.package_identification[0m [1;30mLevel 1[0m _identify(src) by extension 'python'
[3.100s] [34mcolcon.colcon_core.package_identification[0m [1;30mLevel 1[0m _identify(src) by extensions ['python_setup_py']
[3.100s] [34mcolcon.colcon_core.package_identification[0m [1;30mLevel 1[0m _identify(src) by extension 'python_setup_py'
[3.101s] [34mcolcon.colcon_core.package_identification[0m [1;30mLevel 1[0m _identify(src/my_detection_package) by extensions ['ignore', 'ignore_ament_install']
[3.101s] [34mcolcon.colcon_core.package_identification[0m [1;30mLevel 1[0m _identify(src/my_detection_package) by extension 'ignore'
[3.101s] [34mcolcon.colcon_core.package_identification[0m [1;30mLevel 1[0m _identify(src/my_detection_package) by extension 'ignore_ament_install'
[3.102s] [34mcolcon.colcon_core.package_identification[0m [1;30mLevel 1[0m _identify(src/my_detection_package) by extensions ['colcon_pkg']
[3.102s] [34mcolcon.colcon_core.package_identification[0m [1;30mLevel 1[0m _identify(src/my_detection_package) by extension 'colcon_pkg'
[3.102s] [34mcolcon.colcon_core.package_identification[0m [1;30mLevel 1[0m _identify(src/my_detection_package) by extensions ['colcon_meta']
[3.102s] [34mcolcon.colcon_core.package_identification[0m [1;30mLevel 1[0m _identify(src/my_detection_package) by extension 'colcon_meta'
[3.102s] [34mcolcon.colcon_core.package_identification[0m [1;30mLevel 1[0m _identify(src/my_detection_package) by extensions ['ros']
[3.102s] [34mcolcon.colcon_core.package_identification[0m [1;30mLevel 1[0m _identify(src/my_detection_package) by extension 'ros'
[3.139s] [34mcolcon.colcon_core.package_identification[0m [1;30mDEBUG[0m [32mPackage 'src/my_detection_package' with type 'ros.ament_python' and name 'my_detection_package'[0m
[3.139s] [34mcolcon.colcon_core.package_identification[0m [1;30mLevel 1[0m _identify(src/realsense) by extensions ['ignore', 'ignore_ament_install']
[3.140s] [34mcolcon.colcon_core.package_identification[0m [1;30mLevel 1[0m _identify(src/realsense) by extension 'ignore'
[3.140s] [34mcolcon.colcon_core.package_identification[0m [1;30mLevel 1[0m _identify(src/realsense) by extension 'ignore_ament_install'
[3.140s] [34mcolcon.colcon_core.package_identification[0m [1;30mLevel 1[0m _identify(src/realsense) by extensions ['colcon_pkg']
[3.141s] [34mcolcon.colcon_core.package_identification[0m [1;30mLevel 1[0m _identify(src/realsense) by extension 'colcon_pkg'
[3.141s] [34mcolcon.colcon_core.package_identification[0m [1;30mLevel 1[0m _identify(src/realsense) by extensions ['colcon_meta']
[3.141s] [34mcolcon.colcon_core.package_identification[0m [1;30mLevel 1[0m _identify(src/realsense) by extension 'colcon_meta'
[3.141s] [34mcolcon.colcon_core.package_identification[0m [1;30mLevel 1[0m _identify(src/realsense) by extensions ['ros']
[3.141s] [34mcolcon.colcon_core.package_identification[0m [1;30mLevel 1[0m _identify(src/realsense) by extension 'ros'
[3.142s] [34mcolcon.colcon_core.package_identification[0m [1;30mLevel 1[0m _identify(src/realsense) by extensions ['cmake', 'python']
[3.142s] [34mcolcon.colcon_core.package_identification[0m [1;30mLevel 1[0m _identify(src/realsense) by extension 'cmake'
[3.142s] [34mcolcon.colcon_core.package_identification[0m [1;30mLevel 1[0m _identify(src/realsense) by extension 'python'
[3.142s] [34mcolcon.colcon_core.package_identification[0m [1;30mLevel 1[0m _identify(src/realsense) by extensions ['python_setup_py']
[3.142s] [34mcolcon.colcon_core.package_identification[0m [1;30mLevel 1[0m _identify(src/realsense) by extension 'python_setup_py'
[3.143s] [34mcolcon.colcon_core.package_identification[0m [1;30mLevel 1[0m _identify(src/realsense/scripts) by extensions ['ignore', 'ignore_ament_install']
[3.144s] [34mcolcon.colcon_core.package_identification[0m [1;30mLevel 1[0m _identify(src/realsense/scripts) by extension 'ignore'
[3.144s] [34mcolcon.colcon_core.package_identification[0m [1;30mLevel 1[0m _identify(src/realsense/scripts) by extension 'ignore_ament_install'
[3.144s] [34mcolcon.colcon_core.package_identification[0m [1;30mLevel 1[0m _identify(src/realsense/scripts) by extensions ['colcon_pkg']
[3.144s] [34mcolcon.colcon_core.package_identification[0m [1;30mLevel 1[0m _identify(src/realsense/scripts) by extension 'colcon_pkg'
[3.145s] [34mcolcon.colcon_core.package_identification[0m [1;30mLevel 1[0m _identify(src/realsense/scripts) by extensions ['colcon_meta']
[3.145s] [34mcolcon.colcon_core.package_identification[0m [1;30mLevel 1[0m _identify(src/realsense/scripts) by extension 'colcon_meta'
[3.145s] [34mcolcon.colcon_core.package_identification[0m [1;30mLevel 1[0m _identify(src/realsense/scripts) by extensions ['ros']
[3.145s] [34mcolcon.colcon_core.package_identification[0m [1;30mLevel 1[0m _identify(src/realsense/scripts) by extension 'ros'
[3.145s] [34mcolcon.colcon_core.package_identification[0m [1;30mLevel 1[0m _identify(src/realsense/scripts) by extensions ['cmake', 'python']
[3.146s] [34mcolcon.colcon_core.package_identification[0m [1;30mLevel 1[0m _identify(src/realsense/scripts) by extension 'cmake'
[3.146s] [34mcolcon.colcon_core.package_identification[0m [1;30mLevel 1[0m _identify(src/realsense/scripts) by extension 'python'
[3.146s] [34mcolcon.colcon_core.package_identification[0m [1;30mLevel 1[0m _identify(src/realsense/scripts) by extensions ['python_setup_py']
[3.146s] [34mcolcon.colcon_core.package_identification[0m [1;30mLevel 1[0m _identify(src/realsense/scripts) by extension 'python_setup_py'
[3.147s] [34mcolcon.colcon_core.package_identification[0m [1;30mLevel 1[0m _identify(src/realsense-ros) by extensions ['ignore', 'ignore_ament_install']
[3.147s] [34mcolcon.colcon_core.package_identification[0m [1;30mLevel 1[0m _identify(src/realsense-ros) by extension 'ignore'
[3.147s] [34mcolcon.colcon_core.package_identification[0m [1;30mLevel 1[0m _identify(src/realsense-ros) by extension 'ignore_ament_install'
[3.147s] [34mcolcon.colcon_core.package_identification[0m [1;30mLevel 1[0m _identify(src/realsense-ros) by extensions ['colcon_pkg']
[3.148s] [34mcolcon.colcon_core.package_identification[0m [1;30mLevel 1[0m _identify(src/realsense-ros) by extension 'colcon_pkg'
[3.148s] [34mcolcon.colcon_core.package_identification[0m [1;30mLevel 1[0m _identify(src/realsense-ros) by extensions ['colcon_meta']
[3.148s] [34mcolcon.colcon_core.package_identification[0m [1;30mLevel 1[0m _identify(src/realsense-ros) by extension 'colcon_meta'
[3.148s] [34mcolcon.colcon_core.package_identification[0m [1;30mLevel 1[0m _identify(src/realsense-ros) by extensions ['ros']
[3.148s] [34mcolcon.colcon_core.package_identification[0m [1;30mLevel 1[0m _identify(src/realsense-ros) by extension 'ros'
[3.149s] [34mcolcon.colcon_core.package_identification[0m [1;30mLevel 1[0m _identify(src/realsense-ros) by extensions ['cmake', 'python']
[3.149s] [34mcolcon.colcon_core.package_identification[0m [1;30mLevel 1[0m _identify(src/realsense-ros) by extension 'cmake'
[3.149s] [34mcolcon.colcon_core.package_identification[0m [1;30mLevel 1[0m _identify(src/realsense-ros) by extension 'python'
[3.149s] [34mcolcon.colcon_core.package_identification[0m [1;30mLevel 1[0m _identify(src/realsense-ros) by extensions ['python_setup_py']
[3.149s] [34mcolcon.colcon_core.package_identification[0m [1;30mLevel 1[0m _identify(src/realsense-ros) by extension 'python_setup_py'
[3.150s] [34mcolcon.colcon_core.package_identification[0m [1;30mLevel 1[0m _identify(src/realsense-ros/realsense2_camera) by extensions ['ignore', 'ignore_ament_install']
[3.150s] [34mcolcon.colcon_core.package_identification[0m [1;30mLevel 1[0m _identify(src/realsense-ros/realsense2_camera) by extension 'ignore'
[3.150s] [34mcolcon.colcon_core.package_identification[0m [1;30mLevel 1[0m _identify(src/realsense-ros/realsense2_camera) by extension 'ignore_ament_install'
[3.151s] [34mcolcon.colcon_core.package_identification[0m [1;30mLevel 1[0m _identify(src/realsense-ros/realsense2_camera) by extensions ['colcon_pkg']
[3.151s] [34mcolcon.colcon_core.package_identification[0m [1;30mLevel 1[0m _identify(src/realsense-ros/realsense2_camera) by extension 'colcon_pkg'
[3.151s] [34mcolcon.colcon_core.package_identification[0m [1;30mLevel 1[0m _identify(src/realsense-ros/realsense2_camera) by extensions ['colcon_meta']
[3.151s] [34mcolcon.colcon_core.package_identification[0m [1;30mLevel 1[0m _identify(src/realsense-ros/realsense2_camera) by extension 'colcon_meta'
[3.151s] [34mcolcon.colcon_core.package_identification[0m [1;30mLevel 1[0m _identify(src/realsense-ros/realsense2_camera) by extensions ['ros']
[3.151s] [34mcolcon.colcon_core.package_identification[0m [1;30mLevel 1[0m _identify(src/realsense-ros/realsense2_camera) by extension 'ros'
[3.177s] [34mcolcon.colcon_core.package_identification[0m [1;30mDEBUG[0m [32mPackage 'src/realsense-ros/realsense2_camera' with type 'ros.ament_cmake' and name 'realsense2_camera'[0m
[3.178s] [34mcolcon.colcon_core.package_identification[0m [1;30mLevel 1[0m _identify(src/realsense-ros/realsense2_camera_msgs) by extensions ['ignore', 'ignore_ament_install']
[3.178s] [34mcolcon.colcon_core.package_identification[0m [1;30mLevel 1[0m _identify(src/realsense-ros/realsense2_camera_msgs) by extension 'ignore'
[3.179s] [34mcolcon.colcon_core.package_identification[0m [1;30mLevel 1[0m _identify(src/realsense-ros/realsense2_camera_msgs) by extension 'ignore_ament_install'
[3.179s] [34mcolcon.colcon_core.package_identification[0m [1;30mLevel 1[0m _identify(src/realsense-ros/realsense2_camera_msgs) by extensions ['colcon_pkg']
[3.179s] [34mcolcon.colcon_core.package_identification[0m [1;30mLevel 1[0m _identify(src/realsense-ros/realsense2_camera_msgs) by extension 'colcon_pkg'
[3.179s] [34mcolcon.colcon_core.package_identification[0m [1;30mLevel 1[0m _identify(src/realsense-ros/realsense2_camera_msgs) by extensions ['colcon_meta']
[3.180s] [34mcolcon.colcon_core.package_identification[0m [1;30mLevel 1[0m _identify(src/realsense-ros/realsense2_camera_msgs) by extension 'colcon_meta'
[3.180s] [34mcolcon.colcon_core.package_identification[0m [1;30mLevel 1[0m _identify(src/realsense-ros/realsense2_camera_msgs) by extensions ['ros']
[3.180s] [34mcolcon.colcon_core.package_identification[0m [1;30mLevel 1[0m _identify(src/realsense-ros/realsense2_camera_msgs) by extension 'ros'
[3.184s] [34mcolcon.colcon_core.package_identification[0m [1;30mDEBUG[0m [32mPackage 'src/realsense-ros/realsense2_camera_msgs' with type 'ros.ament_cmake' and name 'realsense2_camera_msgs'[0m
[3.185s] [34mcolcon.colcon_core.package_identification[0m [1;30mLevel 1[0m _identify(src/realsense-ros/realsense2_description) by extensions ['ignore', 'ignore_ament_install']
[3.185s] [34mcolcon.colcon_core.package_identification[0m [1;30mLevel 1[0m _identify(src/realsense-ros/realsense2_description) by extension 'ignore'
[3.186s] [34mcolcon.colcon_core.package_identification[0m [1;30mLevel 1[0m _identify(src/realsense-ros/realsense2_description) by extension 'ignore_ament_install'
[3.186s] [34mcolcon.colcon_core.package_identification[0m [1;30mLevel 1[0m _identify(src/realsense-ros/realsense2_description) by extensions ['colcon_pkg']
[3.186s] [34mcolcon.colcon_core.package_identification[0m [1;30mLevel 1[0m _identify(src/realsense-ros/realsense2_description) by extension 'colcon_pkg'
[3.186s] [34mcolcon.colcon_core.package_identification[0m [1;30mLevel 1[0m _identify(src/realsense-ros/realsense2_description) by extensions ['colcon_meta']
[3.187s] [34mcolcon.colcon_core.package_identification[0m [1;30mLevel 1[0m _identify(src/realsense-ros/realsense2_description) by extension 'colcon_meta'
[3.187s] [34mcolcon.colcon_core.package_identification[0m [1;30mLevel 1[0m _identify(src/realsense-ros/realsense2_description) by extensions ['ros']
[3.187s] [34mcolcon.colcon_core.package_identification[0m [1;30mLevel 1[0m _identify(src/realsense-ros/realsense2_description) by extension 'ros'
[3.190s] [34mcolcon.colcon_core.package_identification[0m [1;30mDEBUG[0m [32mPackage 'src/realsense-ros/realsense2_description' with type 'ros.ament_cmake' and name 'realsense2_description'[0m
[3.191s] [34mcolcon.colcon_core.package_identification[0m [1;30mLevel 1[0m _identify(src/realsense-ros/scripts) by extensions ['ignore', 'ignore_ament_install']
[3.191s] [34mcolcon.colcon_core.package_identification[0m [1;30mLevel 1[0m _identify(src/realsense-ros/scripts) by extension 'ignore'
[3.191s] [34mcolcon.colcon_core.package_identification[0m [1;30mLevel 1[0m _identify(src/realsense-ros/scripts) by extension 'ignore_ament_install'
[3.191s] [34mcolcon.colcon_core.package_identification[0m [1;30mLevel 1[0m _identify(src/realsense-ros/scripts) by extensions ['colcon_pkg']
[3.192s] [34mcolcon.colcon_core.package_identification[0m [1;30mLevel 1[0m _identify(src/realsense-ros/scripts) by extension 'colcon_pkg'
[3.192s] [34mcolcon.colcon_core.package_identification[0m [1;30mLevel 1[0m _identify(src/realsense-ros/scripts) by extensions ['colcon_meta']
[3.192s] [34mcolcon.colcon_core.package_identification[0m [1;30mLevel 1[0m _identify(src/realsense-ros/scripts) by extension 'colcon_meta'
[3.192s] [34mcolcon.colcon_core.package_identification[0m [1;30mLevel 1[0m _identify(src/realsense-ros/scripts) by extensions ['ros']
[3.192s] [34mcolcon.colcon_core.package_identification[0m [1;30mLevel 1[0m _identify(src/realsense-ros/scripts) by extension 'ros'
[3.193s] [34mcolcon.colcon_core.package_identification[0m [1;30mLevel 1[0m _identify(src/realsense-ros/scripts) by extensions ['cmake', 'python']
[3.193s] [34mcolcon.colcon_core.package_identification[0m [1;30mLevel 1[0m _identify(src/realsense-ros/scripts) by extension 'cmake'
[3.193s] [34mcolcon.colcon_core.package_identification[0m [1;30mLevel 1[0m _identify(src/realsense-ros/scripts) by extension 'python'
[3.193s] [34mcolcon.colcon_core.package_identification[0m [1;30mLevel 1[0m _identify(src/realsense-ros/scripts) by extensions ['python_setup_py']
[3.193s] [34mcolcon.colcon_core.package_identification[0m [1;30mLevel 1[0m _identify(src/realsense-ros/scripts) by extension 'python_setup_py'
[3.193s] [34mcolcon.colcon_core.package_discovery[0m [1;30mLevel 1[0m discover_packages(recursive) using defaults
[3.194s] [34mcolcon.colcon_core.package_discovery[0m [1;30mLevel 1[0m discover_packages(ignore) discover
[3.194s] [34mcolcon.colcon_core.package_discovery[0m [1;30mLevel 1[0m discover_packages(ignore) using defaults
[3.194s] [34mcolcon.colcon_core.package_discovery[0m [1;30mLevel 1[0m discover_packages(path) discover
[3.194s] [34mcolcon.colcon_core.package_discovery[0m [1;30mLevel 1[0m discover_packages(path) using defaults
[3.321s] [34mcolcon.colcon_core.package_discovery[0m [1;30mLevel 1[0m discover_packages(prefix_path) check parameters
[3.322s] [34mcolcon.colcon_core.package_discovery[0m [1;30mLevel 1[0m discover_packages(prefix_path) discover
[3.329s] [34mcolcon.colcon_core.package_discovery[0m [1;30mLevel 1[0m discover_packages(prefix_path) using defaults
[3.337s] [34mcolcon.colcon_core.verb[0m [1;30mLevel 5[0m set package 'my_detection_package' build argument 'cmake_args' from command line to 'None'
[3.337s] [34mcolcon.colcon_core.verb[0m [1;30mLevel 5[0m set package 'my_detection_package' build argument 'cmake_target' from command line to 'None'
[3.337s] [34mcolcon.colcon_core.verb[0m [1;30mLevel 5[0m set package 'my_detection_package' build argument 'cmake_target_skip_unavailable' from command line to 'False'
[3.337s] [34mcolcon.colcon_core.verb[0m [1;30mLevel 5[0m set package 'my_detection_package' build argument 'cmake_clean_cache' from command line to 'False'
[3.337s] [34mcolcon.colcon_core.verb[0m [1;30mLevel 5[0m set package 'my_detection_package' build argument 'cmake_clean_first' from command line to 'False'
[3.337s] [34mcolcon.colcon_core.verb[0m [1;30mLevel 5[0m set package 'my_detection_package' build argument 'cmake_force_configure' from command line to 'False'
[3.337s] [34mcolcon.colcon_core.verb[0m [1;30mLevel 5[0m set package 'my_detection_package' build argument 'ament_cmake_args' from command line to 'None'
[3.338s] [34mcolcon.colcon_core.verb[0m [1;30mLevel 5[0m set package 'my_detection_package' build argument 'catkin_cmake_args' from command line to 'None'
[3.338s] [34mcolcon.colcon_core.verb[0m [1;30mLevel 5[0m set package 'my_detection_package' build argument 'catkin_skip_building_tests' from command line to 'False'
[3.338s] [34mcolcon.colcon_core.verb[0m [1;30mDEBUG[0m [32mBuilding package 'my_detection_package' with the following arguments: {'ament_cmake_args': None, 'build_base': '/home/teamojasdv/ros2_ws/build/my_detection_package', 'catkin_cmake_args': None, 'catkin_skip_building_tests': False, 'cmake_args': None, 'cmake_clean_cache': False, 'cmake_clean_first': False, 'cmake_force_configure': False, 'cmake_target': None, 'cmake_target_skip_unavailable': False, 'install_base': '/home/teamojasdv/ros2_ws/install/my_detection_package', 'merge_install': False, 'path': '/home/teamojasdv/ros2_ws/src/my_detection_package', 'symlink_install': True, 'test_result_base': None}[0m
[3.339s] [34mcolcon.colcon_core.verb[0m [1;30mLevel 5[0m set package 'realsense2_camera_msgs' build argument 'cmake_args' from command line to 'None'
[3.339s] [34mcolcon.colcon_core.verb[0m [1;30mLevel 5[0m set package 'realsense2_camera_msgs' build argument 'cmake_target' from command line to 'None'
[3.339s] [34mcolcon.colcon_core.verb[0m [1;30mLevel 5[0m set package 'realsense2_camera_msgs' build argument 'cmake_target_skip_unavailable' from command line to 'False'
[3.340s] [34mcolcon.colcon_core.verb[0m [1;30mLevel 5[0m set package 'realsense2_camera_msgs' build argument 'cmake_clean_cache' from command line to 'False'
[3.340s] [34mcolcon.colcon_core.verb[0m [1;30mLevel 5[0m set package 'realsense2_camera_msgs' build argument 'cmake_clean_first' from command line to 'False'
[3.340s] [34mcolcon.colcon_core.verb[0m [1;30mLevel 5[0m set package 'realsense2_camera_msgs' build argument 'cmake_force_configure' from command line to 'False'
[3.340s] [34mcolcon.colcon_core.verb[0m [1;30mLevel 5[0m set package 'realsense2_camera_msgs' build argument 'ament_cmake_args' from command line to 'None'
[3.340s] [34mcolcon.colcon_core.verb[0m [1;30mLevel 5[0m set package 'realsense2_camera_msgs' build argument 'catkin_cmake_args' from command line to 'None'
[3.340s] [34mcolcon.colcon_core.verb[0m [1;30mLevel 5[0m set package 'realsense2_camera_msgs' build argument 'catkin_skip_building_tests' from command line to 'False'
[3.340s] [34mcolcon.colcon_core.verb[0m [1;30mDEBUG[0m [32mBuilding package 'realsense2_camera_msgs' with the following arguments: {'ament_cmake_args': None, 'build_base': '/home/teamojasdv/ros2_ws/build/realsense2_camera_msgs', 'catkin_cmake_args': None, 'catkin_skip_building_tests': False, 'cmake_args': None, 'cmake_clean_cache': False, 'cmake_clean_first': False, 'cmake_force_configure': False, 'cmake_target': None, 'cmake_target_skip_unavailable': False, 'install_base': '/home/teamojasdv/ros2_ws/install/realsense2_camera_msgs', 'merge_install': False, 'path': '/home/teamojasdv/ros2_ws/src/realsense-ros/realsense2_camera_msgs', 'symlink_install': True, 'test_result_base': None}[0m
[3.342s] [34mcolcon.colcon_core.verb[0m [1;30mLevel 5[0m set package 'realsense2_camera' build argument 'cmake_args' from command line to 'None'
[3.342s] [34mcolcon.colcon_core.verb[0m [1;30mLevel 5[0m set package 'realsense2_camera' build argument 'cmake_target' from command line to 'None'
[3.342s] [34mcolcon.colcon_core.verb[0m [1;30mLevel 5[0m set package 'realsense2_camera' build argument 'cmake_target_skip_unavailable' from command line to 'False'
[3.342s] [34mcolcon.colcon_core.verb[0m [1;30mLevel 5[0m set package 'realsense2_camera' build argument 'cmake_clean_cache' from command line to 'False'
[3.342s] [34mcolcon.colcon_core.verb[0m [1;30mLevel 5[0m set package 'realsense2_camera' build argument 'cmake_clean_first' from command line to 'False'
[3.342s] [34mcolcon.colcon_core.verb[0m [1;30mLevel 5[0m set package 'realsense2_camera' build argument 'cmake_force_configure' from command line to 'False'
[3.342s] [34mcolcon.colcon_core.verb[0m [1;30mLevel 5[0m set package 'realsense2_camera' build argument 'ament_cmake_args' from command line to 'None'
[3.342s] [34mcolcon.colcon_core.verb[0m [1;30mLevel 5[0m set package 'realsense2_camera' build argument 'catkin_cmake_args' from command line to 'None'
[3.342s] [34mcolcon.colcon_core.verb[0m [1;30mLevel 5[0m set package 'realsense2_camera' build argument 'catkin_skip_building_tests' from command line to 'False'
[3.343s] [34mcolcon.colcon_core.verb[0m [1;30mDEBUG[0m [32mBuilding package 'realsense2_camera' with the following arguments: {'ament_cmake_args': None, 'build_base': '/home/teamojasdv/ros2_ws/build/realsense2_camera', 'catkin_cmake_args': None, 'catkin_skip_building_tests': False, 'cmake_args': None, 'cmake_clean_cache': False, 'cmake_clean_first': False, 'cmake_force_configure': False, 'cmake_target': None, 'cmake_target_skip_unavailable': False, 'install_base': '/home/teamojasdv/ros2_ws/install/realsense2_camera', 'merge_install': False, 'path': '/home/teamojasdv/ros2_ws/src/realsense-ros/realsense2_camera', 'symlink_install': True, 'test_result_base': None}[0m
[3.344s] [34mcolcon.colcon_core.verb[0m [1;30mLevel 5[0m set package 'realsense2_description' build argument 'cmake_args' from command line to 'None'
[3.344s] [34mcolcon.colcon_core.verb[0m [1;30mLevel 5[0m set package 'realsense2_description' build argument 'cmake_target' from command line to 'None'
[3.344s] [34mcolcon.colcon_core.verb[0m [1;30mLevel 5[0m set package 'realsense2_description' build argument 'cmake_target_skip_unavailable' from command line to 'False'
[3.344s] [34mcolcon.colcon_core.verb[0m [1;30mLevel 5[0m set package 'realsense2_description' build argument 'cmake_clean_cache' from command line to 'False'
[3.344s] [34mcolcon.colcon_core.verb[0m [1;30mLevel 5[0m set package 'realsense2_description' build argument 'cmake_clean_first' from command line to 'False'
[3.345s] [34mcolcon.colcon_core.verb[0m [1;30mLevel 5[0m set package 'realsense2_description' build argument 'cmake_force_configure' from command line to 'False'
[3.345s] [34mcolcon.colcon_core.verb[0m [1;30mLevel 5[0m set package 'realsense2_description' build argument 'ament_cmake_args' from command line to 'None'
[3.345s] [34mcolcon.colcon_core.verb[0m [1;30mLevel 5[0m set package 'realsense2_description' build argument 'catkin_cmake_args' from command line to 'None'
[3.345s] [34mcolcon.colcon_core.verb[0m [1;30mLevel 5[0m set package 'realsense2_description' build argument 'catkin_skip_building_tests' from command line to 'False'
[3.345s] [34mcolcon.colcon_core.verb[0m [1;30mDEBUG[0m [32mBuilding package 'realsense2_description' with the following arguments: {'ament_cmake_args': None, 'build_base': '/home/teamojasdv/ros2_ws/build/realsense2_description', 'catkin_cmake_args': None, 'catkin_skip_building_tests': False, 'cmake_args': None, 'cmake_clean_cache': False, 'cmake_clean_first': False, 'cmake_force_configure': False, 'cmake_target': None, 'cmake_target_skip_unavailable': False, 'install_base': '/home/teamojasdv/ros2_ws/install/realsense2_description', 'merge_install': False, 'path': '/home/teamojasdv/ros2_ws/src/realsense-ros/realsense2_description', 'symlink_install': True, 'test_result_base': None}[0m
[3.345s] [34mcolcon.colcon_core.executor[0m [1;30mINFO[0m Executing jobs using 'parallel' executor
[3.350s] [34mcolcon.colcon_parallel_executor.executor.parallel[0m [1;30mDEBUG[0m [32mrun_until_complete[0m
[3.351s] [34mcolcon.colcon_ros.task.ament_cmake.build[0m [1;30mINFO[0m Building ROS package in '/home/teamojasdv/ros2_ws/src/realsense-ros/realsense2_camera_msgs' with build type 'ament_cmake'
[3.352s] [34mcolcon.colcon_cmake.task.cmake.build[0m [1;30mINFO[0m Building CMake package in '/home/teamojasdv/ros2_ws/src/realsense-ros/realsense2_camera_msgs'
[3.377s] [34mcolcon.colcon_core.plugin_system[0m [1;30mINFO[0m Skipping extension 'colcon_core.shell.bat': Not used on non-Windows systems
[3.378s] [34mcolcon.colcon_core.shell[0m [1;30mINFO[0m Skip shell extension 'powershell' for command environment: Not usable outside of PowerShell
[3.378s] [34mcolcon.colcon_core.shell[0m [1;30mDEBUG[0m [32mSkip shell extension 'dsv' for command environment[0m
[3.387s] [34mcolcon.colcon_ros.task.ament_python.build[0m [1;30mINFO[0m Building ROS package in '/home/teamojasdv/ros2_ws/src/my_detection_package' with build type 'ament_python'
[3.387s] [34mcolcon.colcon_core.shell[0m [1;30mLevel 1[0m create_environment_hook('my_detection_package', 'ament_prefix_path')
[3.388s] [34mcolcon.colcon_core.shell[0m [1;30mINFO[0m Creating environment hook '/home/teamojasdv/ros2_ws/install/my_detection_package/share/my_detection_package/hook/ament_prefix_path.ps1'
[3.394s] [34mcolcon.colcon_core.shell[0m [1;30mINFO[0m Creating environment descriptor '/home/teamojasdv/ros2_ws/install/my_detection_package/share/my_detection_package/hook/ament_prefix_path.dsv'
[3.401s] [34mcolcon.colcon_core.shell[0m [1;30mINFO[0m Creating environment hook '/home/teamojasdv/ros2_ws/install/my_detection_package/share/my_detection_package/hook/ament_prefix_path.sh'
[3.411s] [34mcolcon.colcon_core.shell[0m [1;30mINFO[0m Skip shell extension 'powershell' for command environment: Not usable outside of PowerShell
[3.412s] [34mcolcon.colcon_core.shell[0m [1;30mDEBUG[0m [32mSkip shell extension 'dsv' for command environment[0m
[3.429s] [34mcolcon.colcon_core.event_handler.log_command[0m [1;30mDEBUG[0m [32mInvoking command in '/home/teamojasdv/ros2_ws/build/realsense2_camera_msgs': /usr/bin/cmake --build /home/teamojasdv/ros2_ws/build/realsense2_camera_msgs -- -j6 -l6[0m
[5.081s] [34mcolcon.colcon_core.task.python.build[0m [1;30mINFO[0m Building Python package in '/home/teamojasdv/ros2_ws/src/my_detection_package'
[5.082s] [34mcolcon.colcon_core.shell[0m [1;30mINFO[0m Skip shell extension 'powershell' for command environment: Not usable outside of PowerShell
[5.082s] [34mcolcon.colcon_core.shell[0m [1;30mDEBUG[0m [32mSkip shell extension 'dsv' for command environment[0m
[6.413s] [34mcolcon.colcon_core.event_handler.log_command[0m [1;30mDEBUG[0m [32mInvoked command in '/home/teamojasdv/ros2_ws/build/realsense2_camera_msgs' returned '0': /usr/bin/cmake --build /home/teamojasdv/ros2_ws/build/realsense2_camera_msgs -- -j6 -l6[0m
[6.688s] [34mcolcon.colcon_core.event_handler.log_command[0m [1;30mDEBUG[0m [32mInvoking command in '/home/teamojasdv/ros2_ws/build/realsense2_camera_msgs': /usr/bin/cmake --install /home/teamojasdv/ros2_ws/build/realsense2_camera_msgs[0m
[6.874s] [34mcolcon.colcon_core.environment[0m [1;30mLevel 1[0m create_environment_scripts_only(realsense2_camera_msgs)
[6.876s] [34mcolcon.colcon_core.event_handler.log_command[0m [1;30mDEBUG[0m [32mInvoked command in '/home/teamojasdv/ros2_ws/build/realsense2_camera_msgs' returned '0': /usr/bin/cmake --install /home/teamojasdv/ros2_ws/build/realsense2_camera_msgs[0m
[6.921s] [34mcolcon.colcon_core.environment[0m [1;30mLevel 1[0m checking '/home/teamojasdv/ros2_ws/install/realsense2_camera_msgs' for CMake module files
[6.923s] [34mcolcon.colcon_core.environment[0m [1;30mLevel 1[0m checking '/home/teamojasdv/ros2_ws/install/realsense2_camera_msgs' for CMake config files
[6.925s] [34mcolcon.colcon_core.shell[0m [1;30mLevel 1[0m create_environment_hook('realsense2_camera_msgs', 'cmake_prefix_path')
[6.926s] [34mcolcon.colcon_core.shell[0m [1;30mINFO[0m Creating environment hook '/home/teamojasdv/ros2_ws/install/realsense2_camera_msgs/share/realsense2_camera_msgs/hook/cmake_prefix_path.ps1'
[6.927s] [34mcolcon.colcon_core.shell[0m [1;30mINFO[0m Creating environment descriptor '/home/teamojasdv/ros2_ws/install/realsense2_camera_msgs/share/realsense2_camera_msgs/hook/cmake_prefix_path.dsv'
[6.928s] [34mcolcon.colcon_core.shell[0m [1;30mINFO[0m Creating environment hook '/home/teamojasdv/ros2_ws/install/realsense2_camera_msgs/share/realsense2_camera_msgs/hook/cmake_prefix_path.sh'
[6.930s] [34mcolcon.colcon_core.environment[0m [1;30mLevel 1[0m checking '/home/teamojasdv/ros2_ws/install/realsense2_camera_msgs/lib'
[6.931s] [34mcolcon.colcon_core.shell[0m [1;30mLevel 1[0m create_environment_hook('realsense2_camera_msgs', 'ld_library_path_lib')
[6.931s] [34mcolcon.colcon_core.shell[0m [1;30mINFO[0m Creating environment hook '/home/teamojasdv/ros2_ws/install/realsense2_camera_msgs/share/realsense2_camera_msgs/hook/ld_library_path_lib.ps1'
[6.932s] [34mcolcon.colcon_core.shell[0m [1;30mINFO[0m Creating environment descriptor '/home/teamojasdv/ros2_ws/install/realsense2_camera_msgs/share/realsense2_camera_msgs/hook/ld_library_path_lib.dsv'
[6.933s] [34mcolcon.colcon_core.shell[0m [1;30mINFO[0m Creating environment hook '/home/teamojasdv/ros2_ws/install/realsense2_camera_msgs/share/realsense2_camera_msgs/hook/ld_library_path_lib.sh'
[6.934s] [34mcolcon.colcon_core.environment[0m [1;30mLevel 1[0m checking '/home/teamojasdv/ros2_ws/install/realsense2_camera_msgs/bin'
[6.935s] [34mcolcon.colcon_core.environment[0m [1;30mLevel 1[0m checking '/home/teamojasdv/ros2_ws/install/realsense2_camera_msgs/lib/pkgconfig/realsense2_camera_msgs.pc'
[6.936s] [34mcolcon.colcon_core.environment[0m [1;30mLevel 1[0m checking '/home/teamojasdv/ros2_ws/install/realsense2_camera_msgs/lib/python3.10/site-packages'
[6.936s] [34mcolcon.colcon_core.environment[0m [1;30mLevel 1[0m checking '/home/teamojasdv/ros2_ws/install/realsense2_camera_msgs/bin'
[6.938s] [34mcolcon.colcon_core.shell[0m [1;30mINFO[0m Creating package script '/home/teamojasdv/ros2_ws/install/realsense2_camera_msgs/share/realsense2_camera_msgs/package.ps1'
[6.952s] [34mcolcon.colcon_core.shell[0m [1;30mINFO[0m Creating package descriptor '/home/teamojasdv/ros2_ws/install/realsense2_camera_msgs/share/realsense2_camera_msgs/package.dsv'
[6.963s] [34mcolcon.colcon_core.shell[0m [1;30mINFO[0m Creating package script '/home/teamojasdv/ros2_ws/install/realsense2_camera_msgs/share/realsense2_camera_msgs/package.sh'
[6.969s] [34mcolcon.colcon_core.shell[0m [1;30mINFO[0m Creating package script '/home/teamojasdv/ros2_ws/install/realsense2_camera_msgs/share/realsense2_camera_msgs/package.bash'
[6.977s] [34mcolcon.colcon_core.shell[0m [1;30mINFO[0m Creating package script '/home/teamojasdv/ros2_ws/install/realsense2_camera_msgs/share/realsense2_camera_msgs/package.zsh'
[6.983s] [34mcolcon.colcon_core.environment[0m [1;30mLevel 1[0m create_file_with_runtime_dependencies(/home/teamojasdv/ros2_ws/install/realsense2_camera_msgs/share/colcon-core/packages/realsense2_camera_msgs)
[7.230s] [34mcolcon.colcon_core.environment[0m [1;30mLevel 1[0m create_environment_scripts_only(realsense2_camera_msgs)
[7.230s] [34mcolcon.colcon_core.environment[0m [1;30mLevel 1[0m checking '/home/teamojasdv/ros2_ws/install/realsense2_camera_msgs' for CMake module files
[7.232s] [34mcolcon.colcon_core.environment[0m [1;30mLevel 1[0m checking '/home/teamojasdv/ros2_ws/install/realsense2_camera_msgs' for CMake config files
[7.235s] [34mcolcon.colcon_core.shell[0m [1;30mLevel 1[0m create_environment_hook('realsense2_camera_msgs', 'cmake_prefix_path')
[7.236s] [34mcolcon.colcon_core.shell[0m [1;30mINFO[0m Creating environment hook '/home/teamojasdv/ros2_ws/install/realsense2_camera_msgs/share/realsense2_camera_msgs/hook/cmake_prefix_path.ps1'
[7.238s] [34mcolcon.colcon_core.shell[0m [1;30mINFO[0m Creating environment descriptor '/home/teamojasdv/ros2_ws/install/realsense2_camera_msgs/share/realsense2_camera_msgs/hook/cmake_prefix_path.dsv'
[7.239s] [34mcolcon.colcon_core.shell[0m [1;30mINFO[0m Creating environment hook '/home/teamojasdv/ros2_ws/install/realsense2_camera_msgs/share/realsense2_camera_msgs/hook/cmake_prefix_path.sh'
[7.241s] [34mcolcon.colcon_core.environment[0m [1;30mLevel 1[0m checking '/home/teamojasdv/ros2_ws/install/realsense2_camera_msgs/lib'
[7.241s] [34mcolcon.colcon_core.shell[0m [1;30mLevel 1[0m create_environment_hook('realsense2_camera_msgs', 'ld_library_path_lib')
[7.242s] [34mcolcon.colcon_core.shell[0m [1;30mINFO[0m Creating environment hook '/home/teamojasdv/ros2_ws/install/realsense2_camera_msgs/share/realsense2_camera_msgs/hook/ld_library_path_lib.ps1'
[7.244s] [34mcolcon.colcon_core.shell[0m [1;30mINFO[0m Creating environment descriptor '/home/teamojasdv/ros2_ws/install/realsense2_camera_msgs/share/realsense2_camera_msgs/hook/ld_library_path_lib.dsv'
[7.245s] [34mcolcon.colcon_core.shell[0m [1;30mINFO[0m Creating environment hook '/home/teamojasdv/ros2_ws/install/realsense2_camera_msgs/share/realsense2_camera_msgs/hook/ld_library_path_lib.sh'
[7.246s] [34mcolcon.colcon_core.environment[0m [1;30mLevel 1[0m checking '/home/teamojasdv/ros2_ws/install/realsense2_camera_msgs/bin'
[7.246s] [34mcolcon.colcon_core.environment[0m [1;30mLevel 1[0m checking '/home/teamojasdv/ros2_ws/install/realsense2_camera_msgs/lib/pkgconfig/realsense2_camera_msgs.pc'
[7.247s] [34mcolcon.colcon_core.environment[0m [1;30mLevel 1[0m checking '/home/teamojasdv/ros2_ws/install/realsense2_camera_msgs/lib/python3.10/site-packages'
[7.248s] [34mcolcon.colcon_core.environment[0m [1;30mLevel 1[0m checking '/home/teamojasdv/ros2_ws/install/realsense2_camera_msgs/bin'
[7.249s] [34mcolcon.colcon_core.shell[0m [1;30mINFO[0m Creating package script '/home/teamojasdv/ros2_ws/install/realsense2_camera_msgs/share/realsense2_camera_msgs/package.ps1'
[7.251s] [34mcolcon.colcon_core.shell[0m [1;30mINFO[0m Creating package descriptor '/home/teamojasdv/ros2_ws/install/realsense2_camera_msgs/share/realsense2_camera_msgs/package.dsv'
[7.253s] [34mcolcon.colcon_core.shell[0m [1;30mINFO[0m Creating package script '/home/teamojasdv/ros2_ws/install/realsense2_camera_msgs/share/realsense2_camera_msgs/package.sh'
[7.254s] [34mcolcon.colcon_core.shell[0m [1;30mINFO[0m Creating package script '/home/teamojasdv/ros2_ws/install/realsense2_camera_msgs/share/realsense2_camera_msgs/package.bash'
[7.256s] [34mcolcon.colcon_core.shell[0m [1;30mINFO[0m Creating package script '/home/teamojasdv/ros2_ws/install/realsense2_camera_msgs/share/realsense2_camera_msgs/package.zsh'
[7.257s] [34mcolcon.colcon_core.environment[0m [1;30mLevel 1[0m create_file_with_runtime_dependencies(/home/teamojasdv/ros2_ws/install/realsense2_camera_msgs/share/colcon-core/packages/realsense2_camera_msgs)
[7.258s] [34mcolcon.colcon_ros.task.ament_cmake.build[0m [1;30mINFO[0m Building ROS package in '/home/teamojasdv/ros2_ws/src/realsense-ros/realsense2_camera' with build type 'ament_cmake'
[7.259s] [34mcolcon.colcon_cmake.task.cmake.build[0m [1;30mINFO[0m Building CMake package in '/home/teamojasdv/ros2_ws/src/realsense-ros/realsense2_camera'
[7.260s] [34mcolcon.colcon_core.shell[0m [1;30mINFO[0m Skip shell extension 'powershell' for command environment: Not usable outside of PowerShell
[7.260s] [34mcolcon.colcon_core.shell[0m [1;30mDEBUG[0m [32mSkip shell extension 'dsv' for command environment[0m
[7.265s] [34mcolcon.colcon_ros.task.ament_cmake.build[0m [1;30mINFO[0m Building ROS package in '/home/teamojasdv/ros2_ws/src/realsense-ros/realsense2_description' with build type 'ament_cmake'
[7.266s] [34mcolcon.colcon_cmake.task.cmake.build[0m [1;30mINFO[0m Building CMake package in '/home/teamojasdv/ros2_ws/src/realsense-ros/realsense2_description'
[7.266s] [34mcolcon.colcon_core.shell[0m [1;30mINFO[0m Skip shell extension 'powershell' for command environment: Not usable outside of PowerShell
[7.267s] [34mcolcon.colcon_core.shell[0m [1;30mDEBUG[0m [32mSkip shell extension 'dsv' for command environment[0m
[7.309s] [34mcolcon.colcon_core.event_handler.log_command[0m [1;30mDEBUG[0m [32mInvoking command in '/home/teamojasdv/ros2_ws/build/realsense2_camera': AMENT_PREFIX_PATH=/home/teamojasdv/ros2_ws/install/realsense2_camera_msgs CMAKE_PREFIX_PATH=/home/teamojasdv/ros2_ws/install/realsense2_camera_msgs LD_LIBRARY_PATH=/home/teamojasdv/ros2_ws/install/realsense2_camera_msgs/lib:/usr/local/lib:/usr/local/lib:/usr/local/cuda-12.2/lib64 PYTHONPATH=/home/teamojasdv/ros2_ws/install/realsense2_camera_msgs/local/lib/python3.10/dist-packages:${PYTHONPATH} /usr/bin/cmake --build /home/teamojasdv/ros2_ws/build/realsense2_camera -- -j6 -l6[0m
[7.317s] [34mcolcon.colcon_core.event_handler.log_command[0m [1;30mDEBUG[0m [32mInvoking command in '/home/teamojasdv/ros2_ws/build/realsense2_description': AMENT_PREFIX_PATH=/home/teamojasdv/ros2_ws/install/realsense2_camera_msgs CMAKE_PREFIX_PATH=/home/teamojasdv/ros2_ws/install/realsense2_camera_msgs LD_LIBRARY_PATH=/home/teamojasdv/ros2_ws/install/realsense2_camera_msgs/lib:/usr/local/lib:/usr/local/lib:/usr/local/cuda-12.2/lib64 PYTHONPATH=/home/teamojasdv/ros2_ws/install/realsense2_camera_msgs/local/lib/python3.10/dist-packages:${PYTHONPATH} /usr/bin/cmake --build /home/teamojasdv/ros2_ws/build/realsense2_description -- -j6 -l6[0m
[7.400s] [34mcolcon.colcon_core.event_handler.log_command[0m [1;30mDEBUG[0m [32mInvoked command in '/home/teamojasdv/ros2_ws/build/realsense2_description' returned '0': AMENT_PREFIX_PATH=/home/teamojasdv/ros2_ws/install/realsense2_camera_msgs CMAKE_PREFIX_PATH=/home/teamojasdv/ros2_ws/install/realsense2_camera_msgs LD_LIBRARY_PATH=/home/teamojasdv/ros2_ws/install/realsense2_camera_msgs/lib:/usr/local/lib:/usr/local/lib:/usr/local/cuda-12.2/lib64 PYTHONPATH=/home/teamojasdv/ros2_ws/install/realsense2_camera_msgs/local/lib/python3.10/dist-packages:${PYTHONPATH} /usr/bin/cmake --build /home/teamojasdv/ros2_ws/build/realsense2_description -- -j6 -l6[0m
[7.456s] [34mcolcon.colcon_core.event_handler.log_command[0m [1;30mDEBUG[0m [32mInvoking command in '/home/teamojasdv/ros2_ws/build/realsense2_description': AMENT_PREFIX_PATH=/home/teamojasdv/ros2_ws/install/realsense2_camera_msgs CMAKE_PREFIX_PATH=/home/teamojasdv/ros2_ws/install/realsense2_camera_msgs LD_LIBRARY_PATH=/home/teamojasdv/ros2_ws/install/realsense2_camera_msgs/lib:/usr/local/lib:/usr/local/lib:/usr/local/cuda-12.2/lib64 PYTHONPATH=/home/teamojasdv/ros2_ws/install/realsense2_camera_msgs/local/lib/python3.10/dist-packages:${PYTHONPATH} /usr/bin/cmake --install /home/teamojasdv/ros2_ws/build/realsense2_description[0m
[7.524s] [34mcolcon.colcon_core.environment[0m [1;30mLevel 1[0m create_environment_scripts_only(realsense2_description)
[7.525s] [34mcolcon.colcon_core.environment[0m [1;30mLevel 1[0m checking '/home/teamojasdv/ros2_ws/install/realsense2_description' for CMake module files
[7.527s] [34mcolcon.colcon_core.event_handler.log_command[0m [1;30mDEBUG[0m [32mInvoked command in '/home/teamojasdv/ros2_ws/build/realsense2_description' returned '0': AMENT_PREFIX_PATH=/home/teamojasdv/ros2_ws/install/realsense2_camera_msgs CMAKE_PREFIX_PATH=/home/teamojasdv/ros2_ws/install/realsense2_camera_msgs LD_LIBRARY_PATH=/home/teamojasdv/ros2_ws/install/realsense2_camera_msgs/lib:/usr/local/lib:/usr/local/lib:/usr/local/cuda-12.2/lib64 PYTHONPATH=/home/teamojasdv/ros2_ws/install/realsense2_camera_msgs/local/lib/python3.10/dist-packages:${PYTHONPATH} /usr/bin/cmake --install /home/teamojasdv/ros2_ws/build/realsense2_description[0m
[7.528s] [34mcolcon.colcon_core.environment[0m [1;30mLevel 1[0m checking '/home/teamojasdv/ros2_ws/install/realsense2_description' for CMake config files
[7.529s] [34mcolcon.colcon_core.shell[0m [1;30mLevel 1[0m create_environment_hook('realsense2_description', 'cmake_prefix_path')
[7.530s] [34mcolcon.colcon_core.shell[0m [1;30mINFO[0m Creating environment hook '/home/teamojasdv/ros2_ws/install/realsense2_description/share/realsense2_description/hook/cmake_prefix_path.ps1'
[7.531s] [34mcolcon.colcon_core.shell[0m [1;30mINFO[0m Creating environment descriptor '/home/teamojasdv/ros2_ws/install/realsense2_description/share/realsense2_description/hook/cmake_prefix_path.dsv'
[7.533s] [34mcolcon.colcon_core.shell[0m [1;30mINFO[0m Creating environment hook '/home/teamojasdv/ros2_ws/install/realsense2_description/share/realsense2_description/hook/cmake_prefix_path.sh'
[7.535s] [34mcolcon.colcon_core.environment[0m [1;30mLevel 1[0m checking '/home/teamojasdv/ros2_ws/install/realsense2_description/bin'
[7.535s] [34mcolcon.colcon_core.environment[0m [1;30mLevel 1[0m checking '/home/teamojasdv/ros2_ws/install/realsense2_description/lib/pkgconfig/realsense2_description.pc'
[7.536s] [34mcolcon.colcon_core.environment[0m [1;30mLevel 1[0m checking '/home/teamojasdv/ros2_ws/install/realsense2_description/lib/python3.10/site-packages'
[7.537s] [34mcolcon.colcon_core.environment[0m [1;30mLevel 1[0m checking '/home/teamojasdv/ros2_ws/install/realsense2_description/bin'
[7.538s] [34mcolcon.colcon_core.shell[0m [1;30mINFO[0m Creating package script '/home/teamojasdv/ros2_ws/install/realsense2_description/share/realsense2_description/package.ps1'
[7.540s] [34mcolcon.colcon_core.shell[0m [1;30mINFO[0m Creating package descriptor '/home/teamojasdv/ros2_ws/install/realsense2_description/share/realsense2_description/package.dsv'
[7.541s] [34mcolcon.colcon_core.shell[0m [1;30mINFO[0m Creating package script '/home/teamojasdv/ros2_ws/install/realsense2_description/share/realsense2_description/package.sh'
[7.543s] [34mcolcon.colcon_core.shell[0m [1;30mINFO[0m Creating package script '/home/teamojasdv/ros2_ws/install/realsense2_description/share/realsense2_description/package.bash'
[7.544s] [34mcolcon.colcon_core.shell[0m [1;30mINFO[0m Creating package script '/home/teamojasdv/ros2_ws/install/realsense2_description/share/realsense2_description/package.zsh'
[7.545s] [34mcolcon.colcon_core.environment[0m [1;30mLevel 1[0m create_file_with_runtime_dependencies(/home/teamojasdv/ros2_ws/install/realsense2_description/share/colcon-core/packages/realsense2_description)
[7.599s] [34mcolcon.colcon_core.environment[0m [1;30mLevel 1[0m create_environment_scripts_only(realsense2_description)
[7.600s] [34mcolcon.colcon_core.environment[0m [1;30mLevel 1[0m checking '/home/teamojasdv/ros2_ws/install/realsense2_description' for CMake module files
[7.601s] [34mcolcon.colcon_core.environment[0m [1;30mLevel 1[0m checking '/home/teamojasdv/ros2_ws/install/realsense2_description' for CMake config files
[7.602s] [34mcolcon.colcon_core.shell[0m [1;30mLevel 1[0m create_environment_hook('realsense2_description', 'cmake_prefix_path')
[7.603s] [34mcolcon.colcon_core.shell[0m [1;30mINFO[0m Creating environment hook '/home/teamojasdv/ros2_ws/install/realsense2_description/share/realsense2_description/hook/cmake_prefix_path.ps1'
[7.604s] [34mcolcon.colcon_core.shell[0m [1;30mINFO[0m Creating environment descriptor '/home/teamojasdv/ros2_ws/install/realsense2_description/share/realsense2_description/hook/cmake_prefix_path.dsv'
[7.605s] [34mcolcon.colcon_core.shell[0m [1;30mINFO[0m Creating environment hook '/home/teamojasdv/ros2_ws/install/realsense2_description/share/realsense2_description/hook/cmake_prefix_path.sh'
[7.607s] [34mcolcon.colcon_core.environment[0m [1;30mLevel 1[0m checking '/home/teamojasdv/ros2_ws/install/realsense2_description/bin'
[7.607s] [34mcolcon.colcon_core.environment[0m [1;30mLevel 1[0m checking '/home/teamojasdv/ros2_ws/install/realsense2_description/lib/pkgconfig/realsense2_description.pc'
[7.608s] [34mcolcon.colcon_core.environment[0m [1;30mLevel 1[0m checking '/home/teamojasdv/ros2_ws/install/realsense2_description/lib/python3.10/site-packages'
[7.608s] [34mcolcon.colcon_core.environment[0m [1;30mLevel 1[0m checking '/home/teamojasdv/ros2_ws/install/realsense2_description/bin'
[7.609s] [34mcolcon.colcon_core.shell[0m [1;30mINFO[0m Creating package script '/home/teamojasdv/ros2_ws/install/realsense2_description/share/realsense2_description/package.ps1'
[7.610s] [34mcolcon.colcon_core.shell[0m [1;30mINFO[0m Creating package descriptor '/home/teamojasdv/ros2_ws/install/realsense2_description/share/realsense2_description/package.dsv'
[7.611s] [34mcolcon.colcon_core.shell[0m [1;30mINFO[0m Creating package script '/home/teamojasdv/ros2_ws/install/realsense2_description/share/realsense2_description/package.sh'
[7.612s] [34mcolcon.colcon_core.shell[0m [1;30mINFO[0m Creating package script '/home/teamojasdv/ros2_ws/install/realsense2_description/share/realsense2_description/package.bash'
[7.613s] [34mcolcon.colcon_core.shell[0m [1;30mINFO[0m Creating package script '/home/teamojasdv/ros2_ws/install/realsense2_description/share/realsense2_description/package.zsh'
[7.614s] [34mcolcon.colcon_core.environment[0m [1;30mLevel 1[0m create_file_with_runtime_dependencies(/home/teamojasdv/ros2_ws/install/realsense2_description/share/colcon-core/packages/realsense2_description)
[7.810s] [34mcolcon.colcon_core.event_handler.log_command[0m [1;30mDEBUG[0m [32mInvoking command in '/home/teamojasdv/ros2_ws/build/my_detection_package': PYTHONPATH=/home/teamojasdv/ros2_ws/build/my_detection_package/prefix_override:/usr/lib/python3/dist-packages/colcon_core/task/python/colcon_distutils_commands:/home/teamojasdv/ros2_ws/install/my_detection_package/lib/python3.10/site-packages:${PYTHONPATH} /usr/bin/python3 -W ignore:setup.py install is deprecated setup.py develop --editable --build-directory /home/teamojasdv/ros2_ws/build/my_detection_package/build --no-deps symlink_data[0m
[7.878s] [34mcolcon.colcon_core.event_handler.log_command[0m [1;30mDEBUG[0m [32mInvoked command in '/home/teamojasdv/ros2_ws/build/realsense2_camera' returned '0': AMENT_PREFIX_PATH=/home/teamojasdv/ros2_ws/install/realsense2_camera_msgs CMAKE_PREFIX_PATH=/home/teamojasdv/ros2_ws/install/realsense2_camera_msgs LD_LIBRARY_PATH=/home/teamojasdv/ros2_ws/install/realsense2_camera_msgs/lib:/usr/local/lib:/usr/local/lib:/usr/local/cuda-12.2/lib64 PYTHONPATH=/home/teamojasdv/ros2_ws/install/realsense2_camera_msgs/local/lib/python3.10/dist-packages:${PYTHONPATH} /usr/bin/cmake --build /home/teamojasdv/ros2_ws/build/realsense2_camera -- -j6 -l6[0m
[7.977s] [34mcolcon.colcon_core.event_handler.log_command[0m [1;30mDEBUG[0m [32mInvoking command in '/home/teamojasdv/ros2_ws/build/realsense2_camera': AMENT_PREFIX_PATH=/home/teamojasdv/ros2_ws/install/realsense2_camera_msgs CMAKE_PREFIX_PATH=/home/teamojasdv/ros2_ws/install/realsense2_camera_msgs LD_LIBRARY_PATH=/home/teamojasdv/ros2_ws/install/realsense2_camera_msgs/lib:/usr/local/lib:/usr/local/lib:/usr/local/cuda-12.2/lib64 PYTHONPATH=/home/teamojasdv/ros2_ws/install/realsense2_camera_msgs/local/lib/python3.10/dist-packages:${PYTHONPATH} /usr/bin/cmake --install /home/teamojasdv/ros2_ws/build/realsense2_camera[0m
[8.031s] [34mcolcon.colcon_core.environment[0m [1;30mLevel 1[0m create_environment_scripts_only(realsense2_camera)
[8.032s] [34mcolcon.colcon_core.environment[0m [1;30mLevel 1[0m checking '/home/teamojasdv/ros2_ws/install/realsense2_camera' for CMake module files
[8.033s] [34mcolcon.colcon_core.event_handler.log_command[0m [1;30mDEBUG[0m [32mInvoked command in '/home/teamojasdv/ros2_ws/build/realsense2_camera' returned '0': AMENT_PREFIX_PATH=/home/teamojasdv/ros2_ws/install/realsense2_camera_msgs CMAKE_PREFIX_PATH=/home/teamojasdv/ros2_ws/install/realsense2_camera_msgs LD_LIBRARY_PATH=/home/teamojasdv/ros2_ws/install/realsense2_camera_msgs/lib:/usr/local/lib:/usr/local/lib:/usr/local/cuda-12.2/lib64 PYTHONPATH=/home/teamojasdv/ros2_ws/install/realsense2_camera_msgs/local/lib/python3.10/dist-packages:${PYTHONPATH} /usr/bin/cmake --install /home/teamojasdv/ros2_ws/build/realsense2_camera[0m
[8.034s] [34mcolcon.colcon_core.environment[0m [1;30mLevel 1[0m checking '/home/teamojasdv/ros2_ws/install/realsense2_camera' for CMake config files
[8.035s] [34mcolcon.colcon_core.shell[0m [1;30mLevel 1[0m create_environment_hook('realsense2_camera', 'cmake_prefix_path')
[8.036s] [34mcolcon.colcon_core.shell[0m [1;30mINFO[0m Creating environment hook '/home/teamojasdv/ros2_ws/install/realsense2_camera/share/realsense2_camera/hook/cmake_prefix_path.ps1'
[8.037s] [34mcolcon.colcon_core.shell[0m [1;30mINFO[0m Creating environment descriptor '/home/teamojasdv/ros2_ws/install/realsense2_camera/share/realsense2_camera/hook/cmake_prefix_path.dsv'
[8.038s] [34mcolcon.colcon_core.shell[0m [1;30mINFO[0m Creating environment hook '/home/teamojasdv/ros2_ws/install/realsense2_camera/share/realsense2_camera/hook/cmake_prefix_path.sh'
[8.039s] [34mcolcon.colcon_core.environment[0m [1;30mLevel 1[0m checking '/home/teamojasdv/ros2_ws/install/realsense2_camera/lib'
[8.039s] [34mcolcon.colcon_core.shell[0m [1;30mLevel 1[0m create_environment_hook('realsense2_camera', 'ld_library_path_lib')
[8.040s] [34mcolcon.colcon_core.shell[0m [1;30mINFO[0m Creating environment hook '/home/teamojasdv/ros2_ws/install/realsense2_camera/share/realsense2_camera/hook/ld_library_path_lib.ps1'
[8.040s] [34mcolcon.colcon_core.shell[0m [1;30mINFO[0m Creating environment descriptor '/home/teamojasdv/ros2_ws/install/realsense2_camera/share/realsense2_camera/hook/ld_library_path_lib.dsv'
[8.041s] [34mcolcon.colcon_core.shell[0m [1;30mINFO[0m Creating environment hook '/home/teamojasdv/ros2_ws/install/realsense2_camera/share/realsense2_camera/hook/ld_library_path_lib.sh'
[8.042s] [34mcolcon.colcon_core.environment[0m [1;30mLevel 1[0m checking '/home/teamojasdv/ros2_ws/install/realsense2_camera/bin'
[8.042s] [34mcolcon.colcon_core.environment[0m [1;30mLevel 1[0m checking '/home/teamojasdv/ros2_ws/install/realsense2_camera/lib/pkgconfig/realsense2_camera.pc'
[8.042s] [34mcolcon.colcon_core.environment[0m [1;30mLevel 1[0m checking '/home/teamojasdv/ros2_ws/install/realsense2_camera/lib/python3.10/site-packages'
[8.043s] [34mcolcon.colcon_core.environment[0m [1;30mLevel 1[0m checking '/home/teamojasdv/ros2_ws/install/realsense2_camera/bin'
[8.043s] [34mcolcon.colcon_core.shell[0m [1;30mINFO[0m Creating package script '/home/teamojasdv/ros2_ws/install/realsense2_camera/share/realsense2_camera/package.ps1'
[8.044s] [34mcolcon.colcon_core.shell[0m [1;30mINFO[0m Creating package descriptor '/home/teamojasdv/ros2_ws/install/realsense2_camera/share/realsense2_camera/package.dsv'
[8.045s] [34mcolcon.colcon_core.shell[0m [1;30mINFO[0m Creating package script '/home/teamojasdv/ros2_ws/install/realsense2_camera/share/realsense2_camera/package.sh'
[8.046s] [34mcolcon.colcon_core.shell[0m [1;30mINFO[0m Creating package script '/home/teamojasdv/ros2_ws/install/realsense2_camera/share/realsense2_camera/package.bash'
[8.047s] [34mcolcon.colcon_core.shell[0m [1;30mINFO[0m Creating package script '/home/teamojasdv/ros2_ws/install/realsense2_camera/share/realsense2_camera/package.zsh'
[8.048s] [34mcolcon.colcon_core.environment[0m [1;30mLevel 1[0m create_file_with_runtime_dependencies(/home/teamojasdv/ros2_ws/install/realsense2_camera/share/colcon-core/packages/realsense2_camera)
[8.141s] [34mcolcon.colcon_core.environment[0m [1;30mLevel 1[0m create_environment_scripts_only(realsense2_camera)
[8.142s] [34mcolcon.colcon_core.environment[0m [1;30mLevel 1[0m checking '/home/teamojasdv/ros2_ws/install/realsense2_camera' for CMake module files
[8.143s] [34mcolcon.colcon_core.environment[0m [1;30mLevel 1[0m checking '/home/teamojasdv/ros2_ws/install/realsense2_camera' for CMake config files
[8.145s] [34mcolcon.colcon_core.shell[0m [1;30mLevel 1[0m create_environment_hook('realsense2_camera', 'cmake_prefix_path')
[8.146s] [34mcolcon.colcon_core.shell[0m [1;30mINFO[0m Creating environment hook '/home/teamojasdv/ros2_ws/install/realsense2_camera/share/realsense2_camera/hook/cmake_prefix_path.ps1'
[8.147s] [34mcolcon.colcon_core.shell[0m [1;30mINFO[0m Creating environment descriptor '/home/teamojasdv/ros2_ws/install/realsense2_camera/share/realsense2_camera/hook/cmake_prefix_path.dsv'
[8.148s] [34mcolcon.colcon_core.shell[0m [1;30mINFO[0m Creating environment hook '/home/teamojasdv/ros2_ws/install/realsense2_camera/share/realsense2_camera/hook/cmake_prefix_path.sh'
[8.150s] [34mcolcon.colcon_core.environment[0m [1;30mLevel 1[0m checking '/home/teamojasdv/ros2_ws/install/realsense2_camera/lib'
[8.151s] [34mcolcon.colcon_core.shell[0m [1;30mLevel 1[0m create_environment_hook('realsense2_camera', 'ld_library_path_lib')
[8.152s] [34mcolcon.colcon_core.shell[0m [1;30mINFO[0m Creating environment hook '/home/teamojasdv/ros2_ws/install/realsense2_camera/share/realsense2_camera/hook/ld_library_path_lib.ps1'
[8.153s] [34mcolcon.colcon_core.shell[0m [1;30mINFO[0m Creating environment descriptor '/home/teamojasdv/ros2_ws/install/realsense2_camera/share/realsense2_camera/hook/ld_library_path_lib.dsv'
[8.154s] [34mcolcon.colcon_core.shell[0m [1;30mINFO[0m Creating environment hook '/home/teamojasdv/ros2_ws/install/realsense2_camera/share/realsense2_camera/hook/ld_library_path_lib.sh'
[8.155s] [34mcolcon.colcon_core.environment[0m [1;30mLevel 1[0m checking '/home/teamojasdv/ros2_ws/install/realsense2_camera/bin'
[8.156s] [34mcolcon.colcon_core.environment[0m [1;30mLevel 1[0m checking '/home/teamojasdv/ros2_ws/install/realsense2_camera/lib/pkgconfig/realsense2_camera.pc'
[8.157s] [34mcolcon.colcon_core.environment[0m [1;30mLevel 1[0m checking '/home/teamojasdv/ros2_ws/install/realsense2_camera/lib/python3.10/site-packages'
[8.157s] [34mcolcon.colcon_core.environment[0m [1;30mLevel 1[0m checking '/home/teamojasdv/ros2_ws/install/realsense2_camera/bin'
[8.158s] [34mcolcon.colcon_core.shell[0m [1;30mINFO[0m Creating package script '/home/teamojasdv/ros2_ws/install/realsense2_camera/share/realsense2_camera/package.ps1'
[8.160s] [34mcolcon.colcon_core.shell[0m [1;30mINFO[0m Creating package descriptor '/home/teamojasdv/ros2_ws/install/realsense2_camera/share/realsense2_camera/package.dsv'
[8.162s] [34mcolcon.colcon_core.shell[0m [1;30mINFO[0m Creating package script '/home/teamojasdv/ros2_ws/install/realsense2_camera/share/realsense2_camera/package.sh'
[8.164s] [34mcolcon.colcon_core.shell[0m [1;30mINFO[0m Creating package script '/home/teamojasdv/ros2_ws/install/realsense2_camera/share/realsense2_camera/package.bash'
[8.165s] [34mcolcon.colcon_core.shell[0m [1;30mINFO[0m Creating package script '/home/teamojasdv/ros2_ws/install/realsense2_camera/share/realsense2_camera/package.zsh'
[8.167s] [34mcolcon.colcon_core.environment[0m [1;30mLevel 1[0m create_file_with_runtime_dependencies(/home/teamojasdv/ros2_ws/install/realsense2_camera/share/colcon-core/packages/realsense2_camera)
[9.359s] [34mcolcon.colcon_core.shell[0m [1;30mLevel 1[0m create_environment_hook('my_detection_package', 'pythonpath_develop')
[9.360s] [34mcolcon.colcon_core.shell[0m [1;30mINFO[0m Creating environment hook '/home/teamojasdv/ros2_ws/build/my_detection_package/share/my_detection_package/hook/pythonpath_develop.ps1'
[9.361s] [34mcolcon.colcon_core.event_handler.log_command[0m [1;30mDEBUG[0m [32mInvoked command in '/home/teamojasdv/ros2_ws/build/my_detection_package' returned '0': PYTHONPATH=/home/teamojasdv/ros2_ws/build/my_detection_package/prefix_override:/usr/lib/python3/dist-packages/colcon_core/task/python/colcon_distutils_commands:/home/teamojasdv/ros2_ws/install/my_detection_package/lib/python3.10/site-packages:${PYTHONPATH} /usr/bin/python3 -W ignore:setup.py install is deprecated setup.py develop --editable --build-directory /home/teamojasdv/ros2_ws/build/my_detection_package/build --no-deps symlink_data[0m
[9.363s] [34mcolcon.colcon_core.shell[0m [1;30mINFO[0m Creating environment descriptor '/home/teamojasdv/ros2_ws/build/my_detection_package/share/my_detection_package/hook/pythonpath_develop.dsv'
[9.364s] [34mcolcon.colcon_core.shell[0m [1;30mINFO[0m Creating environment hook '/home/teamojasdv/ros2_ws/build/my_detection_package/share/my_detection_package/hook/pythonpath_develop.sh'
[9.366s] [34mcolcon.colcon_core.environment[0m [1;30mLevel 1[0m checking '/home/teamojasdv/ros2_ws/install/my_detection_package' for CMake module files
[9.368s] [34mcolcon.colcon_core.environment[0m [1;30mLevel 1[0m checking '/home/teamojasdv/ros2_ws/install/my_detection_package' for CMake config files
[9.370s] [34mcolcon.colcon_core.environment[0m [1;30mLevel 1[0m checking '/home/teamojasdv/ros2_ws/install/my_detection_package/lib'
[9.371s] [34mcolcon.colcon_core.environment[0m [1;30mLevel 1[0m checking '/home/teamojasdv/ros2_ws/install/my_detection_package/bin'
[9.371s] [34mcolcon.colcon_core.environment[0m [1;30mLevel 1[0m checking '/home/teamojasdv/ros2_ws/install/my_detection_package/lib/pkgconfig/my_detection_package.pc'
[9.372s] [34mcolcon.colcon_core.environment[0m [1;30mLevel 1[0m checking '/home/teamojasdv/ros2_ws/install/my_detection_package/lib/python3.10/site-packages'
[9.372s] [34mcolcon.colcon_core.shell[0m [1;30mLevel 1[0m create_environment_hook('my_detection_package', 'pythonpath')
[9.373s] [34mcolcon.colcon_core.shell[0m [1;30mINFO[0m Creating environment hook '/home/teamojasdv/ros2_ws/install/my_detection_package/share/my_detection_package/hook/pythonpath.ps1'
[9.375s] [34mcolcon.colcon_core.shell[0m [1;30mINFO[0m Creating environment descriptor '/home/teamojasdv/ros2_ws/install/my_detection_package/share/my_detection_package/hook/pythonpath.dsv'
[9.376s] [34mcolcon.colcon_core.shell[0m [1;30mINFO[0m Creating environment hook '/home/teamojasdv/ros2_ws/install/my_detection_package/share/my_detection_package/hook/pythonpath.sh'
[9.379s] [34mcolcon.colcon_core.environment[0m [1;30mLevel 1[0m checking '/home/teamojasdv/ros2_ws/install/my_detection_package/bin'
[9.379s] [34mcolcon.colcon_core.environment[0m [1;30mLevel 1[0m create_environment_scripts_only(my_detection_package)
[9.381s] [34mcolcon.colcon_core.shell[0m [1;30mINFO[0m Creating package script '/home/teamojasdv/ros2_ws/install/my_detection_package/share/my_detection_package/package.ps1'
[9.383s] [34mcolcon.colcon_core.shell[0m [1;30mINFO[0m Creating package descriptor '/home/teamojasdv/ros2_ws/install/my_detection_package/share/my_detection_package/package.dsv'
[9.385s] [34mcolcon.colcon_core.shell[0m [1;30mINFO[0m Creating package script '/home/teamojasdv/ros2_ws/install/my_detection_package/share/my_detection_package/package.sh'
[9.387s] [34mcolcon.colcon_core.shell[0m [1;30mINFO[0m Creating package script '/home/teamojasdv/ros2_ws/install/my_detection_package/share/my_detection_package/package.bash'
[9.388s] [34mcolcon.colcon_core.shell[0m [1;30mINFO[0m Creating package script '/home/teamojasdv/ros2_ws/install/my_detection_package/share/my_detection_package/package.zsh'
[9.390s] [34mcolcon.colcon_core.environment[0m [1;30mLevel 1[0m create_file_with_runtime_dependencies(/home/teamojasdv/ros2_ws/install/my_detection_package/share/colcon-core/packages/my_detection_package)
[9.391s] [34mcolcon.colcon_parallel_executor.executor.parallel[0m [1;30mDEBUG[0m [32mclosing loop[0m
[9.392s] [34mcolcon.colcon_parallel_executor.executor.parallel[0m [1;30mDEBUG[0m [32mloop closed[0m
[9.393s] [34mcolcon.colcon_parallel_executor.executor.parallel[0m [1;30mDEBUG[0m [32mrun_until_complete finished with '0'[0m
[9.393s] [34mcolcon.colcon_core.event_reactor[0m [1;30mDEBUG[0m [32mjoining thread[0m
[9.459s] [34mcolcon.colcon_core.plugin_system[0m [1;30mINFO[0m Skipping extension 'colcon_notification.desktop_notification.terminal_notifier': Not used on non-Darwin systems
[9.459s] [34mcolcon.colcon_core.plugin_system[0m [1;30mINFO[0m Skipping extension 'colcon_notification.desktop_notification.win32': Not used on non-Windows systems
[9.459s] [34mcolcon.colcon_notification.desktop_notification[0m [1;30mINFO[0m Sending desktop notification using 'notify2'
[9.510s] [34mcolcon.colcon_core.event_reactor[0m [1;30mDEBUG[0m [32mjoined thread[0m
[9.512s] [34mcolcon.colcon_core.shell[0m [1;30mINFO[0m Creating prefix script '/home/teamojasdv/ros2_ws/install/local_setup.ps1'
[9.520s] [34mcolcon.colcon_core.shell[0m [1;30mINFO[0m Creating prefix util module '/home/teamojasdv/ros2_ws/install/_local_setup_util_ps1.py'
[9.528s] [34mcolcon.colcon_core.shell[0m [1;30mINFO[0m Creating prefix chain script '/home/teamojasdv/ros2_ws/install/setup.ps1'
[9.538s] [34mcolcon.colcon_core.shell[0m [1;30mINFO[0m Creating prefix script '/home/teamojasdv/ros2_ws/install/local_setup.sh'
[9.542s] [34mcolcon.colcon_core.shell[0m [1;30mINFO[0m Creating prefix util module '/home/teamojasdv/ros2_ws/install/_local_setup_util_sh.py'
[9.543s] [34mcolcon.colcon_core.shell[0m [1;30mINFO[0m Creating prefix chain script '/home/teamojasdv/ros2_ws/install/setup.sh'
[9.549s] [34mcolcon.colcon_core.shell[0m [1;30mINFO[0m Creating prefix script '/home/teamojasdv/ros2_ws/install/local_setup.bash'
[9.553s] [34mcolcon.colcon_core.shell[0m [1;30mINFO[0m Creating prefix chain script '/home/teamojasdv/ros2_ws/install/setup.bash'
[9.560s] [34mcolcon.colcon_core.shell[0m [1;30mINFO[0m Creating prefix script '/home/teamojasdv/ros2_ws/install/local_setup.zsh'
[9.566s] [34mcolcon.colcon_core.shell[0m [1;30mINFO[0m Creating prefix chain script '/home/teamojasdv/ros2_ws/install/setup.zsh'
