[0.258s] [34mcolcon[0m [1;30mDEBUG[0m [32mCommand line arguments: ['/usr/bin/colcon', 'build', '--symlink-install'][0m
[0.259s] [34mcolcon[0m [1;30mDEBUG[0m [32mParsed command line arguments: Namespace(log_base=None, log_level=None, verb_name='build', build_base='build', install_base='install', merge_install=False, symlink_install=True, test_result_base=None, continue_on_error=False, executor='parallel', parallel_workers=6, event_handlers=None, ignore_user_meta=False, metas=['./colcon.meta'], base_paths=['.'], packages_ignore=None, packages_ignore_regex=None, paths=None, packages_up_to=None, packages_up_to_regex=None, packages_above=None, packages_above_and_dependencies=None, packages_above_depth=None, packages_select_by_dep=None, packages_skip_by_dep=None, packages_skip_up_to=None, packages_select_build_failed=False, packages_skip_build_finished=False, packages_select_test_failures=False, packages_skip_test_passed=False, packages_select=None, packages_skip=None, packages_select_regex=None, packages_skip_regex=None, packages_start=None, packages_end=None, allow_overriding=[], cmake_args=None, cmake_target=None, cmake_target_skip_unavailable=False, cmake_clean_cache=False, cmake_clean_first=False, cmake_force_configure=False, ament_cmake_args=None, catkin_cmake_args=None, catkin_skip_building_tests=False, mixin_files=None, mixin=None, verb_parser=<colcon_mixin.mixin.mixin_argument.MixinArgumentDecorator object at 0xffff80461510>, verb_extension=<colcon_core.verb.build.BuildVerb object at 0xffff8057a5c0>, main=<bound method BuildVerb.main of <colcon_core.verb.build.BuildVerb object at 0xffff8057a5c0>>, mixin_verb=('build',))[0m
[0.818s] [34mcolcon.colcon_core.package_discovery[0m [1;30mLevel 1[0m discover_packages(colcon_meta) check parameters
[0.819s] [34mcolcon.colcon_core.package_discovery[0m [1;30mLevel 1[0m discover_packages(recursive) check parameters
[0.819s] [34mcolcon.colcon_core.package_discovery[0m [1;30mLevel 1[0m discover_packages(ignore) check parameters
[0.819s] [34mcolcon.colcon_core.package_discovery[0m [1;30mLevel 1[0m discover_packages(path) check parameters
[0.819s] [34mcolcon.colcon_core.package_discovery[0m [1;30mLevel 1[0m discover_packages(colcon_meta) discover
[0.819s] [34mcolcon.colcon_core.package_discovery[0m [1;30mLevel 1[0m discover_packages(recursive) discover
[0.819s] [34mcolcon.colcon_core.package_discovery[0m [1;30mINFO[0m Crawling recursively for packages in '/home/teamojasdv/ros2_ws'
[0.819s] [34mcolcon.colcon_core.package_identification[0m [1;30mLevel 1[0m _identify(.) by extensions ['ignore', 'ignore_ament_install']
[0.820s] [34mcolcon.colcon_core.package_identification[0m [1;30mLevel 1[0m _identify(.) by extension 'ignore'
[0.820s] [34mcolcon.colcon_core.package_identification[0m [1;30mLevel 1[0m _identify(.) by extension 'ignore_ament_install'
[0.820s] [34mcolcon.colcon_core.package_identification[0m [1;30mLevel 1[0m _identify(.) by extensions ['colcon_pkg']
[0.820s] [34mcolcon.colcon_core.package_identification[0m [1;30mLevel 1[0m _identify(.) by extension 'colcon_pkg'
[0.820s] [34mcolcon.colcon_core.package_identification[0m [1;30mLevel 1[0m _identify(.) by extensions ['colcon_meta']
[0.820s] [34mcolcon.colcon_core.package_identification[0m [1;30mLevel 1[0m _identify(.) by extension 'colcon_meta'
[0.820s] [34mcolcon.colcon_core.package_identification[0m [1;30mLevel 1[0m _identify(.) by extensions ['ros']
[0.820s] [34mcolcon.colcon_core.package_identification[0m [1;30mLevel 1[0m _identify(.) by extension 'ros'
[0.849s] [34mcolcon.colcon_core.package_identification[0m [1;30mLevel 1[0m _identify(.) by extensions ['cmake', 'python']
[0.850s] [34mcolcon.colcon_core.package_identification[0m [1;30mLevel 1[0m _identify(.) by extension 'cmake'
[0.850s] [34mcolcon.colcon_core.package_identification[0m [1;30mLevel 1[0m _identify(.) by extension 'python'
[0.850s] [34mcolcon.colcon_core.package_identification[0m [1;30mLevel 1[0m _identify(.) by extensions ['python_setup_py']
[0.850s] [34mcolcon.colcon_core.package_identification[0m [1;30mLevel 1[0m _identify(.) by extension 'python_setup_py'
[0.850s] [34mcolcon.colcon_core.package_identification[0m [1;30mLevel 1[0m _identify(build) by extensions ['ignore', 'ignore_ament_install']
[0.850s] [34mcolcon.colcon_core.package_identification[0m [1;30mLevel 1[0m _identify(build) by extension 'ignore'
[0.851s] [34mcolcon.colcon_core.package_identification[0m [1;30mLevel 1[0m _identify(build) ignored
[0.851s] [34mcolcon.colcon_core.package_identification[0m [1;30mLevel 1[0m _identify(install) by extensions ['ignore', 'ignore_ament_install']
[0.851s] [34mcolcon.colcon_core.package_identification[0m [1;30mLevel 1[0m _identify(install) by extension 'ignore'
[0.851s] [34mcolcon.colcon_core.package_identification[0m [1;30mLevel 1[0m _identify(install) ignored
[0.851s] [34mcolcon.colcon_core.package_identification[0m [1;30mLevel 1[0m _identify(log) by extensions ['ignore', 'ignore_ament_install']
[0.852s] [34mcolcon.colcon_core.package_identification[0m [1;30mLevel 1[0m _identify(log) by extension 'ignore'
[0.852s] [34mcolcon.colcon_core.package_identification[0m [1;30mLevel 1[0m _identify(log) ignored
[0.852s] [34mcolcon.colcon_core.package_identification[0m [1;30mLevel 1[0m _identify(src) by extensions ['ignore', 'ignore_ament_install']
[0.852s] [34mcolcon.colcon_core.package_identification[0m [1;30mLevel 1[0m _identify(src) by extension 'ignore'
[0.852s] [34mcolcon.colcon_core.package_identification[0m [1;30mLevel 1[0m _identify(src) by extension 'ignore_ament_install'
[0.852s] [34mcolcon.colcon_core.package_identification[0m [1;30mLevel 1[0m _identify(src) by extensions ['colcon_pkg']
[0.852s] [34mcolcon.colcon_core.package_identification[0m [1;30mLevel 1[0m _identify(src) by extension 'colcon_pkg'
[0.853s] [34mcolcon.colcon_core.package_identification[0m [1;30mLevel 1[0m _identify(src) by extensions ['colcon_meta']
[0.853s] [34mcolcon.colcon_core.package_identification[0m [1;30mLevel 1[0m _identify(src) by extension 'colcon_meta'
[0.853s] [34mcolcon.colcon_core.package_identification[0m [1;30mLevel 1[0m _identify(src) by extensions ['ros']
[0.853s] [34mcolcon.colcon_core.package_identification[0m [1;30mLevel 1[0m _identify(src) by extension 'ros'
[0.853s] [34mcolcon.colcon_core.package_identification[0m [1;30mLevel 1[0m _identify(src) by extensions ['cmake', 'python']
[0.853s] [34mcolcon.colcon_core.package_identification[0m [1;30mLevel 1[0m _identify(src) by extension 'cmake'
[0.853s] [34mcolcon.colcon_core.package_identification[0m [1;30mLevel 1[0m _identify(src) by extension 'python'
[0.853s] [34mcolcon.colcon_core.package_identification[0m [1;30mLevel 1[0m _identify(src) by extensions ['python_setup_py']
[0.853s] [34mcolcon.colcon_core.package_identification[0m [1;30mLevel 1[0m _identify(src) by extension 'python_setup_py'
[0.854s] [34mcolcon.colcon_core.package_identification[0m [1;30mLevel 1[0m _identify(src/my_detection_package) by extensions ['ignore', 'ignore_ament_install']
[0.854s] [34mcolcon.colcon_core.package_identification[0m [1;30mLevel 1[0m _identify(src/my_detection_package) by extension 'ignore'
[0.854s] [34mcolcon.colcon_core.package_identification[0m [1;30mLevel 1[0m _identify(src/my_detection_package) by extension 'ignore_ament_install'
[0.854s] [34mcolcon.colcon_core.package_identification[0m [1;30mLevel 1[0m _identify(src/my_detection_package) by extensions ['colcon_pkg']
[0.854s] [34mcolcon.colcon_core.package_identification[0m [1;30mLevel 1[0m _identify(src/my_detection_package) by extension 'colcon_pkg'
[0.854s] [34mcolcon.colcon_core.package_identification[0m [1;30mLevel 1[0m _identify(src/my_detection_package) by extensions ['colcon_meta']
[0.854s] [34mcolcon.colcon_core.package_identification[0m [1;30mLevel 1[0m _identify(src/my_detection_package) by extension 'colcon_meta'
[0.854s] [34mcolcon.colcon_core.package_identification[0m [1;30mLevel 1[0m _identify(src/my_detection_package) by extensions ['ros']
[0.854s] [34mcolcon.colcon_core.package_identification[0m [1;30mLevel 1[0m _identify(src/my_detection_package) by extension 'ros'
[0.860s] [34mcolcon.colcon_core.package_identification[0m [1;30mDEBUG[0m [32mPackage 'src/my_detection_package' with type 'ros.ament_python' and name 'my_detection_package'[0m
[0.860s] [34mcolcon.colcon_core.package_identification[0m [1;30mLevel 1[0m _identify(src/realsense) by extensions ['ignore', 'ignore_ament_install']
[0.861s] [34mcolcon.colcon_core.package_identification[0m [1;30mLevel 1[0m _identify(src/realsense) by extension 'ignore'
[0.861s] [34mcolcon.colcon_core.package_identification[0m [1;30mLevel 1[0m _identify(src/realsense) by extension 'ignore_ament_install'
[0.861s] [34mcolcon.colcon_core.package_identification[0m [1;30mLevel 1[0m _identify(src/realsense) by extensions ['colcon_pkg']
[0.861s] [34mcolcon.colcon_core.package_identification[0m [1;30mLevel 1[0m _identify(src/realsense) by extension 'colcon_pkg'
[0.861s] [34mcolcon.colcon_core.package_identification[0m [1;30mLevel 1[0m _identify(src/realsense) by extensions ['colcon_meta']
[0.861s] [34mcolcon.colcon_core.package_identification[0m [1;30mLevel 1[0m _identify(src/realsense) by extension 'colcon_meta'
[0.861s] [34mcolcon.colcon_core.package_identification[0m [1;30mLevel 1[0m _identify(src/realsense) by extensions ['ros']
[0.861s] [34mcolcon.colcon_core.package_identification[0m [1;30mLevel 1[0m _identify(src/realsense) by extension 'ros'
[0.862s] [34mcolcon.colcon_core.package_identification[0m [1;30mLevel 1[0m _identify(src/realsense) by extensions ['cmake', 'python']
[0.862s] [34mcolcon.colcon_core.package_identification[0m [1;30mLevel 1[0m _identify(src/realsense) by extension 'cmake'
[0.862s] [34mcolcon.colcon_core.package_identification[0m [1;30mLevel 1[0m _identify(src/realsense) by extension 'python'
[0.862s] [34mcolcon.colcon_core.package_identification[0m [1;30mLevel 1[0m _identify(src/realsense) by extensions ['python_setup_py']
[0.862s] [34mcolcon.colcon_core.package_identification[0m [1;30mLevel 1[0m _identify(src/realsense) by extension 'python_setup_py'
[0.862s] [34mcolcon.colcon_core.package_identification[0m [1;30mLevel 1[0m _identify(src/realsense/scripts) by extensions ['ignore', 'ignore_ament_install']
[0.863s] [34mcolcon.colcon_core.package_identification[0m [1;30mLevel 1[0m _identify(src/realsense/scripts) by extension 'ignore'
[0.863s] [34mcolcon.colcon_core.package_identification[0m [1;30mLevel 1[0m _identify(src/realsense/scripts) by extension 'ignore_ament_install'
[0.863s] [34mcolcon.colcon_core.package_identification[0m [1;30mLevel 1[0m _identify(src/realsense/scripts) by extensions ['colcon_pkg']
[0.863s] [34mcolcon.colcon_core.package_identification[0m [1;30mLevel 1[0m _identify(src/realsense/scripts) by extension 'colcon_pkg'
[0.863s] [34mcolcon.colcon_core.package_identification[0m [1;30mLevel 1[0m _identify(src/realsense/scripts) by extensions ['colcon_meta']
[0.863s] [34mcolcon.colcon_core.package_identification[0m [1;30mLevel 1[0m _identify(src/realsense/scripts) by extension 'colcon_meta'
[0.863s] [34mcolcon.colcon_core.package_identification[0m [1;30mLevel 1[0m _identify(src/realsense/scripts) by extensions ['ros']
[0.863s] [34mcolcon.colcon_core.package_identification[0m [1;30mLevel 1[0m _identify(src/realsense/scripts) by extension 'ros'
[0.864s] [34mcolcon.colcon_core.package_identification[0m [1;30mLevel 1[0m _identify(src/realsense/scripts) by extensions ['cmake', 'python']
[0.864s] [34mcolcon.colcon_core.package_identification[0m [1;30mLevel 1[0m _identify(src/realsense/scripts) by extension 'cmake'
[0.864s] [34mcolcon.colcon_core.package_identification[0m [1;30mLevel 1[0m _identify(src/realsense/scripts) by extension 'python'
[0.864s] [34mcolcon.colcon_core.package_identification[0m [1;30mLevel 1[0m _identify(src/realsense/scripts) by extensions ['python_setup_py']
[0.864s] [34mcolcon.colcon_core.package_identification[0m [1;30mLevel 1[0m _identify(src/realsense/scripts) by extension 'python_setup_py'
[0.864s] [34mcolcon.colcon_core.package_identification[0m [1;30mLevel 1[0m _identify(src/realsense-ros) by extensions ['ignore', 'ignore_ament_install']
[0.864s] [34mcolcon.colcon_core.package_identification[0m [1;30mLevel 1[0m _identify(src/realsense-ros) by extension 'ignore'
[0.864s] [34mcolcon.colcon_core.package_identification[0m [1;30mLevel 1[0m _identify(src/realsense-ros) by extension 'ignore_ament_install'
[0.865s] [34mcolcon.colcon_core.package_identification[0m [1;30mLevel 1[0m _identify(src/realsense-ros) by extensions ['colcon_pkg']
[0.865s] [34mcolcon.colcon_core.package_identification[0m [1;30mLevel 1[0m _identify(src/realsense-ros) by extension 'colcon_pkg'
[0.865s] [34mcolcon.colcon_core.package_identification[0m [1;30mLevel 1[0m _identify(src/realsense-ros) by extensions ['colcon_meta']
[0.865s] [34mcolcon.colcon_core.package_identification[0m [1;30mLevel 1[0m _identify(src/realsense-ros) by extension 'colcon_meta'
[0.865s] [34mcolcon.colcon_core.package_identification[0m [1;30mLevel 1[0m _identify(src/realsense-ros) by extensions ['ros']
[0.865s] [34mcolcon.colcon_core.package_identification[0m [1;30mLevel 1[0m _identify(src/realsense-ros) by extension 'ros'
[0.865s] [34mcolcon.colcon_core.package_identification[0m [1;30mLevel 1[0m _identify(src/realsense-ros) by extensions ['cmake', 'python']
[0.865s] [34mcolcon.colcon_core.package_identification[0m [1;30mLevel 1[0m _identify(src/realsense-ros) by extension 'cmake'
[0.865s] [34mcolcon.colcon_core.package_identification[0m [1;30mLevel 1[0m _identify(src/realsense-ros) by extension 'python'
[0.865s] [34mcolcon.colcon_core.package_identification[0m [1;30mLevel 1[0m _identify(src/realsense-ros) by extensions ['python_setup_py']
[0.865s] [34mcolcon.colcon_core.package_identification[0m [1;30mLevel 1[0m _identify(src/realsense-ros) by extension 'python_setup_py'
[0.866s] [34mcolcon.colcon_core.package_identification[0m [1;30mLevel 1[0m _identify(src/realsense-ros/realsense2_camera) by extensions ['ignore', 'ignore_ament_install']
[0.866s] [34mcolcon.colcon_core.package_identification[0m [1;30mLevel 1[0m _identify(src/realsense-ros/realsense2_camera) by extension 'ignore'
[0.866s] [34mcolcon.colcon_core.package_identification[0m [1;30mLevel 1[0m _identify(src/realsense-ros/realsense2_camera) by extension 'ignore_ament_install'
[0.866s] [34mcolcon.colcon_core.package_identification[0m [1;30mLevel 1[0m _identify(src/realsense-ros/realsense2_camera) by extensions ['colcon_pkg']
[0.866s] [34mcolcon.colcon_core.package_identification[0m [1;30mLevel 1[0m _identify(src/realsense-ros/realsense2_camera) by extension 'colcon_pkg'
[0.866s] [34mcolcon.colcon_core.package_identification[0m [1;30mLevel 1[0m _identify(src/realsense-ros/realsense2_camera) by extensions ['colcon_meta']
[0.866s] [34mcolcon.colcon_core.package_identification[0m [1;30mLevel 1[0m _identify(src/realsense-ros/realsense2_camera) by extension 'colcon_meta'
[0.866s] [34mcolcon.colcon_core.package_identification[0m [1;30mLevel 1[0m _identify(src/realsense-ros/realsense2_camera) by extensions ['ros']
[0.866s] [34mcolcon.colcon_core.package_identification[0m [1;30mLevel 1[0m _identify(src/realsense-ros/realsense2_camera) by extension 'ros'
[0.878s] [34mcolcon.colcon_core.package_identification[0m [1;30mDEBUG[0m [32mPackage 'src/realsense-ros/realsense2_camera' with type 'ros.ament_cmake' and name 'realsense2_camera'[0m
[0.878s] [34mcolcon.colcon_core.package_identification[0m [1;30mLevel 1[0m _identify(src/realsense-ros/realsense2_camera_msgs) by extensions ['ignore', 'ignore_ament_install']
[0.878s] [34mcolcon.colcon_core.package_identification[0m [1;30mLevel 1[0m _identify(src/realsense-ros/realsense2_camera_msgs) by extension 'ignore'
[0.878s] [34mcolcon.colcon_core.package_identification[0m [1;30mLevel 1[0m _identify(src/realsense-ros/realsense2_camera_msgs) by extension 'ignore_ament_install'
[0.879s] [34mcolcon.colcon_core.package_identification[0m [1;30mLevel 1[0m _identify(src/realsense-ros/realsense2_camera_msgs) by extensions ['colcon_pkg']
[0.879s] [34mcolcon.colcon_core.package_identification[0m [1;30mLevel 1[0m _identify(src/realsense-ros/realsense2_camera_msgs) by extension 'colcon_pkg'
[0.879s] [34mcolcon.colcon_core.package_identification[0m [1;30mLevel 1[0m _identify(src/realsense-ros/realsense2_camera_msgs) by extensions ['colcon_meta']
[0.879s] [34mcolcon.colcon_core.package_identification[0m [1;30mLevel 1[0m _identify(src/realsense-ros/realsense2_camera_msgs) by extension 'colcon_meta'
[0.879s] [34mcolcon.colcon_core.package_identification[0m [1;30mLevel 1[0m _identify(src/realsense-ros/realsense2_camera_msgs) by extensions ['ros']
[0.879s] [34mcolcon.colcon_core.package_identification[0m [1;30mLevel 1[0m _identify(src/realsense-ros/realsense2_camera_msgs) by extension 'ros'
[0.880s] [34mcolcon.colcon_core.package_identification[0m [1;30mDEBUG[0m [32mPackage 'src/realsense-ros/realsense2_camera_msgs' with type 'ros.ament_cmake' and name 'realsense2_camera_msgs'[0m
[0.881s] [34mcolcon.colcon_core.package_identification[0m [1;30mLevel 1[0m _identify(src/realsense-ros/realsense2_description) by extensions ['ignore', 'ignore_ament_install']
[0.881s] [34mcolcon.colcon_core.package_identification[0m [1;30mLevel 1[0m _identify(src/realsense-ros/realsense2_description) by extension 'ignore'
[0.881s] [34mcolcon.colcon_core.package_identification[0m [1;30mLevel 1[0m _identify(src/realsense-ros/realsense2_description) by extension 'ignore_ament_install'
[0.881s] [34mcolcon.colcon_core.package_identification[0m [1;30mLevel 1[0m _identify(src/realsense-ros/realsense2_description) by extensions ['colcon_pkg']
[0.881s] [34mcolcon.colcon_core.package_identification[0m [1;30mLevel 1[0m _identify(src/realsense-ros/realsense2_description) by extension 'colcon_pkg'
[0.881s] [34mcolcon.colcon_core.package_identification[0m [1;30mLevel 1[0m _identify(src/realsense-ros/realsense2_description) by extensions ['colcon_meta']
[0.881s] [34mcolcon.colcon_core.package_identification[0m [1;30mLevel 1[0m _identify(src/realsense-ros/realsense2_description) by extension 'colcon_meta'
[0.881s] [34mcolcon.colcon_core.package_identification[0m [1;30mLevel 1[0m _identify(src/realsense-ros/realsense2_description) by extensions ['ros']
[0.881s] [34mcolcon.colcon_core.package_identification[0m [1;30mLevel 1[0m _identify(src/realsense-ros/realsense2_description) by extension 'ros'
[0.883s] [34mcolcon.colcon_core.package_identification[0m [1;30mDEBUG[0m [32mPackage 'src/realsense-ros/realsense2_description' with type 'ros.ament_cmake' and name 'realsense2_description'[0m
[0.884s] [34mcolcon.colcon_core.package_identification[0m [1;30mLevel 1[0m _identify(src/realsense-ros/scripts) by extensions ['ignore', 'ignore_ament_install']
[0.884s] [34mcolcon.colcon_core.package_identification[0m [1;30mLevel 1[0m _identify(src/realsense-ros/scripts) by extension 'ignore'
[0.884s] [34mcolcon.colcon_core.package_identification[0m [1;30mLevel 1[0m _identify(src/realsense-ros/scripts) by extension 'ignore_ament_install'
[0.884s] [34mcolcon.colcon_core.package_identification[0m [1;30mLevel 1[0m _identify(src/realsense-ros/scripts) by extensions ['colcon_pkg']
[0.884s] [34mcolcon.colcon_core.package_identification[0m [1;30mLevel 1[0m _identify(src/realsense-ros/scripts) by extension 'colcon_pkg'
[0.884s] [34mcolcon.colcon_core.package_identification[0m [1;30mLevel 1[0m _identify(src/realsense-ros/scripts) by extensions ['colcon_meta']
[0.884s] [34mcolcon.colcon_core.package_identification[0m [1;30mLevel 1[0m _identify(src/realsense-ros/scripts) by extension 'colcon_meta'
[0.884s] [34mcolcon.colcon_core.package_identification[0m [1;30mLevel 1[0m _identify(src/realsense-ros/scripts) by extensions ['ros']
[0.884s] [34mcolcon.colcon_core.package_identification[0m [1;30mLevel 1[0m _identify(src/realsense-ros/scripts) by extension 'ros'
[0.885s] [34mcolcon.colcon_core.package_identification[0m [1;30mLevel 1[0m _identify(src/realsense-ros/scripts) by extensions ['cmake', 'python']
[0.885s] [34mcolcon.colcon_core.package_identification[0m [1;30mLevel 1[0m _identify(src/realsense-ros/scripts) by extension 'cmake'
[0.885s] [34mcolcon.colcon_core.package_identification[0m [1;30mLevel 1[0m _identify(src/realsense-ros/scripts) by extension 'python'
[0.885s] [34mcolcon.colcon_core.package_identification[0m [1;30mLevel 1[0m _identify(src/realsense-ros/scripts) by extensions ['python_setup_py']
[0.885s] [34mcolcon.colcon_core.package_identification[0m [1;30mLevel 1[0m _identify(src/realsense-ros/scripts) by extension 'python_setup_py'
[0.885s] [34mcolcon.colcon_core.package_discovery[0m [1;30mLevel 1[0m discover_packages(recursive) using defaults
[0.885s] [34mcolcon.colcon_core.package_discovery[0m [1;30mLevel 1[0m discover_packages(ignore) discover
[0.885s] [34mcolcon.colcon_core.package_discovery[0m [1;30mLevel 1[0m discover_packages(ignore) using defaults
[0.885s] [34mcolcon.colcon_core.package_discovery[0m [1;30mLevel 1[0m discover_packages(path) discover
[0.885s] [34mcolcon.colcon_core.package_discovery[0m [1;30mLevel 1[0m discover_packages(path) using defaults
[0.921s] [34mcolcon.colcon_core.package_discovery[0m [1;30mLevel 1[0m discover_packages(prefix_path) check parameters
[0.921s] [34mcolcon.colcon_core.package_discovery[0m [1;30mLevel 1[0m discover_packages(prefix_path) discover
[0.928s] [34mcolcon.colcon_installed_package_information.package_discovery[0m [1;30mDEBUG[0m [32mFound 4 installed packages in /home/teamojasdv/ros2_ws/install[0m
[0.930s] [34mcolcon.colcon_installed_package_information.package_discovery[0m [1;30mDEBUG[0m [32mFound 215 installed packages in /opt/ros/humble[0m
[0.933s] [34mcolcon.colcon_core.package_discovery[0m [1;30mLevel 1[0m discover_packages(prefix_path) using defaults
[0.988s] [34mcolcon.colcon_core.verb[0m [1;30mLevel 5[0m set package 'my_detection_package' build argument 'cmake_args' from command line to 'None'
[0.988s] [34mcolcon.colcon_core.verb[0m [1;30mLevel 5[0m set package 'my_detection_package' build argument 'cmake_target' from command line to 'None'
[0.988s] [34mcolcon.colcon_core.verb[0m [1;30mLevel 5[0m set package 'my_detection_package' build argument 'cmake_target_skip_unavailable' from command line to 'False'
[0.988s] [34mcolcon.colcon_core.verb[0m [1;30mLevel 5[0m set package 'my_detection_package' build argument 'cmake_clean_cache' from command line to 'False'
[0.988s] [34mcolcon.colcon_core.verb[0m [1;30mLevel 5[0m set package 'my_detection_package' build argument 'cmake_clean_first' from command line to 'False'
[0.988s] [34mcolcon.colcon_core.verb[0m [1;30mLevel 5[0m set package 'my_detection_package' build argument 'cmake_force_configure' from command line to 'False'
[0.989s] [34mcolcon.colcon_core.verb[0m [1;30mLevel 5[0m set package 'my_detection_package' build argument 'ament_cmake_args' from command line to 'None'
[0.989s] [34mcolcon.colcon_core.verb[0m [1;30mLevel 5[0m set package 'my_detection_package' build argument 'catkin_cmake_args' from command line to 'None'
[0.989s] [34mcolcon.colcon_core.verb[0m [1;30mLevel 5[0m set package 'my_detection_package' build argument 'catkin_skip_building_tests' from command line to 'False'
[0.989s] [34mcolcon.colcon_core.verb[0m [1;30mDEBUG[0m [32mBuilding package 'my_detection_package' with the following arguments: {'ament_cmake_args': None, 'build_base': '/home/teamojasdv/ros2_ws/build/my_detection_package', 'catkin_cmake_args': None, 'catkin_skip_building_tests': False, 'cmake_args': None, 'cmake_clean_cache': False, 'cmake_clean_first': False, 'cmake_force_configure': False, 'cmake_target': None, 'cmake_target_skip_unavailable': False, 'install_base': '/home/teamojasdv/ros2_ws/install/my_detection_package', 'merge_install': False, 'path': '/home/teamojasdv/ros2_ws/src/my_detection_package', 'symlink_install': True, 'test_result_base': None}[0m
[0.989s] [34mcolcon.colcon_core.verb[0m [1;30mLevel 5[0m set package 'realsense2_camera_msgs' build argument 'cmake_args' from command line to 'None'
[0.990s] [34mcolcon.colcon_core.verb[0m [1;30mLevel 5[0m set package 'realsense2_camera_msgs' build argument 'cmake_target' from command line to 'None'
[0.990s] [34mcolcon.colcon_core.verb[0m [1;30mLevel 5[0m set package 'realsense2_camera_msgs' build argument 'cmake_target_skip_unavailable' from command line to 'False'
[0.990s] [34mcolcon.colcon_core.verb[0m [1;30mLevel 5[0m set package 'realsense2_camera_msgs' build argument 'cmake_clean_cache' from command line to 'False'
[0.990s] [34mcolcon.colcon_core.verb[0m [1;30mLevel 5[0m set package 'realsense2_camera_msgs' build argument 'cmake_clean_first' from command line to 'False'
[0.990s] [34mcolcon.colcon_core.verb[0m [1;30mLevel 5[0m set package 'realsense2_camera_msgs' build argument 'cmake_force_configure' from command line to 'False'
[0.990s] [34mcolcon.colcon_core.verb[0m [1;30mLevel 5[0m set package 'realsense2_camera_msgs' build argument 'ament_cmake_args' from command line to 'None'
[0.990s] [34mcolcon.colcon_core.verb[0m [1;30mLevel 5[0m set package 'realsense2_camera_msgs' build argument 'catkin_cmake_args' from command line to 'None'
[0.990s] [34mcolcon.colcon_core.verb[0m [1;30mLevel 5[0m set package 'realsense2_camera_msgs' build argument 'catkin_skip_building_tests' from command line to 'False'
[0.990s] [34mcolcon.colcon_core.verb[0m [1;30mDEBUG[0m [32mBuilding package 'realsense2_camera_msgs' with the following arguments: {'ament_cmake_args': None, 'build_base': '/home/teamojasdv/ros2_ws/build/realsense2_camera_msgs', 'catkin_cmake_args': None, 'catkin_skip_building_tests': False, 'cmake_args': None, 'cmake_clean_cache': False, 'cmake_clean_first': False, 'cmake_force_configure': False, 'cmake_target': None, 'cmake_target_skip_unavailable': False, 'install_base': '/home/teamojasdv/ros2_ws/install/realsense2_camera_msgs', 'merge_install': False, 'path': '/home/teamojasdv/ros2_ws/src/realsense-ros/realsense2_camera_msgs', 'symlink_install': True, 'test_result_base': None}[0m
[0.991s] [34mcolcon.colcon_core.verb[0m [1;30mLevel 5[0m set package 'realsense2_camera' build argument 'cmake_args' from command line to 'None'
[0.991s] [34mcolcon.colcon_core.verb[0m [1;30mLevel 5[0m set package 'realsense2_camera' build argument 'cmake_target' from command line to 'None'
[0.991s] [34mcolcon.colcon_core.verb[0m [1;30mLevel 5[0m set package 'realsense2_camera' build argument 'cmake_target_skip_unavailable' from command line to 'False'
[0.991s] [34mcolcon.colcon_core.verb[0m [1;30mLevel 5[0m set package 'realsense2_camera' build argument 'cmake_clean_cache' from command line to 'False'
[0.991s] [34mcolcon.colcon_core.verb[0m [1;30mLevel 5[0m set package 'realsense2_camera' build argument 'cmake_clean_first' from command line to 'False'
[0.991s] [34mcolcon.colcon_core.verb[0m [1;30mLevel 5[0m set package 'realsense2_camera' build argument 'cmake_force_configure' from command line to 'False'
[0.991s] [34mcolcon.colcon_core.verb[0m [1;30mLevel 5[0m set package 'realsense2_camera' build argument 'ament_cmake_args' from command line to 'None'
[0.991s] [34mcolcon.colcon_core.verb[0m [1;30mLevel 5[0m set package 'realsense2_camera' build argument 'catkin_cmake_args' from command line to 'None'
[0.991s] [34mcolcon.colcon_core.verb[0m [1;30mLevel 5[0m set package 'realsense2_camera' build argument 'catkin_skip_building_tests' from command line to 'False'
[0.991s] [34mcolcon.colcon_core.verb[0m [1;30mDEBUG[0m [32mBuilding package 'realsense2_camera' with the following arguments: {'ament_cmake_args': None, 'build_base': '/home/teamojasdv/ros2_ws/build/realsense2_camera', 'catkin_cmake_args': None, 'catkin_skip_building_tests': False, 'cmake_args': None, 'cmake_clean_cache': False, 'cmake_clean_first': False, 'cmake_force_configure': False, 'cmake_target': None, 'cmake_target_skip_unavailable': False, 'install_base': '/home/teamojasdv/ros2_ws/install/realsense2_camera', 'merge_install': False, 'path': '/home/teamojasdv/ros2_ws/src/realsense-ros/realsense2_camera', 'symlink_install': True, 'test_result_base': None}[0m
[0.992s] [34mcolcon.colcon_core.verb[0m [1;30mLevel 5[0m set package 'realsense2_description' build argument 'cmake_args' from command line to 'None'
[0.992s] [34mcolcon.colcon_core.verb[0m [1;30mLevel 5[0m set package 'realsense2_description' build argument 'cmake_target' from command line to 'None'
[0.992s] [34mcolcon.colcon_core.verb[0m [1;30mLevel 5[0m set package 'realsense2_description' build argument 'cmake_target_skip_unavailable' from command line to 'False'
[0.992s] [34mcolcon.colcon_core.verb[0m [1;30mLevel 5[0m set package 'realsense2_description' build argument 'cmake_clean_cache' from command line to 'False'
[0.992s] [34mcolcon.colcon_core.verb[0m [1;30mLevel 5[0m set package 'realsense2_description' build argument 'cmake_clean_first' from command line to 'False'
[0.992s] [34mcolcon.colcon_core.verb[0m [1;30mLevel 5[0m set package 'realsense2_description' build argument 'cmake_force_configure' from command line to 'False'
[0.992s] [34mcolcon.colcon_core.verb[0m [1;30mLevel 5[0m set package 'realsense2_description' build argument 'ament_cmake_args' from command line to 'None'
[0.992s] [34mcolcon.colcon_core.verb[0m [1;30mLevel 5[0m set package 'realsense2_description' build argument 'catkin_cmake_args' from command line to 'None'
[0.992s] [34mcolcon.colcon_core.verb[0m [1;30mLevel 5[0m set package 'realsense2_description' build argument 'catkin_skip_building_tests' from command line to 'False'
[0.992s] [34mcolcon.colcon_core.verb[0m [1;30mDEBUG[0m [32mBuilding package 'realsense2_description' with the following arguments: {'ament_cmake_args': None, 'build_base': '/home/teamojasdv/ros2_ws/build/realsense2_description', 'catkin_cmake_args': None, 'catkin_skip_building_tests': False, 'cmake_args': None, 'cmake_clean_cache': False, 'cmake_clean_first': False, 'cmake_force_configure': False, 'cmake_target': None, 'cmake_target_skip_unavailable': False, 'install_base': '/home/teamojasdv/ros2_ws/install/realsense2_description', 'merge_install': False, 'path': '/home/teamojasdv/ros2_ws/src/realsense-ros/realsense2_description', 'symlink_install': True, 'test_result_base': None}[0m
[0.993s] [34mcolcon.colcon_core.executor[0m [1;30mINFO[0m Executing jobs using 'parallel' executor
[0.995s] [34mcolcon.colcon_parallel_executor.executor.parallel[0m [1;30mDEBUG[0m [32mrun_until_complete[0m
[0.995s] [34mcolcon.colcon_ros.task.ament_cmake.build[0m [1;30mINFO[0m Building ROS package in '/home/teamojasdv/ros2_ws/src/realsense-ros/realsense2_camera_msgs' with build type 'ament_cmake'
[0.996s] [34mcolcon.colcon_cmake.task.cmake.build[0m [1;30mINFO[0m Building CMake package in '/home/teamojasdv/ros2_ws/src/realsense-ros/realsense2_camera_msgs'
[1.000s] [34mcolcon.colcon_core.plugin_system[0m [1;30mINFO[0m Skipping extension 'colcon_core.shell.bat': Not used on non-Windows systems
[1.000s] [34mcolcon.colcon_core.shell[0m [1;30mINFO[0m Skip shell extension 'powershell' for command environment: Not usable outside of PowerShell
[1.000s] [34mcolcon.colcon_core.shell[0m [1;30mDEBUG[0m [32mSkip shell extension 'dsv' for command environment[0m
[1.008s] [34mcolcon.colcon_ros.task.ament_python.build[0m [1;30mINFO[0m Building ROS package in '/home/teamojasdv/ros2_ws/src/my_detection_package' with build type 'ament_python'
[1.008s] [34mcolcon.colcon_core.shell[0m [1;30mLevel 1[0m create_environment_hook('my_detection_package', 'ament_prefix_path')
[1.009s] [34mcolcon.colcon_core.shell[0m [1;30mINFO[0m Creating environment hook '/home/teamojasdv/ros2_ws/install/my_detection_package/share/my_detection_package/hook/ament_prefix_path.ps1'
[1.012s] [34mcolcon.colcon_core.shell[0m [1;30mINFO[0m Creating environment descriptor '/home/teamojasdv/ros2_ws/install/my_detection_package/share/my_detection_package/hook/ament_prefix_path.dsv'
[1.012s] [34mcolcon.colcon_core.shell[0m [1;30mINFO[0m Creating environment hook '/home/teamojasdv/ros2_ws/install/my_detection_package/share/my_detection_package/hook/ament_prefix_path.sh'
[1.014s] [34mcolcon.colcon_core.shell[0m [1;30mINFO[0m Skip shell extension 'powershell' for command environment: Not usable outside of PowerShell
[1.014s] [34mcolcon.colcon_core.shell[0m [1;30mDEBUG[0m [32mSkip shell extension 'dsv' for command environment[0m
[1.032s] [34mcolcon.colcon_core.event_handler.log_command[0m [1;30mDEBUG[0m [32mInvoking command in '/home/teamojasdv/ros2_ws/build/realsense2_camera_msgs': CMAKE_PREFIX_PATH=${CMAKE_PREFIX_PATH}:/opt/ros/humble:/home/teamojasdv/ros2_ws/install/my_detection_package /usr/bin/cmake --build /home/teamojasdv/ros2_ws/build/realsense2_camera_msgs -- -j6 -l6[0m
[1.919s] [34mcolcon.colcon_core.task.python.build[0m [1;30mINFO[0m Building Python package in '/home/teamojasdv/ros2_ws/src/my_detection_package'
[1.920s] [34mcolcon.colcon_core.shell[0m [1;30mINFO[0m Skip shell extension 'powershell' for command environment: Not usable outside of PowerShell
[1.920s] [34mcolcon.colcon_core.shell[0m [1;30mDEBUG[0m [32mSkip shell extension 'dsv' for command environment[0m
[2.349s] [34mcolcon.colcon_core.event_handler.log_command[0m [1;30mDEBUG[0m [32mInvoked command in '/home/teamojasdv/ros2_ws/build/realsense2_camera_msgs' returned '0': CMAKE_PREFIX_PATH=${CMAKE_PREFIX_PATH}:/opt/ros/humble:/home/teamojasdv/ros2_ws/install/my_detection_package /usr/bin/cmake --build /home/teamojasdv/ros2_ws/build/realsense2_camera_msgs -- -j6 -l6[0m
[2.654s] [34mcolcon.colcon_core.event_handler.log_command[0m [1;30mDEBUG[0m [32mInvoking command in '/home/teamojasdv/ros2_ws/build/realsense2_camera_msgs': CMAKE_PREFIX_PATH=${CMAKE_PREFIX_PATH}:/opt/ros/humble:/home/teamojasdv/ros2_ws/install/my_detection_package /usr/bin/cmake --install /home/teamojasdv/ros2_ws/build/realsense2_camera_msgs[0m
[2.833s] [34mcolcon.colcon_core.environment[0m [1;30mLevel 1[0m create_environment_scripts_only(realsense2_camera_msgs)
[2.835s] [34mcolcon.colcon_core.event_handler.log_command[0m [1;30mDEBUG[0m [32mInvoked command in '/home/teamojasdv/ros2_ws/build/realsense2_camera_msgs' returned '0': CMAKE_PREFIX_PATH=${CMAKE_PREFIX_PATH}:/opt/ros/humble:/home/teamojasdv/ros2_ws/install/my_detection_package /usr/bin/cmake --install /home/teamojasdv/ros2_ws/build/realsense2_camera_msgs[0m
[2.841s] [34mcolcon.colcon_core.environment[0m [1;30mLevel 1[0m checking '/home/teamojasdv/ros2_ws/install/realsense2_camera_msgs' for CMake module files
[2.842s] [34mcolcon.colcon_core.environment[0m [1;30mLevel 1[0m checking '/home/teamojasdv/ros2_ws/install/realsense2_camera_msgs' for CMake config files
[2.844s] [34mcolcon.colcon_core.shell[0m [1;30mLevel 1[0m create_environment_hook('realsense2_camera_msgs', 'cmake_prefix_path')
[2.845s] [34mcolcon.colcon_core.shell[0m [1;30mINFO[0m Creating environment hook '/home/teamojasdv/ros2_ws/install/realsense2_camera_msgs/share/realsense2_camera_msgs/hook/cmake_prefix_path.ps1'
[2.846s] [34mcolcon.colcon_core.shell[0m [1;30mINFO[0m Creating environment descriptor '/home/teamojasdv/ros2_ws/install/realsense2_camera_msgs/share/realsense2_camera_msgs/hook/cmake_prefix_path.dsv'
[2.847s] [34mcolcon.colcon_core.shell[0m [1;30mINFO[0m Creating environment hook '/home/teamojasdv/ros2_ws/install/realsense2_camera_msgs/share/realsense2_camera_msgs/hook/cmake_prefix_path.sh'
[2.850s] [34mcolcon.colcon_core.environment[0m [1;30mLevel 1[0m checking '/home/teamojasdv/ros2_ws/install/realsense2_camera_msgs/lib'
[2.850s] [34mcolcon.colcon_core.shell[0m [1;30mLevel 1[0m create_environment_hook('realsense2_camera_msgs', 'ld_library_path_lib')
[2.851s] [34mcolcon.colcon_core.shell[0m [1;30mINFO[0m Creating environment hook '/home/teamojasdv/ros2_ws/install/realsense2_camera_msgs/share/realsense2_camera_msgs/hook/ld_library_path_lib.ps1'
[2.853s] [34mcolcon.colcon_core.shell[0m [1;30mINFO[0m Creating environment descriptor '/home/teamojasdv/ros2_ws/install/realsense2_camera_msgs/share/realsense2_camera_msgs/hook/ld_library_path_lib.dsv'
[2.854s] [34mcolcon.colcon_core.shell[0m [1;30mINFO[0m Creating environment hook '/home/teamojasdv/ros2_ws/install/realsense2_camera_msgs/share/realsense2_camera_msgs/hook/ld_library_path_lib.sh'
[2.855s] [34mcolcon.colcon_core.environment[0m [1;30mLevel 1[0m checking '/home/teamojasdv/ros2_ws/install/realsense2_camera_msgs/bin'
[2.855s] [34mcolcon.colcon_core.environment[0m [1;30mLevel 1[0m checking '/home/teamojasdv/ros2_ws/install/realsense2_camera_msgs/lib/pkgconfig/realsense2_camera_msgs.pc'
[2.856s] [34mcolcon.colcon_core.environment[0m [1;30mLevel 1[0m checking '/home/teamojasdv/ros2_ws/install/realsense2_camera_msgs/lib/python3.10/site-packages'
[2.857s] [34mcolcon.colcon_core.environment[0m [1;30mLevel 1[0m checking '/home/teamojasdv/ros2_ws/install/realsense2_camera_msgs/bin'
[2.858s] [34mcolcon.colcon_core.shell[0m [1;30mINFO[0m Creating package script '/home/teamojasdv/ros2_ws/install/realsense2_camera_msgs/share/realsense2_camera_msgs/package.ps1'
[2.862s] [34mcolcon.colcon_core.shell[0m [1;30mINFO[0m Creating package descriptor '/home/teamojasdv/ros2_ws/install/realsense2_camera_msgs/share/realsense2_camera_msgs/package.dsv'
[2.864s] [34mcolcon.colcon_core.shell[0m [1;30mINFO[0m Creating package script '/home/teamojasdv/ros2_ws/install/realsense2_camera_msgs/share/realsense2_camera_msgs/package.sh'
[2.867s] [34mcolcon.colcon_core.shell[0m [1;30mINFO[0m Creating package script '/home/teamojasdv/ros2_ws/install/realsense2_camera_msgs/share/realsense2_camera_msgs/package.bash'
[2.870s] [34mcolcon.colcon_core.shell[0m [1;30mINFO[0m Creating package script '/home/teamojasdv/ros2_ws/install/realsense2_camera_msgs/share/realsense2_camera_msgs/package.zsh'
[2.872s] [34mcolcon.colcon_core.environment[0m [1;30mLevel 1[0m create_file_with_runtime_dependencies(/home/teamojasdv/ros2_ws/install/realsense2_camera_msgs/share/colcon-core/packages/realsense2_camera_msgs)
[3.148s] [34mcolcon.colcon_core.environment[0m [1;30mLevel 1[0m create_environment_scripts_only(realsense2_camera_msgs)
[3.148s] [34mcolcon.colcon_core.environment[0m [1;30mLevel 1[0m checking '/home/teamojasdv/ros2_ws/install/realsense2_camera_msgs' for CMake module files
[3.150s] [34mcolcon.colcon_core.environment[0m [1;30mLevel 1[0m checking '/home/teamojasdv/ros2_ws/install/realsense2_camera_msgs' for CMake config files
[3.153s] [34mcolcon.colcon_core.shell[0m [1;30mLevel 1[0m create_environment_hook('realsense2_camera_msgs', 'cmake_prefix_path')
[3.154s] [34mcolcon.colcon_core.shell[0m [1;30mINFO[0m Creating environment hook '/home/teamojasdv/ros2_ws/install/realsense2_camera_msgs/share/realsense2_camera_msgs/hook/cmake_prefix_path.ps1'
[3.156s] [34mcolcon.colcon_core.shell[0m [1;30mINFO[0m Creating environment descriptor '/home/teamojasdv/ros2_ws/install/realsense2_camera_msgs/share/realsense2_camera_msgs/hook/cmake_prefix_path.dsv'
[3.157s] [34mcolcon.colcon_core.shell[0m [1;30mINFO[0m Creating environment hook '/home/teamojasdv/ros2_ws/install/realsense2_camera_msgs/share/realsense2_camera_msgs/hook/cmake_prefix_path.sh'
[3.159s] [34mcolcon.colcon_core.environment[0m [1;30mLevel 1[0m checking '/home/teamojasdv/ros2_ws/install/realsense2_camera_msgs/lib'
[3.159s] [34mcolcon.colcon_core.shell[0m [1;30mLevel 1[0m create_environment_hook('realsense2_camera_msgs', 'ld_library_path_lib')
[3.160s] [34mcolcon.colcon_core.shell[0m [1;30mINFO[0m Creating environment hook '/home/teamojasdv/ros2_ws/install/realsense2_camera_msgs/share/realsense2_camera_msgs/hook/ld_library_path_lib.ps1'
[3.162s] [34mcolcon.colcon_core.shell[0m [1;30mINFO[0m Creating environment descriptor '/home/teamojasdv/ros2_ws/install/realsense2_camera_msgs/share/realsense2_camera_msgs/hook/ld_library_path_lib.dsv'
[3.163s] [34mcolcon.colcon_core.shell[0m [1;30mINFO[0m Creating environment hook '/home/teamojasdv/ros2_ws/install/realsense2_camera_msgs/share/realsense2_camera_msgs/hook/ld_library_path_lib.sh'
[3.164s] [34mcolcon.colcon_core.environment[0m [1;30mLevel 1[0m checking '/home/teamojasdv/ros2_ws/install/realsense2_camera_msgs/bin'
[3.164s] [34mcolcon.colcon_core.environment[0m [1;30mLevel 1[0m checking '/home/teamojasdv/ros2_ws/install/realsense2_camera_msgs/lib/pkgconfig/realsense2_camera_msgs.pc'
[3.165s] [34mcolcon.colcon_core.environment[0m [1;30mLevel 1[0m checking '/home/teamojasdv/ros2_ws/install/realsense2_camera_msgs/lib/python3.10/site-packages'
[3.166s] [34mcolcon.colcon_core.environment[0m [1;30mLevel 1[0m checking '/home/teamojasdv/ros2_ws/install/realsense2_camera_msgs/bin'
[3.167s] [34mcolcon.colcon_core.shell[0m [1;30mINFO[0m Creating package script '/home/teamojasdv/ros2_ws/install/realsense2_camera_msgs/share/realsense2_camera_msgs/package.ps1'
[3.169s] [34mcolcon.colcon_core.shell[0m [1;30mINFO[0m Creating package descriptor '/home/teamojasdv/ros2_ws/install/realsense2_camera_msgs/share/realsense2_camera_msgs/package.dsv'
[3.171s] [34mcolcon.colcon_core.shell[0m [1;30mINFO[0m Creating package script '/home/teamojasdv/ros2_ws/install/realsense2_camera_msgs/share/realsense2_camera_msgs/package.sh'
[3.173s] [34mcolcon.colcon_core.shell[0m [1;30mINFO[0m Creating package script '/home/teamojasdv/ros2_ws/install/realsense2_camera_msgs/share/realsense2_camera_msgs/package.bash'
[3.174s] [34mcolcon.colcon_core.shell[0m [1;30mINFO[0m Creating package script '/home/teamojasdv/ros2_ws/install/realsense2_camera_msgs/share/realsense2_camera_msgs/package.zsh'
[3.175s] [34mcolcon.colcon_core.environment[0m [1;30mLevel 1[0m create_file_with_runtime_dependencies(/home/teamojasdv/ros2_ws/install/realsense2_camera_msgs/share/colcon-core/packages/realsense2_camera_msgs)
[3.176s] [34mcolcon.colcon_ros.task.ament_cmake.build[0m [1;30mINFO[0m Building ROS package in '/home/teamojasdv/ros2_ws/src/realsense-ros/realsense2_camera' with build type 'ament_cmake'
[3.177s] [34mcolcon.colcon_cmake.task.cmake.build[0m [1;30mINFO[0m Building CMake package in '/home/teamojasdv/ros2_ws/src/realsense-ros/realsense2_camera'
[3.178s] [34mcolcon.colcon_core.shell[0m [1;30mINFO[0m Skip shell extension 'powershell' for command environment: Not usable outside of PowerShell
[3.178s] [34mcolcon.colcon_core.shell[0m [1;30mDEBUG[0m [32mSkip shell extension 'dsv' for command environment[0m
[3.189s] [34mcolcon.colcon_ros.task.ament_cmake.build[0m [1;30mINFO[0m Building ROS package in '/home/teamojasdv/ros2_ws/src/realsense-ros/realsense2_description' with build type 'ament_cmake'
[3.190s] [34mcolcon.colcon_cmake.task.cmake.build[0m [1;30mINFO[0m Building CMake package in '/home/teamojasdv/ros2_ws/src/realsense-ros/realsense2_description'
[3.191s] [34mcolcon.colcon_core.shell[0m [1;30mINFO[0m Skip shell extension 'powershell' for command environment: Not usable outside of PowerShell
[3.191s] [34mcolcon.colcon_core.shell[0m [1;30mDEBUG[0m [32mSkip shell extension 'dsv' for command environment[0m
[3.207s] [34mcolcon.colcon_core.event_handler.log_command[0m [1;30mDEBUG[0m [32mInvoking command in '/home/teamojasdv/ros2_ws/build/realsense2_camera': CMAKE_PREFIX_PATH=/home/teamojasdv/ros2_ws/install/realsense2_camera_msgs:/home/teamojasdv/ros2_ws/install/realsense2_description:/home/teamojasdv/ros2_ws/install/realsense2_camera:/opt/ros/humble:/home/teamojasdv/ros2_ws/install/my_detection_package LD_LIBRARY_PATH=/home/teamojasdv/ros2_ws/install/realsense2_camera_msgs/lib:/opt/ros/humble/opt/rviz_ogre_vendor/lib:/opt/ros/humble/lib/aarch64-linux-gnu:/opt/ros/humble/lib:/home/teamojasdv/ros2_ws/install/realsense2_camera/lib:/usr/local/lib:/usr/local/lib:/usr/local/cuda-12.2/lib64 /usr/bin/cmake --build /home/teamojasdv/ros2_ws/build/realsense2_camera -- -j6 -l6[0m
[3.221s] [34mcolcon.colcon_core.event_handler.log_command[0m [1;30mDEBUG[0m [32mInvoking command in '/home/teamojasdv/ros2_ws/build/realsense2_description': CMAKE_PREFIX_PATH=/home/teamojasdv/ros2_ws/install/realsense2_camera_msgs:/home/teamojasdv/ros2_ws/install/realsense2_description:/home/teamojasdv/ros2_ws/install/realsense2_camera:/opt/ros/humble:/home/teamojasdv/ros2_ws/install/my_detection_package LD_LIBRARY_PATH=/home/teamojasdv/ros2_ws/install/realsense2_camera_msgs/lib:/opt/ros/humble/opt/rviz_ogre_vendor/lib:/opt/ros/humble/lib/aarch64-linux-gnu:/opt/ros/humble/lib:/home/teamojasdv/ros2_ws/install/realsense2_camera/lib:/usr/local/lib:/usr/local/lib:/usr/local/cuda-12.2/lib64 /usr/bin/cmake --build /home/teamojasdv/ros2_ws/build/realsense2_description -- -j6 -l6[0m
[3.290s] [34mcolcon.colcon_core.event_handler.log_command[0m [1;30mDEBUG[0m [32mInvoked command in '/home/teamojasdv/ros2_ws/build/realsense2_description' returned '0': CMAKE_PREFIX_PATH=/home/teamojasdv/ros2_ws/install/realsense2_camera_msgs:/home/teamojasdv/ros2_ws/install/realsense2_description:/home/teamojasdv/ros2_ws/install/realsense2_camera:/opt/ros/humble:/home/teamojasdv/ros2_ws/install/my_detection_package LD_LIBRARY_PATH=/home/teamojasdv/ros2_ws/install/realsense2_camera_msgs/lib:/opt/ros/humble/opt/rviz_ogre_vendor/lib:/opt/ros/humble/lib/aarch64-linux-gnu:/opt/ros/humble/lib:/home/teamojasdv/ros2_ws/install/realsense2_camera/lib:/usr/local/lib:/usr/local/lib:/usr/local/cuda-12.2/lib64 /usr/bin/cmake --build /home/teamojasdv/ros2_ws/build/realsense2_description -- -j6 -l6[0m
[3.346s] [34mcolcon.colcon_core.event_handler.log_command[0m [1;30mDEBUG[0m [32mInvoking command in '/home/teamojasdv/ros2_ws/build/realsense2_description': CMAKE_PREFIX_PATH=/home/teamojasdv/ros2_ws/install/realsense2_camera_msgs:/home/teamojasdv/ros2_ws/install/realsense2_description:/home/teamojasdv/ros2_ws/install/realsense2_camera:/opt/ros/humble:/home/teamojasdv/ros2_ws/install/my_detection_package LD_LIBRARY_PATH=/home/teamojasdv/ros2_ws/install/realsense2_camera_msgs/lib:/opt/ros/humble/opt/rviz_ogre_vendor/lib:/opt/ros/humble/lib/aarch64-linux-gnu:/opt/ros/humble/lib:/home/teamojasdv/ros2_ws/install/realsense2_camera/lib:/usr/local/lib:/usr/local/lib:/usr/local/cuda-12.2/lib64 /usr/bin/cmake --install /home/teamojasdv/ros2_ws/build/realsense2_description[0m
[3.400s] [34mcolcon.colcon_core.environment[0m [1;30mLevel 1[0m create_environment_scripts_only(realsense2_description)
[3.401s] [34mcolcon.colcon_core.environment[0m [1;30mLevel 1[0m checking '/home/teamojasdv/ros2_ws/install/realsense2_description' for CMake module files
[3.402s] [34mcolcon.colcon_core.event_handler.log_command[0m [1;30mDEBUG[0m [32mInvoked command in '/home/teamojasdv/ros2_ws/build/realsense2_description' returned '0': CMAKE_PREFIX_PATH=/home/teamojasdv/ros2_ws/install/realsense2_camera_msgs:/home/teamojasdv/ros2_ws/install/realsense2_description:/home/teamojasdv/ros2_ws/install/realsense2_camera:/opt/ros/humble:/home/teamojasdv/ros2_ws/install/my_detection_package LD_LIBRARY_PATH=/home/teamojasdv/ros2_ws/install/realsense2_camera_msgs/lib:/opt/ros/humble/opt/rviz_ogre_vendor/lib:/opt/ros/humble/lib/aarch64-linux-gnu:/opt/ros/humble/lib:/home/teamojasdv/ros2_ws/install/realsense2_camera/lib:/usr/local/lib:/usr/local/lib:/usr/local/cuda-12.2/lib64 /usr/bin/cmake --install /home/teamojasdv/ros2_ws/build/realsense2_description[0m
[3.404s] [34mcolcon.colcon_core.environment[0m [1;30mLevel 1[0m checking '/home/teamojasdv/ros2_ws/install/realsense2_description' for CMake config files
[3.406s] [34mcolcon.colcon_core.shell[0m [1;30mLevel 1[0m create_environment_hook('realsense2_description', 'cmake_prefix_path')
[3.407s] [34mcolcon.colcon_core.shell[0m [1;30mINFO[0m Creating environment hook '/home/teamojasdv/ros2_ws/install/realsense2_description/share/realsense2_description/hook/cmake_prefix_path.ps1'
[3.408s] [34mcolcon.colcon_core.shell[0m [1;30mINFO[0m Creating environment descriptor '/home/teamojasdv/ros2_ws/install/realsense2_description/share/realsense2_description/hook/cmake_prefix_path.dsv'
[3.410s] [34mcolcon.colcon_core.shell[0m [1;30mINFO[0m Creating environment hook '/home/teamojasdv/ros2_ws/install/realsense2_description/share/realsense2_description/hook/cmake_prefix_path.sh'
[3.411s] [34mcolcon.colcon_core.environment[0m [1;30mLevel 1[0m checking '/home/teamojasdv/ros2_ws/install/realsense2_description/bin'
[3.412s] [34mcolcon.colcon_core.environment[0m [1;30mLevel 1[0m checking '/home/teamojasdv/ros2_ws/install/realsense2_description/lib/pkgconfig/realsense2_description.pc'
[3.413s] [34mcolcon.colcon_core.environment[0m [1;30mLevel 1[0m checking '/home/teamojasdv/ros2_ws/install/realsense2_description/lib/python3.10/site-packages'
[3.414s] [34mcolcon.colcon_core.environment[0m [1;30mLevel 1[0m checking '/home/teamojasdv/ros2_ws/install/realsense2_description/bin'
[3.415s] [34mcolcon.colcon_core.shell[0m [1;30mINFO[0m Creating package script '/home/teamojasdv/ros2_ws/install/realsense2_description/share/realsense2_description/package.ps1'
[3.416s] [34mcolcon.colcon_core.shell[0m [1;30mINFO[0m Creating package descriptor '/home/teamojasdv/ros2_ws/install/realsense2_description/share/realsense2_description/package.dsv'
[3.418s] [34mcolcon.colcon_core.shell[0m [1;30mINFO[0m Creating package script '/home/teamojasdv/ros2_ws/install/realsense2_description/share/realsense2_description/package.sh'
[3.420s] [34mcolcon.colcon_core.shell[0m [1;30mINFO[0m Creating package script '/home/teamojasdv/ros2_ws/install/realsense2_description/share/realsense2_description/package.bash'
[3.421s] [34mcolcon.colcon_core.shell[0m [1;30mINFO[0m Creating package script '/home/teamojasdv/ros2_ws/install/realsense2_description/share/realsense2_description/package.zsh'
[3.422s] [34mcolcon.colcon_core.environment[0m [1;30mLevel 1[0m create_file_with_runtime_dependencies(/home/teamojasdv/ros2_ws/install/realsense2_description/share/colcon-core/packages/realsense2_description)
[3.428s] [34mcolcon.colcon_core.event_handler.log_command[0m [1;30mDEBUG[0m [32mInvoked command in '/home/teamojasdv/ros2_ws/build/realsense2_camera' returned '0': CMAKE_PREFIX_PATH=/home/teamojasdv/ros2_ws/install/realsense2_camera_msgs:/home/teamojasdv/ros2_ws/install/realsense2_description:/home/teamojasdv/ros2_ws/install/realsense2_camera:/opt/ros/humble:/home/teamojasdv/ros2_ws/install/my_detection_package LD_LIBRARY_PATH=/home/teamojasdv/ros2_ws/install/realsense2_camera_msgs/lib:/opt/ros/humble/opt/rviz_ogre_vendor/lib:/opt/ros/humble/lib/aarch64-linux-gnu:/opt/ros/humble/lib:/home/teamojasdv/ros2_ws/install/realsense2_camera/lib:/usr/local/lib:/usr/local/lib:/usr/local/cuda-12.2/lib64 /usr/bin/cmake --build /home/teamojasdv/ros2_ws/build/realsense2_camera -- -j6 -l6[0m
[3.468s] [34mcolcon.colcon_core.event_handler.log_command[0m [1;30mDEBUG[0m [32mInvoking command in '/home/teamojasdv/ros2_ws/build/my_detection_package': PYTHONPATH=/home/teamojasdv/ros2_ws/build/my_detection_package/prefix_override:/usr/lib/python3/dist-packages/colcon_core/task/python/colcon_distutils_commands:/home/teamojasdv/ros2_ws/install/my_detection_package/lib/python3.10/site-packages:${PYTHONPATH} /usr/bin/python3 -W ignore:setup.py install is deprecated setup.py develop --editable --build-directory /home/teamojasdv/ros2_ws/build/my_detection_package/build --no-deps symlink_data[0m
[3.471s] [34mcolcon.colcon_core.environment[0m [1;30mLevel 1[0m create_environment_scripts_only(realsense2_description)
[3.472s] [34mcolcon.colcon_core.environment[0m [1;30mLevel 1[0m checking '/home/teamojasdv/ros2_ws/install/realsense2_description' for CMake module files
[3.474s] [34mcolcon.colcon_core.environment[0m [1;30mLevel 1[0m checking '/home/teamojasdv/ros2_ws/install/realsense2_description' for CMake config files
[3.476s] [34mcolcon.colcon_core.shell[0m [1;30mLevel 1[0m create_environment_hook('realsense2_description', 'cmake_prefix_path')
[3.477s] [34mcolcon.colcon_core.shell[0m [1;30mINFO[0m Creating environment hook '/home/teamojasdv/ros2_ws/install/realsense2_description/share/realsense2_description/hook/cmake_prefix_path.ps1'
[3.479s] [34mcolcon.colcon_core.shell[0m [1;30mINFO[0m Creating environment descriptor '/home/teamojasdv/ros2_ws/install/realsense2_description/share/realsense2_description/hook/cmake_prefix_path.dsv'
[3.480s] [34mcolcon.colcon_core.shell[0m [1;30mINFO[0m Creating environment hook '/home/teamojasdv/ros2_ws/install/realsense2_description/share/realsense2_description/hook/cmake_prefix_path.sh'
[3.482s] [34mcolcon.colcon_core.environment[0m [1;30mLevel 1[0m checking '/home/teamojasdv/ros2_ws/install/realsense2_description/bin'
[3.483s] [34mcolcon.colcon_core.environment[0m [1;30mLevel 1[0m checking '/home/teamojasdv/ros2_ws/install/realsense2_description/lib/pkgconfig/realsense2_description.pc'
[3.484s] [34mcolcon.colcon_core.environment[0m [1;30mLevel 1[0m checking '/home/teamojasdv/ros2_ws/install/realsense2_description/lib/python3.10/site-packages'
[3.484s] [34mcolcon.colcon_core.environment[0m [1;30mLevel 1[0m checking '/home/teamojasdv/ros2_ws/install/realsense2_description/bin'
[3.485s] [34mcolcon.colcon_core.shell[0m [1;30mINFO[0m Creating package script '/home/teamojasdv/ros2_ws/install/realsense2_description/share/realsense2_description/package.ps1'
[3.487s] [34mcolcon.colcon_core.shell[0m [1;30mINFO[0m Creating package descriptor '/home/teamojasdv/ros2_ws/install/realsense2_description/share/realsense2_description/package.dsv'
[3.488s] [34mcolcon.colcon_core.shell[0m [1;30mINFO[0m Creating package script '/home/teamojasdv/ros2_ws/install/realsense2_description/share/realsense2_description/package.sh'
[3.489s] [34mcolcon.colcon_core.shell[0m [1;30mINFO[0m Creating package script '/home/teamojasdv/ros2_ws/install/realsense2_description/share/realsense2_description/package.bash'
[3.490s] [34mcolcon.colcon_core.shell[0m [1;30mINFO[0m Creating package script '/home/teamojasdv/ros2_ws/install/realsense2_description/share/realsense2_description/package.zsh'
[3.491s] [34mcolcon.colcon_core.environment[0m [1;30mLevel 1[0m create_file_with_runtime_dependencies(/home/teamojasdv/ros2_ws/install/realsense2_description/share/colcon-core/packages/realsense2_description)
[3.552s] [34mcolcon.colcon_core.event_handler.log_command[0m [1;30mDEBUG[0m [32mInvoking command in '/home/teamojasdv/ros2_ws/build/realsense2_camera': CMAKE_PREFIX_PATH=/home/teamojasdv/ros2_ws/install/realsense2_camera_msgs:/home/teamojasdv/ros2_ws/install/realsense2_description:/home/teamojasdv/ros2_ws/install/realsense2_camera:/opt/ros/humble:/home/teamojasdv/ros2_ws/install/my_detection_package LD_LIBRARY_PATH=/home/teamojasdv/ros2_ws/install/realsense2_camera_msgs/lib:/opt/ros/humble/opt/rviz_ogre_vendor/lib:/opt/ros/humble/lib/aarch64-linux-gnu:/opt/ros/humble/lib:/home/teamojasdv/ros2_ws/install/realsense2_camera/lib:/usr/local/lib:/usr/local/lib:/usr/local/cuda-12.2/lib64 /usr/bin/cmake --install /home/teamojasdv/ros2_ws/build/realsense2_camera[0m
[3.603s] [34mcolcon.colcon_core.environment[0m [1;30mLevel 1[0m create_environment_scripts_only(realsense2_camera)
[3.604s] [34mcolcon.colcon_core.environment[0m [1;30mLevel 1[0m checking '/home/teamojasdv/ros2_ws/install/realsense2_camera' for CMake module files
[3.606s] [34mcolcon.colcon_core.event_handler.log_command[0m [1;30mDEBUG[0m [32mInvoked command in '/home/teamojasdv/ros2_ws/build/realsense2_camera' returned '0': CMAKE_PREFIX_PATH=/home/teamojasdv/ros2_ws/install/realsense2_camera_msgs:/home/teamojasdv/ros2_ws/install/realsense2_description:/home/teamojasdv/ros2_ws/install/realsense2_camera:/opt/ros/humble:/home/teamojasdv/ros2_ws/install/my_detection_package LD_LIBRARY_PATH=/home/teamojasdv/ros2_ws/install/realsense2_camera_msgs/lib:/opt/ros/humble/opt/rviz_ogre_vendor/lib:/opt/ros/humble/lib/aarch64-linux-gnu:/opt/ros/humble/lib:/home/teamojasdv/ros2_ws/install/realsense2_camera/lib:/usr/local/lib:/usr/local/lib:/usr/local/cuda-12.2/lib64 /usr/bin/cmake --install /home/teamojasdv/ros2_ws/build/realsense2_camera[0m
[3.608s] [34mcolcon.colcon_core.environment[0m [1;30mLevel 1[0m checking '/home/teamojasdv/ros2_ws/install/realsense2_camera' for CMake config files
[3.609s] [34mcolcon.colcon_core.shell[0m [1;30mLevel 1[0m create_environment_hook('realsense2_camera', 'cmake_prefix_path')
[3.610s] [34mcolcon.colcon_core.shell[0m [1;30mINFO[0m Creating environment hook '/home/teamojasdv/ros2_ws/install/realsense2_camera/share/realsense2_camera/hook/cmake_prefix_path.ps1'
[3.612s] [34mcolcon.colcon_core.shell[0m [1;30mINFO[0m Creating environment descriptor '/home/teamojasdv/ros2_ws/install/realsense2_camera/share/realsense2_camera/hook/cmake_prefix_path.dsv'
[3.613s] [34mcolcon.colcon_core.shell[0m [1;30mINFO[0m Creating environment hook '/home/teamojasdv/ros2_ws/install/realsense2_camera/share/realsense2_camera/hook/cmake_prefix_path.sh'
[3.615s] [34mcolcon.colcon_core.environment[0m [1;30mLevel 1[0m checking '/home/teamojasdv/ros2_ws/install/realsense2_camera/lib'
[3.615s] [34mcolcon.colcon_core.shell[0m [1;30mLevel 1[0m create_environment_hook('realsense2_camera', 'ld_library_path_lib')
[3.616s] [34mcolcon.colcon_core.shell[0m [1;30mINFO[0m Creating environment hook '/home/teamojasdv/ros2_ws/install/realsense2_camera/share/realsense2_camera/hook/ld_library_path_lib.ps1'
[3.617s] [34mcolcon.colcon_core.shell[0m [1;30mINFO[0m Creating environment descriptor '/home/teamojasdv/ros2_ws/install/realsense2_camera/share/realsense2_camera/hook/ld_library_path_lib.dsv'
[3.617s] [34mcolcon.colcon_core.shell[0m [1;30mINFO[0m Creating environment hook '/home/teamojasdv/ros2_ws/install/realsense2_camera/share/realsense2_camera/hook/ld_library_path_lib.sh'
[3.618s] [34mcolcon.colcon_core.environment[0m [1;30mLevel 1[0m checking '/home/teamojasdv/ros2_ws/install/realsense2_camera/bin'
[3.618s] [34mcolcon.colcon_core.environment[0m [1;30mLevel 1[0m checking '/home/teamojasdv/ros2_ws/install/realsense2_camera/lib/pkgconfig/realsense2_camera.pc'
[3.619s] [34mcolcon.colcon_core.environment[0m [1;30mLevel 1[0m checking '/home/teamojasdv/ros2_ws/install/realsense2_camera/lib/python3.10/site-packages'
[3.619s] [34mcolcon.colcon_core.environment[0m [1;30mLevel 1[0m checking '/home/teamojasdv/ros2_ws/install/realsense2_camera/bin'
[3.620s] [34mcolcon.colcon_core.shell[0m [1;30mINFO[0m Creating package script '/home/teamojasdv/ros2_ws/install/realsense2_camera/share/realsense2_camera/package.ps1'
[3.621s] [34mcolcon.colcon_core.shell[0m [1;30mINFO[0m Creating package descriptor '/home/teamojasdv/ros2_ws/install/realsense2_camera/share/realsense2_camera/package.dsv'
[3.622s] [34mcolcon.colcon_core.shell[0m [1;30mINFO[0m Creating package script '/home/teamojasdv/ros2_ws/install/realsense2_camera/share/realsense2_camera/package.sh'
[3.623s] [34mcolcon.colcon_core.shell[0m [1;30mINFO[0m Creating package script '/home/teamojasdv/ros2_ws/install/realsense2_camera/share/realsense2_camera/package.bash'
[3.624s] [34mcolcon.colcon_core.shell[0m [1;30mINFO[0m Creating package script '/home/teamojasdv/ros2_ws/install/realsense2_camera/share/realsense2_camera/package.zsh'
[3.625s] [34mcolcon.colcon_core.environment[0m [1;30mLevel 1[0m create_file_with_runtime_dependencies(/home/teamojasdv/ros2_ws/install/realsense2_camera/share/colcon-core/packages/realsense2_camera)
[3.736s] [34mcolcon.colcon_core.environment[0m [1;30mLevel 1[0m create_environment_scripts_only(realsense2_camera)
[3.738s] [34mcolcon.colcon_core.environment[0m [1;30mLevel 1[0m checking '/home/teamojasdv/ros2_ws/install/realsense2_camera' for CMake module files
[3.740s] [34mcolcon.colcon_core.environment[0m [1;30mLevel 1[0m checking '/home/teamojasdv/ros2_ws/install/realsense2_camera' for CMake config files
[3.741s] [34mcolcon.colcon_core.shell[0m [1;30mLevel 1[0m create_environment_hook('realsense2_camera', 'cmake_prefix_path')
[3.742s] [34mcolcon.colcon_core.shell[0m [1;30mINFO[0m Creating environment hook '/home/teamojasdv/ros2_ws/install/realsense2_camera/share/realsense2_camera/hook/cmake_prefix_path.ps1'
[3.744s] [34mcolcon.colcon_core.shell[0m [1;30mINFO[0m Creating environment descriptor '/home/teamojasdv/ros2_ws/install/realsense2_camera/share/realsense2_camera/hook/cmake_prefix_path.dsv'
[3.745s] [34mcolcon.colcon_core.shell[0m [1;30mINFO[0m Creating environment hook '/home/teamojasdv/ros2_ws/install/realsense2_camera/share/realsense2_camera/hook/cmake_prefix_path.sh'
[3.746s] [34mcolcon.colcon_core.environment[0m [1;30mLevel 1[0m checking '/home/teamojasdv/ros2_ws/install/realsense2_camera/lib'
[3.747s] [34mcolcon.colcon_core.shell[0m [1;30mLevel 1[0m create_environment_hook('realsense2_camera', 'ld_library_path_lib')
[3.747s] [34mcolcon.colcon_core.shell[0m [1;30mINFO[0m Creating environment hook '/home/teamojasdv/ros2_ws/install/realsense2_camera/share/realsense2_camera/hook/ld_library_path_lib.ps1'
[3.749s] [34mcolcon.colcon_core.shell[0m [1;30mINFO[0m Creating environment descriptor '/home/teamojasdv/ros2_ws/install/realsense2_camera/share/realsense2_camera/hook/ld_library_path_lib.dsv'
[3.750s] [34mcolcon.colcon_core.shell[0m [1;30mINFO[0m Creating environment hook '/home/teamojasdv/ros2_ws/install/realsense2_camera/share/realsense2_camera/hook/ld_library_path_lib.sh'
[3.751s] [34mcolcon.colcon_core.environment[0m [1;30mLevel 1[0m checking '/home/teamojasdv/ros2_ws/install/realsense2_camera/bin'
[3.751s] [34mcolcon.colcon_core.environment[0m [1;30mLevel 1[0m checking '/home/teamojasdv/ros2_ws/install/realsense2_camera/lib/pkgconfig/realsense2_camera.pc'
[3.752s] [34mcolcon.colcon_core.environment[0m [1;30mLevel 1[0m checking '/home/teamojasdv/ros2_ws/install/realsense2_camera/lib/python3.10/site-packages'
[3.753s] [34mcolcon.colcon_core.environment[0m [1;30mLevel 1[0m checking '/home/teamojasdv/ros2_ws/install/realsense2_camera/bin'
[3.754s] [34mcolcon.colcon_core.shell[0m [1;30mINFO[0m Creating package script '/home/teamojasdv/ros2_ws/install/realsense2_camera/share/realsense2_camera/package.ps1'
[3.756s] [34mcolcon.colcon_core.shell[0m [1;30mINFO[0m Creating package descriptor '/home/teamojasdv/ros2_ws/install/realsense2_camera/share/realsense2_camera/package.dsv'
[3.758s] [34mcolcon.colcon_core.shell[0m [1;30mINFO[0m Creating package script '/home/teamojasdv/ros2_ws/install/realsense2_camera/share/realsense2_camera/package.sh'
[3.759s] [34mcolcon.colcon_core.shell[0m [1;30mINFO[0m Creating package script '/home/teamojasdv/ros2_ws/install/realsense2_camera/share/realsense2_camera/package.bash'
[3.760s] [34mcolcon.colcon_core.shell[0m [1;30mINFO[0m Creating package script '/home/teamojasdv/ros2_ws/install/realsense2_camera/share/realsense2_camera/package.zsh'
[3.762s] [34mcolcon.colcon_core.environment[0m [1;30mLevel 1[0m create_file_with_runtime_dependencies(/home/teamojasdv/ros2_ws/install/realsense2_camera/share/colcon-core/packages/realsense2_camera)
[5.339s] [34mcolcon.colcon_core.shell[0m [1;30mLevel 1[0m create_environment_hook('my_detection_package', 'pythonpath_develop')
[5.340s] [34mcolcon.colcon_core.shell[0m [1;30mINFO[0m Creating environment hook '/home/teamojasdv/ros2_ws/build/my_detection_package/share/my_detection_package/hook/pythonpath_develop.ps1'
[5.341s] [34mcolcon.colcon_core.event_handler.log_command[0m [1;30mDEBUG[0m [32mInvoked command in '/home/teamojasdv/ros2_ws/build/my_detection_package' returned '0': PYTHONPATH=/home/teamojasdv/ros2_ws/build/my_detection_package/prefix_override:/usr/lib/python3/dist-packages/colcon_core/task/python/colcon_distutils_commands:/home/teamojasdv/ros2_ws/install/my_detection_package/lib/python3.10/site-packages:${PYTHONPATH} /usr/bin/python3 -W ignore:setup.py install is deprecated setup.py develop --editable --build-directory /home/teamojasdv/ros2_ws/build/my_detection_package/build --no-deps symlink_data[0m
[5.343s] [34mcolcon.colcon_core.shell[0m [1;30mINFO[0m Creating environment descriptor '/home/teamojasdv/ros2_ws/build/my_detection_package/share/my_detection_package/hook/pythonpath_develop.dsv'
[5.344s] [34mcolcon.colcon_core.shell[0m [1;30mINFO[0m Creating environment hook '/home/teamojasdv/ros2_ws/build/my_detection_package/share/my_detection_package/hook/pythonpath_develop.sh'
[5.346s] [34mcolcon.colcon_core.environment[0m [1;30mLevel 1[0m checking '/home/teamojasdv/ros2_ws/install/my_detection_package' for CMake module files
[5.347s] [34mcolcon.colcon_core.environment[0m [1;30mLevel 1[0m checking '/home/teamojasdv/ros2_ws/install/my_detection_package' for CMake config files
[5.348s] [34mcolcon.colcon_core.environment[0m [1;30mLevel 1[0m checking '/home/teamojasdv/ros2_ws/install/my_detection_package/lib'
[5.349s] [34mcolcon.colcon_core.environment[0m [1;30mLevel 1[0m checking '/home/teamojasdv/ros2_ws/install/my_detection_package/bin'
[5.349s] [34mcolcon.colcon_core.environment[0m [1;30mLevel 1[0m checking '/home/teamojasdv/ros2_ws/install/my_detection_package/lib/pkgconfig/my_detection_package.pc'
[5.349s] [34mcolcon.colcon_core.environment[0m [1;30mLevel 1[0m checking '/home/teamojasdv/ros2_ws/install/my_detection_package/lib/python3.10/site-packages'
[5.349s] [34mcolcon.colcon_core.shell[0m [1;30mLevel 1[0m create_environment_hook('my_detection_package', 'pythonpath')
[5.350s] [34mcolcon.colcon_core.shell[0m [1;30mINFO[0m Creating environment hook '/home/teamojasdv/ros2_ws/install/my_detection_package/share/my_detection_package/hook/pythonpath.ps1'
[5.351s] [34mcolcon.colcon_core.shell[0m [1;30mINFO[0m Creating environment descriptor '/home/teamojasdv/ros2_ws/install/my_detection_package/share/my_detection_package/hook/pythonpath.dsv'
[5.352s] [34mcolcon.colcon_core.shell[0m [1;30mINFO[0m Creating environment hook '/home/teamojasdv/ros2_ws/install/my_detection_package/share/my_detection_package/hook/pythonpath.sh'
[5.353s] [34mcolcon.colcon_core.environment[0m [1;30mLevel 1[0m checking '/home/teamojasdv/ros2_ws/install/my_detection_package/bin'
[5.353s] [34mcolcon.colcon_core.environment[0m [1;30mLevel 1[0m create_environment_scripts_only(my_detection_package)
[5.354s] [34mcolcon.colcon_core.shell[0m [1;30mINFO[0m Creating package script '/home/teamojasdv/ros2_ws/install/my_detection_package/share/my_detection_package/package.ps1'
[5.355s] [34mcolcon.colcon_core.shell[0m [1;30mINFO[0m Creating package descriptor '/home/teamojasdv/ros2_ws/install/my_detection_package/share/my_detection_package/package.dsv'
[5.356s] [34mcolcon.colcon_core.shell[0m [1;30mINFO[0m Creating package script '/home/teamojasdv/ros2_ws/install/my_detection_package/share/my_detection_package/package.sh'
[5.357s] [34mcolcon.colcon_core.shell[0m [1;30mINFO[0m Creating package script '/home/teamojasdv/ros2_ws/install/my_detection_package/share/my_detection_package/package.bash'
[5.357s] [34mcolcon.colcon_core.shell[0m [1;30mINFO[0m Creating package script '/home/teamojasdv/ros2_ws/install/my_detection_package/share/my_detection_package/package.zsh'
[5.358s] [34mcolcon.colcon_core.environment[0m [1;30mLevel 1[0m create_file_with_runtime_dependencies(/home/teamojasdv/ros2_ws/install/my_detection_package/share/colcon-core/packages/my_detection_package)
[5.359s] [34mcolcon.colcon_parallel_executor.executor.parallel[0m [1;30mDEBUG[0m [32mclosing loop[0m
[5.360s] [34mcolcon.colcon_parallel_executor.executor.parallel[0m [1;30mDEBUG[0m [32mloop closed[0m
[5.360s] [34mcolcon.colcon_parallel_executor.executor.parallel[0m [1;30mDEBUG[0m [32mrun_until_complete finished with '0'[0m
[5.361s] [34mcolcon.colcon_core.event_reactor[0m [1;30mDEBUG[0m [32mjoining thread[0m
[5.382s] [34mcolcon.colcon_core.plugin_system[0m [1;30mINFO[0m Skipping extension 'colcon_notification.desktop_notification.terminal_notifier': Not used on non-Darwin systems
[5.382s] [34mcolcon.colcon_core.plugin_system[0m [1;30mINFO[0m Skipping extension 'colcon_notification.desktop_notification.win32': Not used on non-Windows systems
[5.383s] [34mcolcon.colcon_notification.desktop_notification[0m [1;30mINFO[0m Sending desktop notification using 'notify2'
[5.422s] [34mcolcon.colcon_core.event_reactor[0m [1;30mDEBUG[0m [32mjoined thread[0m
[5.424s] [34mcolcon.colcon_core.shell[0m [1;30mINFO[0m Creating prefix script '/home/teamojasdv/ros2_ws/install/local_setup.ps1'
[5.429s] [34mcolcon.colcon_core.shell[0m [1;30mINFO[0m Creating prefix util module '/home/teamojasdv/ros2_ws/install/_local_setup_util_ps1.py'
[5.434s] [34mcolcon.colcon_core.shell[0m [1;30mINFO[0m Creating prefix chain script '/home/teamojasdv/ros2_ws/install/setup.ps1'
[5.437s] [34mcolcon.colcon_core.shell[0m [1;30mINFO[0m Creating prefix script '/home/teamojasdv/ros2_ws/install/local_setup.sh'
[5.438s] [34mcolcon.colcon_core.shell[0m [1;30mINFO[0m Creating prefix util module '/home/teamojasdv/ros2_ws/install/_local_setup_util_sh.py'
[5.439s] [34mcolcon.colcon_core.shell[0m [1;30mINFO[0m Creating prefix chain script '/home/teamojasdv/ros2_ws/install/setup.sh'
[5.442s] [34mcolcon.colcon_core.shell[0m [1;30mINFO[0m Creating prefix script '/home/teamojasdv/ros2_ws/install/local_setup.bash'
[5.443s] [34mcolcon.colcon_core.shell[0m [1;30mINFO[0m Creating prefix chain script '/home/teamojasdv/ros2_ws/install/setup.bash'
[5.447s] [34mcolcon.colcon_core.shell[0m [1;30mINFO[0m Creating prefix script '/home/teamojasdv/ros2_ws/install/local_setup.zsh'
[5.449s] [34mcolcon.colcon_core.shell[0m [1;30mINFO[0m Creating prefix chain script '/home/teamojasdv/ros2_ws/install/setup.zsh'
