[0.023s] Invoking command in '/home/teamojasdv/ros2_ws/build/realsense2_camera': CMAKE_PREFIX_PATH=/home/teamojasdv/ros2_ws/install/realsense2_camera_msgs:/home/teamojasdv/ros2_ws/install/realsense2_description:/home/teamojasdv/ros2_ws/install/realsense2_camera:/opt/ros/humble:/home/teamojasdv/ros2_ws/install/my_detection_package LD_LIBRARY_PATH=/home/teamojasdv/ros2_ws/install/realsense2_camera_msgs/lib:/opt/ros/humble/opt/rviz_ogre_vendor/lib:/opt/ros/humble/lib/aarch64-linux-gnu:/opt/ros/humble/lib:/home/teamojasdv/ros2_ws/install/realsense2_camera/lib:/usr/local/lib:/usr/local/lib:/usr/local/cuda-12.2/lib64 /usr/bin/cmake --build /home/teamojasdv/ros2_ws/build/realsense2_camera -- -j6 -l6
[0.154s] [  9%] Built target gtest_main
[0.162s] [ 18%] Built target gtest
[0.173s] [ 27%] Built target realsense2_camera_node
[0.207s] [ 90%] Built target realsense2_camera
[0.215s] [100%] Built target gtest_template
[0.242s] Invoked command in '/home/teamojasdv/ros2_ws/build/realsense2_camera' returned '0': CMAKE_PREFIX_PATH=/home/teamojasdv/ros2_ws/install/realsense2_camera_msgs:/home/teamojasdv/ros2_ws/install/realsense2_description:/home/teamojasdv/ros2_ws/install/realsense2_camera:/opt/ros/humble:/home/teamojasdv/ros2_ws/install/my_detection_package LD_LIBRARY_PATH=/home/teamojasdv/ros2_ws/install/realsense2_camera_msgs/lib:/opt/ros/humble/opt/rviz_ogre_vendor/lib:/opt/ros/humble/lib/aarch64-linux-gnu:/opt/ros/humble/lib:/home/teamojasdv/ros2_ws/install/realsense2_camera/lib:/usr/local/lib:/usr/local/lib:/usr/local/cuda-12.2/lib64 /usr/bin/cmake --build /home/teamojasdv/ros2_ws/build/realsense2_camera -- -j6 -l6
[0.358s] Invoking command in '/home/teamojasdv/ros2_ws/build/realsense2_camera': CMAKE_PREFIX_PATH=/home/teamojasdv/ros2_ws/install/realsense2_camera_msgs:/home/teamojasdv/ros2_ws/install/realsense2_description:/home/teamojasdv/ros2_ws/install/realsense2_camera:/opt/ros/humble:/home/teamojasdv/ros2_ws/install/my_detection_package LD_LIBRARY_PATH=/home/teamojasdv/ros2_ws/install/realsense2_camera_msgs/lib:/opt/ros/humble/opt/rviz_ogre_vendor/lib:/opt/ros/humble/lib/aarch64-linux-gnu:/opt/ros/humble/lib:/home/teamojasdv/ros2_ws/install/realsense2_camera/lib:/usr/local/lib:/usr/local/lib:/usr/local/cuda-12.2/lib64 /usr/bin/cmake --install /home/teamojasdv/ros2_ws/build/realsense2_camera
[0.373s] -- Install configuration: "Release"
[0.374s] -- Execute custom install script
[0.374s] -- Up-to-date symlink: /home/teamojasdv/ros2_ws/install/realsense2_camera/lib/realsense2_camera/realsense2_camera_node
[0.375s] -- Up-to-date symlink: /home/teamojasdv/ros2_ws/install/realsense2_camera/lib/librealsense2_camera.so
[0.376s] -- Up-to-date symlink: /home/teamojasdv/ros2_ws/install/realsense2_camera/include/base_realsense_node.h
[0.376s] -- Up-to-date symlink: /home/teamojasdv/ros2_ws/install/realsense2_camera/include/constants.h
[0.376s] -- Up-to-date symlink: /home/teamojasdv/ros2_ws/install/realsense2_camera/include/dynamic_params.h
[0.376s] -- Up-to-date symlink: /home/teamojasdv/ros2_ws/install/realsense2_camera/include/gl_window.h
[0.376s] -- Up-to-date symlink: /home/teamojasdv/ros2_ws/install/realsense2_camera/include/image_publisher.h
[0.377s] -- Up-to-date symlink: /home/teamojasdv/ros2_ws/install/realsense2_camera/include/named_filter.h
[0.377s] -- Up-to-date symlink: /home/teamojasdv/ros2_ws/install/realsense2_camera/include/profile_manager.h
[0.377s] -- Up-to-date symlink: /home/teamojasdv/ros2_ws/install/realsense2_camera/include/realsense_node_factory.h
[0.377s] -- Up-to-date symlink: /home/teamojasdv/ros2_ws/install/realsense2_camera/include/ros_param_backend.h
[0.378s] -- Up-to-date symlink: /home/teamojasdv/ros2_ws/install/realsense2_camera/include/ros_sensor.h
[0.378s] -- Up-to-date symlink: /home/teamojasdv/ros2_ws/install/realsense2_camera/include/ros_utils.h
[0.378s] -- Up-to-date symlink: /home/teamojasdv/ros2_ws/install/realsense2_camera/include/sensor_params.h
[0.379s] -- Up-to-date symlink: /home/teamojasdv/ros2_ws/install/realsense2_camera/share/realsense2_camera/launch/default.rviz
[0.379s] -- Up-to-date symlink: /home/teamojasdv/ros2_ws/install/realsense2_camera/share/realsense2_camera/launch/rs_intra_process_demo_launch.py
[0.379s] -- Up-to-date symlink: /home/teamojasdv/ros2_ws/install/realsense2_camera/share/realsense2_camera/launch/rs_launch.py
[0.379s] -- Up-to-date symlink: /home/teamojasdv/ros2_ws/install/realsense2_camera/share/realsense2_camera/launch/rs_multi_camera_launch.py
[0.380s] -- Up-to-date symlink: /home/teamojasdv/ros2_ws/install/realsense2_camera/share/realsense2_camera/examples/align_depth/README.md
[0.380s] -- Up-to-date symlink: /home/teamojasdv/ros2_ws/install/realsense2_camera/share/realsense2_camera/examples/align_depth/rs_align_depth_launch.py
[0.380s] -- Up-to-date symlink: /home/teamojasdv/ros2_ws/install/realsense2_camera/share/realsense2_camera/examples/dual_camera/README.md
[0.381s] -- Up-to-date symlink: /home/teamojasdv/ros2_ws/install/realsense2_camera/share/realsense2_camera/examples/dual_camera/rs_dual_camera_launch.py
[0.381s] -- Up-to-date symlink: /home/teamojasdv/ros2_ws/install/realsense2_camera/share/realsense2_camera/examples/dual_camera/rviz/dual_camera_pointcloud.rviz
[0.381s] -- Up-to-date symlink: /home/teamojasdv/ros2_ws/install/realsense2_camera/share/realsense2_camera/examples/launch_from_rosbag/README.md
[0.381s] -- Up-to-date symlink: /home/teamojasdv/ros2_ws/install/realsense2_camera/share/realsense2_camera/examples/launch_from_rosbag/rs_launch_from_rosbag.py
[0.381s] -- Up-to-date symlink: /home/teamojasdv/ros2_ws/install/realsense2_camera/share/realsense2_camera/examples/launch_params_from_file/README.md
[0.382s] -- Up-to-date symlink: /home/teamojasdv/ros2_ws/install/realsense2_camera/share/realsense2_camera/examples/launch_params_from_file/config/config.yaml
[0.382s] -- Up-to-date symlink: /home/teamojasdv/ros2_ws/install/realsense2_camera/share/realsense2_camera/examples/launch_params_from_file/rs_launch_get_params_from_yaml.py
[0.382s] -- Up-to-date symlink: /home/teamojasdv/ros2_ws/install/realsense2_camera/share/realsense2_camera/examples/pointcloud/README.md
[0.382s] -- Up-to-date symlink: /home/teamojasdv/ros2_ws/install/realsense2_camera/share/realsense2_camera/examples/pointcloud/rs_d405_pointcloud_launch.py
[0.382s] -- Up-to-date symlink: /home/teamojasdv/ros2_ws/install/realsense2_camera/share/realsense2_camera/examples/pointcloud/rs_d455_pointcloud_launch.py
[0.383s] -- Up-to-date symlink: /home/teamojasdv/ros2_ws/install/realsense2_camera/share/realsense2_camera/examples/pointcloud/rs_pointcloud_launch.py
[0.383s] -- Up-to-date symlink: /home/teamojasdv/ros2_ws/install/realsense2_camera/share/realsense2_camera/examples/pointcloud/rviz/pointcloud.rviz
[0.383s] -- Up-to-date symlink: /home/teamojasdv/ros2_ws/install/realsense2_camera/share/realsense2_camera/examples/pointcloud/rviz/urdf_pointcloud.rviz
[0.383s] -- Up-to-date symlink: /home/teamojasdv/ros2_ws/install/realsense2_camera/share/realsense2_camera/environment/library_path.sh
[0.384s] -- Up-to-date symlink: /home/teamojasdv/ros2_ws/install/realsense2_camera/share/realsense2_camera/environment/library_path.dsv
[0.384s] -- Up-to-date symlink: /home/teamojasdv/ros2_ws/install/realsense2_camera/share/ament_index/resource_index/package_run_dependencies/realsense2_camera
[0.384s] -- Up-to-date symlink: /home/teamojasdv/ros2_ws/install/realsense2_camera/share/ament_index/resource_index/parent_prefix_path/realsense2_camera
[0.385s] -- Up-to-date symlink: /home/teamojasdv/ros2_ws/install/realsense2_camera/share/realsense2_camera/environment/ament_prefix_path.sh
[0.385s] -- Up-to-date symlink: /home/teamojasdv/ros2_ws/install/realsense2_camera/share/realsense2_camera/environment/ament_prefix_path.dsv
[0.385s] -- Up-to-date symlink: /home/teamojasdv/ros2_ws/install/realsense2_camera/share/realsense2_camera/environment/path.sh
[0.385s] -- Up-to-date symlink: /home/teamojasdv/ros2_ws/install/realsense2_camera/share/realsense2_camera/environment/path.dsv
[0.386s] -- Up-to-date symlink: /home/teamojasdv/ros2_ws/install/realsense2_camera/share/realsense2_camera/local_setup.bash
[0.386s] -- Up-to-date symlink: /home/teamojasdv/ros2_ws/install/realsense2_camera/share/realsense2_camera/local_setup.sh
[0.386s] -- Up-to-date symlink: /home/teamojasdv/ros2_ws/install/realsense2_camera/share/realsense2_camera/local_setup.zsh
[0.386s] -- Up-to-date symlink: /home/teamojasdv/ros2_ws/install/realsense2_camera/share/realsense2_camera/local_setup.dsv
[0.387s] -- Symlinking: /home/teamojasdv/ros2_ws/install/realsense2_camera/share/realsense2_camera/package.dsv
[0.405s] -- Up-to-date symlink: /home/teamojasdv/ros2_ws/install/realsense2_camera/share/ament_index/resource_index/packages/realsense2_camera
[0.405s] -- Up-to-date symlink: /home/teamojasdv/ros2_ws/install/realsense2_camera/share/ament_index/resource_index/rclcpp_components/realsense2_camera
[0.405s] -- Up-to-date symlink: /home/teamojasdv/ros2_ws/install/realsense2_camera/share/realsense2_camera/cmake/ament_cmake_export_include_directories-extras.cmake
[0.405s] -- Up-to-date symlink: /home/teamojasdv/ros2_ws/install/realsense2_camera/share/realsense2_camera/cmake/ament_cmake_export_libraries-extras.cmake
[0.406s] -- Up-to-date symlink: /home/teamojasdv/ros2_ws/install/realsense2_camera/share/realsense2_camera/cmake/ament_cmake_export_dependencies-extras.cmake
[0.406s] -- Up-to-date symlink: /home/teamojasdv/ros2_ws/install/realsense2_camera/share/realsense2_camera/cmake/realsense2_cameraConfig.cmake
[0.406s] -- Up-to-date symlink: /home/teamojasdv/ros2_ws/install/realsense2_camera/share/realsense2_camera/cmake/realsense2_cameraConfig-version.cmake
[0.406s] -- Up-to-date symlink: /home/teamojasdv/ros2_ws/install/realsense2_camera/share/realsense2_camera/package.xml
[0.413s] Invoked command in '/home/teamojasdv/ros2_ws/build/realsense2_camera' returned '0': CMAKE_PREFIX_PATH=/home/teamojasdv/ros2_ws/install/realsense2_camera_msgs:/home/teamojasdv/ros2_ws/install/realsense2_description:/home/teamojasdv/ros2_ws/install/realsense2_camera:/opt/ros/humble:/home/teamojasdv/ros2_ws/install/my_detection_package LD_LIBRARY_PATH=/home/teamojasdv/ros2_ws/install/realsense2_camera_msgs/lib:/opt/ros/humble/opt/rviz_ogre_vendor/lib:/opt/ros/humble/lib/aarch64-linux-gnu:/opt/ros/humble/lib:/home/teamojasdv/ros2_ws/install/realsense2_camera/lib:/usr/local/lib:/usr/local/lib:/usr/local/cuda-12.2/lib64 /usr/bin/cmake --install /home/teamojasdv/ros2_ws/build/realsense2_camera
