[0.032s] Invoking command in '/home/teamojasdv/ros2_ws/build/my_custom_msgs': CMAKE_PREFIX_PATH=/opt/ros/humble /usr/bin/cmake /home/teamojasdv/ros2_ws/src/my_custom_msgs -DAMENT_CMAKE_SYMLINK_INSTALL=1 -DCMAKE_INSTALL_PREFIX=/home/teamojasdv/ros2_ws/install/my_custom_msgs
[0.128s] -- The C compiler identification is GNU 10.5.0
[0.236s] -- The CXX compiler identification is GNU 10.5.0
[0.257s] -- Detecting C compiler ABI info
[0.422s] -- Detecting C compiler ABI info - done
[0.441s] -- Check for working C compiler: /usr/bin/cc - skipped
[0.442s] -- Detecting C compile features
[0.444s] -- Detecting C compile features - done
[0.454s] -- Detecting CXX compiler ABI info
[0.608s] -- Detecting CXX compiler ABI info - done
[0.629s] -- Check for working CXX compiler: /usr/bin/c++ - skipped
[0.629s] -- Detecting CXX compile features
[0.631s] -- Detecting CXX compile features - done
[0.637s] -- Found ament_cmake: 1.3.10 (/opt/ros/humble/share/ament_cmake/cmake)
[2.365s] -- Found Python3: /usr/bin/python3 (found version "3.10.12") found components: Interpreter 
[2.536s] -- Override CMake install command with custom implementation using symlinks instead of copying resources
[2.573s] -- Found rosidl_default_generators: 1.2.0 (/opt/ros/humble/share/rosidl_default_generators/cmake)
[2.577s] -- Using all available rosidl_typesupport_c: rosidl_typesupport_fastrtps_c;rosidl_typesupport_introspection_c
[2.587s] -- Found rosidl_adapter: 3.1.5 (/opt/ros/humble/share/rosidl_adapter/cmake)
[2.659s] -- Using all available rosidl_typesupport_cpp: rosidl_typesupport_fastrtps_cpp;rosidl_typesupport_introspection_cpp
[2.718s] -- Found std_msgs: 4.2.4 (/opt/ros/humble/share/std_msgs/cmake)
[3.223s] [31mCMake Error at /opt/ros/humble/share/rosidl_cmake/cmake/rosidl_generate_interfaces.cmake:229 (message):
[3.223s]   Packages installing interfaces must include
[3.224s]   '<member_of_group>rosidl_interface_packages</member_of_group>' in their
[3.224s]   package.xml
[3.224s] Call Stack (most recent call first):
[3.224s]   CMakeLists.txt:10 (rosidl_generate_interfaces)
[3.224s] 
[3.224s] [0m
[3.224s] -- Configuring incomplete, errors occurred!
[3.224s] See also "/home/teamojasdv/ros2_ws/build/my_custom_msgs/CMakeFiles/CMakeOutput.log".
[3.250s] Invoked command in '/home/teamojasdv/ros2_ws/build/my_custom_msgs' returned '1': CMAKE_PREFIX_PATH=/opt/ros/humble /usr/bin/cmake /home/teamojasdv/ros2_ws/src/my_custom_msgs -DAMENT_CMAKE_SYMLINK_INSTALL=1 -DCMAKE_INSTALL_PREFIX=/home/teamojasdv/ros2_ws/install/my_custom_msgs
