[4.422s] Invoking command in '/home/teamojasdv/ros2_ws/build/my_detection_package': PYTHONPATH=/home/teamojasdv/ros2_ws/build/my_detection_package/prefix_override:/usr/lib/python3/dist-packages/colcon_core/task/python/colcon_distutils_commands:/home/teamojasdv/ros2_ws/install/my_detection_package/lib/python3.10/site-packages:${PYTHONPATH} /usr/bin/python3 -W ignore:setup.py install is deprecated setup.py develop --editable --build-directory /home/teamojasdv/ros2_ws/build/my_detection_package/build --no-deps symlink_data
[5.152s] running develop
[5.165s] /usr/local/lib/python3.10/dist-packages/setuptools/command/easy_install.py:144: EasyInstallDeprecationWarning: easy_install command is deprecated. Use build and pip and other standards-based tools.
[5.165s]   warnings.warn(
[5.614s] running egg_info
[5.643s] writing my_detection_package.egg-info/PKG-INFO
[5.644s] writing dependency_links to my_detection_package.egg-info/dependency_links.txt
[5.644s] writing entry points to my_detection_package.egg-info/entry_points.txt
[5.645s] writing requirements to my_detection_package.egg-info/requires.txt
[5.645s] writing top-level names to my_detection_package.egg-info/top_level.txt
[5.703s] reading manifest file 'my_detection_package.egg-info/SOURCES.txt'
[5.704s] writing manifest file 'my_detection_package.egg-info/SOURCES.txt'
[5.820s] running build_ext
[5.821s] Creating /home/teamojasdv/ros2_ws/install/my_detection_package/lib/python3.10/site-packages/my-detection-package.egg-link (link to .)
[5.823s] Installing camera_node script to /home/teamojasdv/ros2_ws/install/my_detection_package/lib/my_detection_package
[5.823s] Installing display_node script to /home/teamojasdv/ros2_ws/install/my_detection_package/lib/my_detection_package
[5.823s] Installing slam_node script to /home/teamojasdv/ros2_ws/install/my_detection_package/lib/my_detection_package
[5.824s] Installing yolo_node script to /home/teamojasdv/ros2_ws/install/my_detection_package/lib/my_detection_package
[5.824s] 
[5.824s] Installed /home/teamojasdv/ros2_ws/build/my_detection_package
[5.824s] running symlink_data
[5.973s] Invoked command in '/home/teamojasdv/ros2_ws/build/my_detection_package' returned '0': PYTHONPATH=/home/teamojasdv/ros2_ws/build/my_detection_package/prefix_override:/usr/lib/python3/dist-packages/colcon_core/task/python/colcon_distutils_commands:/home/teamojasdv/ros2_ws/install/my_detection_package/lib/python3.10/site-packages:${PYTHONPATH} /usr/bin/python3 -W ignore:setup.py install is deprecated setup.py develop --editable --build-directory /home/teamojasdv/ros2_ws/build/my_detection_package/build --no-deps symlink_data
