[2.818s] Invoking command in '/home/teamojasdv/ros2_ws/build/my_detection_package': PYTHONPATH=/home/teamojasdv/ros2_ws/build/my_detection_package/prefix_override:/usr/lib/python3/dist-packages/colcon_core/task/python/colcon_distutils_commands:/home/teamojasdv/ros2_ws/install/my_detection_package/lib/python3.10/site-packages:${PYTHONPATH} /usr/bin/python3 -W ignore:setup.py install is deprecated setup.py develop --editable --build-directory /home/teamojasdv/ros2_ws/build/my_detection_package/build --no-deps symlink_data
[3.747s] running develop
[3.756s] /usr/local/lib/python3.10/dist-packages/setuptools/command/easy_install.py:144: EasyInstallDeprecationWarning: easy_install command is deprecated. Use build and pip and other standards-based tools.
[3.756s]   warnings.warn(
[4.330s] running egg_info
[4.371s] writing my_detection_package.egg-info/PKG-INFO
[4.371s] writing dependency_links to my_detection_package.egg-info/dependency_links.txt
[4.372s] writing entry points to my_detection_package.egg-info/entry_points.txt
[4.372s] writing requirements to my_detection_package.egg-info/requires.txt
[4.373s] writing top-level names to my_detection_package.egg-info/top_level.txt
[4.449s] reading manifest file 'my_detection_package.egg-info/SOURCES.txt'
[4.452s] writing manifest file 'my_detection_package.egg-info/SOURCES.txt'
[4.577s] running build_ext
[4.578s] Creating /home/teamojasdv/ros2_ws/install/my_detection_package/lib/python3.10/site-packages/my-detection-package.egg-link (link to .)
[4.579s] Installing camera_node script to /home/teamojasdv/ros2_ws/install/my_detection_package/lib/my_detection_package
[4.580s] Installing display_node script to /home/teamojasdv/ros2_ws/install/my_detection_package/lib/my_detection_package
[4.580s] Installing yolo_node script to /home/teamojasdv/ros2_ws/install/my_detection_package/lib/my_detection_package
[4.580s] 
[4.581s] Installed /home/teamojasdv/ros2_ws/build/my_detection_package
[4.581s] running symlink_data
[4.735s] Invoked command in '/home/teamojasdv/ros2_ws/build/my_detection_package' returned '0': PYTHONPATH=/home/teamojasdv/ros2_ws/build/my_detection_package/prefix_override:/usr/lib/python3/dist-packages/colcon_core/task/python/colcon_distutils_commands:/home/teamojasdv/ros2_ws/install/my_detection_package/lib/python3.10/site-packages:${PYTHONPATH} /usr/bin/python3 -W ignore:setup.py install is deprecated setup.py develop --editable --build-directory /home/teamojasdv/ros2_ws/build/my_detection_package/build --no-deps symlink_data
