[0.075s] Invoking command in '/home/teamojasdv/ros2_ws/build/realsense2_camera_msgs': CMAKE_PREFIX_PATH=${CMAKE_PREFIX_PATH}:/home/teamojasdv/ros2_ws/install/my_detection_package:/opt/ros/humble /usr/bin/cmake --build /home/teamojasdv/ros2_ws/build/realsense2_camera_msgs -- -j6 -l6
[1.464s] [  1%] Built target realsense2_camera_msgs__cpp
[1.470s] [  1%] Built target ament_cmake_python_symlink_realsense2_camera_msgs
[1.572s] [ 12%] Built target realsense2_camera_msgs__rosidl_generator_c
[1.618s] [ 23%] Built target realsense2_camera_msgs__rosidl_typesupport_introspection_cpp
[1.638s] [ 34%] Built target realsense2_camera_msgs__rosidl_typesupport_fastrtps_cpp
[1.645s] [ 46%] Built target realsense2_camera_msgs__rosidl_typesupport_cpp
[1.673s] [ 57%] Built target realsense2_camera_msgs__rosidl_typesupport_introspection_c
[1.691s] [ 68%] Built target realsense2_camera_msgs__rosidl_typesupport_fastrtps_c
[1.704s] [ 79%] Built target realsense2_camera_msgs__rosidl_typesupport_c
[1.758s] [ 79%] Built target realsense2_camera_msgs
[1.817s] [ 80%] Built target realsense2_camera_msgs__py
[1.890s] [ 90%] Built target realsense2_camera_msgs__rosidl_generator_py
[1.948s] [ 93%] Built target realsense2_camera_msgs__rosidl_typesupport_c__pyext
[1.955s] [ 96%] Built target realsense2_camera_msgs__rosidl_typesupport_fastrtps_c__pyext
[1.958s] [100%] Built target realsense2_camera_msgs__rosidl_typesupport_introspection_c__pyext
[2.367s] running egg_info
[2.408s] writing realsense2_camera_msgs.egg-info/PKG-INFO
[2.409s] writing dependency_links to realsense2_camera_msgs.egg-info/dependency_links.txt
[2.410s] writing top-level names to realsense2_camera_msgs.egg-info/top_level.txt
[2.526s] reading manifest file 'realsense2_camera_msgs.egg-info/SOURCES.txt'
[2.528s] writing manifest file 'realsense2_camera_msgs.egg-info/SOURCES.txt'
[2.660s] [100%] Built target ament_cmake_python_build_realsense2_camera_msgs_egg
[2.685s] Invoked command in '/home/teamojasdv/ros2_ws/build/realsense2_camera_msgs' returned '0': CMAKE_PREFIX_PATH=${CMAKE_PREFIX_PATH}:/home/teamojasdv/ros2_ws/install/my_detection_package:/opt/ros/humble /usr/bin/cmake --build /home/teamojasdv/ros2_ws/build/realsense2_camera_msgs -- -j6 -l6
[2.940s] Invoking command in '/home/teamojasdv/ros2_ws/build/realsense2_camera_msgs': CMAKE_PREFIX_PATH=${CMAKE_PREFIX_PATH}:/home/teamojasdv/ros2_ws/install/my_detection_package:/opt/ros/humble /usr/bin/cmake --install /home/teamojasdv/ros2_ws/build/realsense2_camera_msgs
[2.957s] -- Install configuration: ""
[2.959s] -- Execute custom install script
[2.960s] -- Up-to-date symlink: /home/teamojasdv/ros2_ws/install/realsense2_camera_msgs/share/ament_index/resource_index/rosidl_interfaces/realsense2_camera_msgs
[2.964s] -- Up-to-date symlink: /home/teamojasdv/ros2_ws/install/realsense2_camera_msgs/include/realsense2_camera_msgs/realsense2_camera_msgs/msg/detail/extrinsics__functions.h
[2.964s] -- Up-to-date symlink: /home/teamojasdv/ros2_ws/install/realsense2_camera_msgs/include/realsense2_camera_msgs/realsense2_camera_msgs/msg/detail/extrinsics__struct.h
[2.965s] -- Up-to-date symlink: /home/teamojasdv/ros2_ws/install/realsense2_camera_msgs/include/realsense2_camera_msgs/realsense2_camera_msgs/msg/detail/extrinsics__type_support.h
[2.965s] -- Up-to-date symlink: /home/teamojasdv/ros2_ws/install/realsense2_camera_msgs/include/realsense2_camera_msgs/realsense2_camera_msgs/msg/detail/imu_info__functions.h
[2.965s] -- Up-to-date symlink: /home/teamojasdv/ros2_ws/install/realsense2_camera_msgs/include/realsense2_camera_msgs/realsense2_camera_msgs/msg/detail/imu_info__struct.h
[2.965s] -- Up-to-date symlink: /home/teamojasdv/ros2_ws/install/realsense2_camera_msgs/include/realsense2_camera_msgs/realsense2_camera_msgs/msg/detail/imu_info__type_support.h
[2.966s] -- Up-to-date symlink: /home/teamojasdv/ros2_ws/install/realsense2_camera_msgs/include/realsense2_camera_msgs/realsense2_camera_msgs/msg/detail/metadata__functions.h
[2.966s] -- Up-to-date symlink: /home/teamojasdv/ros2_ws/install/realsense2_camera_msgs/include/realsense2_camera_msgs/realsense2_camera_msgs/msg/detail/metadata__struct.h
[2.966s] -- Up-to-date symlink: /home/teamojasdv/ros2_ws/install/realsense2_camera_msgs/include/realsense2_camera_msgs/realsense2_camera_msgs/msg/detail/metadata__type_support.h
[2.966s] -- Up-to-date symlink: /home/teamojasdv/ros2_ws/install/realsense2_camera_msgs/include/realsense2_camera_msgs/realsense2_camera_msgs/msg/detail/rgbd__functions.h
[2.966s] -- Up-to-date symlink: /home/teamojasdv/ros2_ws/install/realsense2_camera_msgs/include/realsense2_camera_msgs/realsense2_camera_msgs/msg/detail/rgbd__struct.h
[2.967s] -- Up-to-date symlink: /home/teamojasdv/ros2_ws/install/realsense2_camera_msgs/include/realsense2_camera_msgs/realsense2_camera_msgs/msg/detail/rgbd__type_support.h
[2.967s] -- Up-to-date symlink: /home/teamojasdv/ros2_ws/install/realsense2_camera_msgs/include/realsense2_camera_msgs/realsense2_camera_msgs/msg/extrinsics.h
[2.967s] -- Up-to-date symlink: /home/teamojasdv/ros2_ws/install/realsense2_camera_msgs/include/realsense2_camera_msgs/realsense2_camera_msgs/msg/imu_info.h
[2.967s] -- Up-to-date symlink: /home/teamojasdv/ros2_ws/install/realsense2_camera_msgs/include/realsense2_camera_msgs/realsense2_camera_msgs/msg/metadata.h
[2.968s] -- Up-to-date symlink: /home/teamojasdv/ros2_ws/install/realsense2_camera_msgs/include/realsense2_camera_msgs/realsense2_camera_msgs/msg/rgbd.h
[2.968s] -- Up-to-date symlink: /home/teamojasdv/ros2_ws/install/realsense2_camera_msgs/include/realsense2_camera_msgs/realsense2_camera_msgs/msg/rosidl_generator_c__visibility_control.h
[2.969s] -- Up-to-date symlink: /home/teamojasdv/ros2_ws/install/realsense2_camera_msgs/include/realsense2_camera_msgs/realsense2_camera_msgs/srv/detail/device_info__functions.h
[2.969s] -- Up-to-date symlink: /home/teamojasdv/ros2_ws/install/realsense2_camera_msgs/include/realsense2_camera_msgs/realsense2_camera_msgs/srv/detail/device_info__struct.h
[2.969s] -- Up-to-date symlink: /home/teamojasdv/ros2_ws/install/realsense2_camera_msgs/include/realsense2_camera_msgs/realsense2_camera_msgs/srv/detail/device_info__type_support.h
[2.969s] -- Up-to-date symlink: /home/teamojasdv/ros2_ws/install/realsense2_camera_msgs/include/realsense2_camera_msgs/realsense2_camera_msgs/srv/device_info.h
[2.970s] -- Up-to-date symlink: /home/teamojasdv/ros2_ws/install/realsense2_camera_msgs/share/realsense2_camera_msgs/environment/library_path.sh
[2.970s] -- Up-to-date symlink: /home/teamojasdv/ros2_ws/install/realsense2_camera_msgs/share/realsense2_camera_msgs/environment/library_path.dsv
[2.971s] -- Up-to-date symlink: /home/teamojasdv/ros2_ws/install/realsense2_camera_msgs/include/realsense2_camera_msgs/realsense2_camera_msgs/msg/detail/extrinsics__rosidl_typesupport_fastrtps_c.h
[2.971s] -- Up-to-date symlink: /home/teamojasdv/ros2_ws/install/realsense2_camera_msgs/include/realsense2_camera_msgs/realsense2_camera_msgs/msg/detail/imu_info__rosidl_typesupport_fastrtps_c.h
[2.972s] -- Up-to-date symlink: /home/teamojasdv/ros2_ws/install/realsense2_camera_msgs/include/realsense2_camera_msgs/realsense2_camera_msgs/msg/detail/metadata__rosidl_typesupport_fastrtps_c.h
[2.972s] -- Up-to-date symlink: /home/teamojasdv/ros2_ws/install/realsense2_camera_msgs/include/realsense2_camera_msgs/realsense2_camera_msgs/msg/detail/rgbd__rosidl_typesupport_fastrtps_c.h
[2.972s] -- Up-to-date symlink: /home/teamojasdv/ros2_ws/install/realsense2_camera_msgs/include/realsense2_camera_msgs/realsense2_camera_msgs/msg/rosidl_typesupport_fastrtps_c__visibility_control.h
[2.972s] -- Up-to-date symlink: /home/teamojasdv/ros2_ws/install/realsense2_camera_msgs/include/realsense2_camera_msgs/realsense2_camera_msgs/srv/detail/device_info__rosidl_typesupport_fastrtps_c.h
[2.973s] -- Up-to-date symlink: /home/teamojasdv/ros2_ws/install/realsense2_camera_msgs/include/realsense2_camera_msgs/realsense2_camera_msgs/msg/detail/extrinsics__rosidl_typesupport_introspection_c.h
[2.973s] -- Up-to-date symlink: /home/teamojasdv/ros2_ws/install/realsense2_camera_msgs/include/realsense2_camera_msgs/realsense2_camera_msgs/msg/detail/imu_info__rosidl_typesupport_introspection_c.h
[2.974s] -- Up-to-date symlink: /home/teamojasdv/ros2_ws/install/realsense2_camera_msgs/include/realsense2_camera_msgs/realsense2_camera_msgs/msg/detail/metadata__rosidl_typesupport_introspection_c.h
[2.974s] -- Up-to-date symlink: /home/teamojasdv/ros2_ws/install/realsense2_camera_msgs/include/realsense2_camera_msgs/realsense2_camera_msgs/msg/detail/rgbd__rosidl_typesupport_introspection_c.h
[2.974s] -- Up-to-date symlink: /home/teamojasdv/ros2_ws/install/realsense2_camera_msgs/include/realsense2_camera_msgs/realsense2_camera_msgs/msg/rosidl_typesupport_introspection_c__visibility_control.h
[2.974s] -- Up-to-date symlink: /home/teamojasdv/ros2_ws/install/realsense2_camera_msgs/include/realsense2_camera_msgs/realsense2_camera_msgs/srv/detail/device_info__rosidl_typesupport_introspection_c.h
[2.976s] -- Up-to-date symlink: /home/teamojasdv/ros2_ws/install/realsense2_camera_msgs/include/realsense2_camera_msgs/realsense2_camera_msgs/msg/detail/extrinsics__builder.hpp
[2.977s] -- Up-to-date symlink: /home/teamojasdv/ros2_ws/install/realsense2_camera_msgs/include/realsense2_camera_msgs/realsense2_camera_msgs/msg/detail/extrinsics__struct.hpp
[2.977s] -- Up-to-date symlink: /home/teamojasdv/ros2_ws/install/realsense2_camera_msgs/include/realsense2_camera_msgs/realsense2_camera_msgs/msg/detail/extrinsics__traits.hpp
[2.978s] -- Up-to-date symlink: /home/teamojasdv/ros2_ws/install/realsense2_camera_msgs/include/realsense2_camera_msgs/realsense2_camera_msgs/msg/detail/imu_info__builder.hpp
[2.979s] -- Up-to-date symlink: /home/teamojasdv/ros2_ws/install/realsense2_camera_msgs/include/realsense2_camera_msgs/realsense2_camera_msgs/msg/detail/imu_info__struct.hpp
[2.980s] -- Up-to-date symlink: /home/teamojasdv/ros2_ws/install/realsense2_camera_msgs/include/realsense2_camera_msgs/realsense2_camera_msgs/msg/detail/imu_info__traits.hpp
[2.981s] -- Up-to-date symlink: /home/teamojasdv/ros2_ws/install/realsense2_camera_msgs/include/realsense2_camera_msgs/realsense2_camera_msgs/msg/detail/metadata__builder.hpp
[2.981s] -- Up-to-date symlink: /home/teamojasdv/ros2_ws/install/realsense2_camera_msgs/include/realsense2_camera_msgs/realsense2_camera_msgs/msg/detail/metadata__struct.hpp
[2.982s] -- Up-to-date symlink: /home/teamojasdv/ros2_ws/install/realsense2_camera_msgs/include/realsense2_camera_msgs/realsense2_camera_msgs/msg/detail/metadata__traits.hpp
[2.983s] -- Up-to-date symlink: /home/teamojasdv/ros2_ws/install/realsense2_camera_msgs/include/realsense2_camera_msgs/realsense2_camera_msgs/msg/detail/rgbd__builder.hpp
[2.983s] -- Up-to-date symlink: /home/teamojasdv/ros2_ws/install/realsense2_camera_msgs/include/realsense2_camera_msgs/realsense2_camera_msgs/msg/detail/rgbd__struct.hpp
[2.984s] -- Up-to-date symlink: /home/teamojasdv/ros2_ws/install/realsense2_camera_msgs/include/realsense2_camera_msgs/realsense2_camera_msgs/msg/detail/rgbd__traits.hpp
[2.985s] -- Up-to-date symlink: /home/teamojasdv/ros2_ws/install/realsense2_camera_msgs/include/realsense2_camera_msgs/realsense2_camera_msgs/msg/extrinsics.hpp
[2.985s] -- Up-to-date symlink: /home/teamojasdv/ros2_ws/install/realsense2_camera_msgs/include/realsense2_camera_msgs/realsense2_camera_msgs/msg/imu_info.hpp
[2.986s] -- Up-to-date symlink: /home/teamojasdv/ros2_ws/install/realsense2_camera_msgs/include/realsense2_camera_msgs/realsense2_camera_msgs/msg/metadata.hpp
[2.987s] -- Up-to-date symlink: /home/teamojasdv/ros2_ws/install/realsense2_camera_msgs/include/realsense2_camera_msgs/realsense2_camera_msgs/msg/rgbd.hpp
[2.987s] -- Up-to-date symlink: /home/teamojasdv/ros2_ws/install/realsense2_camera_msgs/include/realsense2_camera_msgs/realsense2_camera_msgs/srv/detail/device_info__builder.hpp
[2.988s] -- Up-to-date symlink: /home/teamojasdv/ros2_ws/install/realsense2_camera_msgs/include/realsense2_camera_msgs/realsense2_camera_msgs/srv/detail/device_info__struct.hpp
[2.989s] -- Up-to-date symlink: /home/teamojasdv/ros2_ws/install/realsense2_camera_msgs/include/realsense2_camera_msgs/realsense2_camera_msgs/srv/detail/device_info__traits.hpp
[2.990s] -- Up-to-date symlink: /home/teamojasdv/ros2_ws/install/realsense2_camera_msgs/include/realsense2_camera_msgs/realsense2_camera_msgs/srv/device_info.hpp
[2.991s] -- Up-to-date symlink: /home/teamojasdv/ros2_ws/install/realsense2_camera_msgs/include/realsense2_camera_msgs/realsense2_camera_msgs/msg/detail/extrinsics__rosidl_typesupport_fastrtps_cpp.hpp
[2.999s] -- Up-to-date symlink: /home/teamojasdv/ros2_ws/install/realsense2_camera_msgs/include/realsense2_camera_msgs/realsense2_camera_msgs/msg/detail/imu_info__rosidl_typesupport_fastrtps_cpp.hpp
[2.999s] -- Up-to-date symlink: /home/teamojasdv/ros2_ws/install/realsense2_camera_msgs/include/realsense2_camera_msgs/realsense2_camera_msgs/msg/detail/metadata__rosidl_typesupport_fastrtps_cpp.hpp
[2.999s] -- Up-to-date symlink: /home/teamojasdv/ros2_ws/install/realsense2_camera_msgs/include/realsense2_camera_msgs/realsense2_camera_msgs/msg/detail/rgbd__rosidl_typesupport_fastrtps_cpp.hpp
[2.999s] -- Up-to-date symlink: /home/teamojasdv/ros2_ws/install/realsense2_camera_msgs/include/realsense2_camera_msgs/realsense2_camera_msgs/msg/rosidl_typesupport_fastrtps_cpp__visibility_control.h
[2.999s] -- Up-to-date symlink: /home/teamojasdv/ros2_ws/install/realsense2_camera_msgs/include/realsense2_camera_msgs/realsense2_camera_msgs/srv/detail/device_info__rosidl_typesupport_fastrtps_cpp.hpp
[2.999s] -- Up-to-date symlink: /home/teamojasdv/ros2_ws/install/realsense2_camera_msgs/include/realsense2_camera_msgs/realsense2_camera_msgs/msg/detail/extrinsics__rosidl_typesupport_introspection_cpp.hpp
[3.000s] -- Up-to-date symlink: /home/teamojasdv/ros2_ws/install/realsense2_camera_msgs/include/realsense2_camera_msgs/realsense2_camera_msgs/msg/detail/imu_info__rosidl_typesupport_introspection_cpp.hpp
[3.000s] -- Up-to-date symlink: /home/teamojasdv/ros2_ws/install/realsense2_camera_msgs/include/realsense2_camera_msgs/realsense2_camera_msgs/msg/detail/metadata__rosidl_typesupport_introspection_cpp.hpp
[3.000s] -- Up-to-date symlink: /home/teamojasdv/ros2_ws/install/realsense2_camera_msgs/include/realsense2_camera_msgs/realsense2_camera_msgs/msg/detail/rgbd__rosidl_typesupport_introspection_cpp.hpp
[3.000s] -- Up-to-date symlink: /home/teamojasdv/ros2_ws/install/realsense2_camera_msgs/include/realsense2_camera_msgs/realsense2_camera_msgs/srv/detail/device_info__rosidl_typesupport_introspection_cpp.hpp
[3.000s] -- Up-to-date symlink: /home/teamojasdv/ros2_ws/install/realsense2_camera_msgs/share/realsense2_camera_msgs/environment/pythonpath.sh
[3.000s] -- Up-to-date symlink: /home/teamojasdv/ros2_ws/install/realsense2_camera_msgs/share/realsense2_camera_msgs/environment/pythonpath.dsv
[3.001s] -- Up-to-date symlink: /home/teamojasdv/ros2_ws/install/realsense2_camera_msgs/local/lib/python3.10/dist-packages/realsense2_camera_msgs-4.55.1-py3.10.egg-info/PKG-INFO
[3.001s] -- Up-to-date symlink: /home/teamojasdv/ros2_ws/install/realsense2_camera_msgs/local/lib/python3.10/dist-packages/realsense2_camera_msgs-4.55.1-py3.10.egg-info/SOURCES.txt
[3.001s] -- Up-to-date symlink: /home/teamojasdv/ros2_ws/install/realsense2_camera_msgs/local/lib/python3.10/dist-packages/realsense2_camera_msgs-4.55.1-py3.10.egg-info/dependency_links.txt
[3.002s] -- Up-to-date symlink: /home/teamojasdv/ros2_ws/install/realsense2_camera_msgs/local/lib/python3.10/dist-packages/realsense2_camera_msgs-4.55.1-py3.10.egg-info/top_level.txt
[3.002s] -- Up-to-date symlink: /home/teamojasdv/ros2_ws/install/realsense2_camera_msgs/local/lib/python3.10/dist-packages/realsense2_camera_msgs/__init__.py
[3.002s] -- Up-to-date symlink: /home/teamojasdv/ros2_ws/install/realsense2_camera_msgs/local/lib/python3.10/dist-packages/realsense2_camera_msgs/_realsense2_camera_msgs_s.ep.rosidl_typesupport_c.c
[3.002s] -- Up-to-date symlink: /home/teamojasdv/ros2_ws/install/realsense2_camera_msgs/local/lib/python3.10/dist-packages/realsense2_camera_msgs/_realsense2_camera_msgs_s.ep.rosidl_typesupport_fastrtps_c.c
[3.002s] -- Up-to-date symlink: /home/teamojasdv/ros2_ws/install/realsense2_camera_msgs/local/lib/python3.10/dist-packages/realsense2_camera_msgs/_realsense2_camera_msgs_s.ep.rosidl_typesupport_introspection_c.c
[3.002s] -- Up-to-date symlink: /home/teamojasdv/ros2_ws/install/realsense2_camera_msgs/local/lib/python3.10/dist-packages/realsense2_camera_msgs/librealsense2_camera_msgs__rosidl_generator_py.so
[3.003s] -- Up-to-date symlink: /home/teamojasdv/ros2_ws/install/realsense2_camera_msgs/local/lib/python3.10/dist-packages/realsense2_camera_msgs/msg/__init__.py
[3.003s] -- Up-to-date symlink: /home/teamojasdv/ros2_ws/install/realsense2_camera_msgs/local/lib/python3.10/dist-packages/realsense2_camera_msgs/msg/_extrinsics.py
[3.003s] -- Up-to-date symlink: /home/teamojasdv/ros2_ws/install/realsense2_camera_msgs/local/lib/python3.10/dist-packages/realsense2_camera_msgs/msg/_extrinsics_s.c
[3.003s] -- Up-to-date symlink: /home/teamojasdv/ros2_ws/install/realsense2_camera_msgs/local/lib/python3.10/dist-packages/realsense2_camera_msgs/msg/_imu_info.py
[3.003s] -- Up-to-date symlink: /home/teamojasdv/ros2_ws/install/realsense2_camera_msgs/local/lib/python3.10/dist-packages/realsense2_camera_msgs/msg/_imu_info_s.c
[3.003s] -- Up-to-date symlink: /home/teamojasdv/ros2_ws/install/realsense2_camera_msgs/local/lib/python3.10/dist-packages/realsense2_camera_msgs/msg/_metadata.py
[3.004s] -- Up-to-date symlink: /home/teamojasdv/ros2_ws/install/realsense2_camera_msgs/local/lib/python3.10/dist-packages/realsense2_camera_msgs/msg/_metadata_s.c
[3.004s] -- Up-to-date symlink: /home/teamojasdv/ros2_ws/install/realsense2_camera_msgs/local/lib/python3.10/dist-packages/realsense2_camera_msgs/msg/_rgbd.py
[3.004s] -- Up-to-date symlink: /home/teamojasdv/ros2_ws/install/realsense2_camera_msgs/local/lib/python3.10/dist-packages/realsense2_camera_msgs/msg/_rgbd_s.c
[3.004s] -- Up-to-date symlink: /home/teamojasdv/ros2_ws/install/realsense2_camera_msgs/local/lib/python3.10/dist-packages/realsense2_camera_msgs/realsense2_camera_msgs_s__rosidl_typesupport_c.cpython-310-aarch64-linux-gnu.so
[3.004s] -- Up-to-date symlink: /home/teamojasdv/ros2_ws/install/realsense2_camera_msgs/local/lib/python3.10/dist-packages/realsense2_camera_msgs/realsense2_camera_msgs_s__rosidl_typesupport_fastrtps_c.cpython-310-aarch64-linux-gnu.so
[3.004s] -- Up-to-date symlink: /home/teamojasdv/ros2_ws/install/realsense2_camera_msgs/local/lib/python3.10/dist-packages/realsense2_camera_msgs/realsense2_camera_msgs_s__rosidl_typesupport_introspection_c.cpython-310-aarch64-linux-gnu.so
[3.005s] -- Up-to-date symlink: /home/teamojasdv/ros2_ws/install/realsense2_camera_msgs/local/lib/python3.10/dist-packages/realsense2_camera_msgs/srv/__init__.py
[3.005s] -- Up-to-date symlink: /home/teamojasdv/ros2_ws/install/realsense2_camera_msgs/local/lib/python3.10/dist-packages/realsense2_camera_msgs/srv/_device_info.py
[3.005s] -- Up-to-date symlink: /home/teamojasdv/ros2_ws/install/realsense2_camera_msgs/local/lib/python3.10/dist-packages/realsense2_camera_msgs/srv/_device_info_s.c
[3.005s] -- Up-to-date symlink: /home/teamojasdv/ros2_ws/install/realsense2_camera_msgs/local/lib/python3.10/dist-packages/realsense2_camera_msgs/realsense2_camera_msgs_s__rosidl_typesupport_fastrtps_c.cpython-310-aarch64-linux-gnu.so
[3.006s] -- Up-to-date symlink: /home/teamojasdv/ros2_ws/install/realsense2_camera_msgs/local/lib/python3.10/dist-packages/realsense2_camera_msgs/realsense2_camera_msgs_s__rosidl_typesupport_introspection_c.cpython-310-aarch64-linux-gnu.so
[3.006s] -- Up-to-date symlink: /home/teamojasdv/ros2_ws/install/realsense2_camera_msgs/local/lib/python3.10/dist-packages/realsense2_camera_msgs/realsense2_camera_msgs_s__rosidl_typesupport_c.cpython-310-aarch64-linux-gnu.so
[3.006s] -- Up-to-date symlink: /home/teamojasdv/ros2_ws/install/realsense2_camera_msgs/share/realsense2_camera_msgs/msg/IMUInfo.idl
[3.006s] -- Up-to-date symlink: /home/teamojasdv/ros2_ws/install/realsense2_camera_msgs/share/realsense2_camera_msgs/msg/Extrinsics.idl
[3.007s] -- Up-to-date symlink: /home/teamojasdv/ros2_ws/install/realsense2_camera_msgs/share/realsense2_camera_msgs/msg/Metadata.idl
[3.008s] -- Up-to-date symlink: /home/teamojasdv/ros2_ws/install/realsense2_camera_msgs/share/realsense2_camera_msgs/msg/RGBD.idl
[3.009s] -- Up-to-date symlink: /home/teamojasdv/ros2_ws/install/realsense2_camera_msgs/share/realsense2_camera_msgs/srv/DeviceInfo.idl
[3.009s] -- Up-to-date symlink: /home/teamojasdv/ros2_ws/install/realsense2_camera_msgs/share/realsense2_camera_msgs/msg/IMUInfo.msg
[3.010s] -- Up-to-date symlink: /home/teamojasdv/ros2_ws/install/realsense2_camera_msgs/share/realsense2_camera_msgs/msg/Extrinsics.msg
[3.010s] -- Up-to-date symlink: /home/teamojasdv/ros2_ws/install/realsense2_camera_msgs/share/realsense2_camera_msgs/msg/Metadata.msg
[3.011s] -- Up-to-date symlink: /home/teamojasdv/ros2_ws/install/realsense2_camera_msgs/share/realsense2_camera_msgs/msg/RGBD.msg
[3.011s] -- Up-to-date symlink: /home/teamojasdv/ros2_ws/install/realsense2_camera_msgs/share/realsense2_camera_msgs/srv/DeviceInfo.srv
[3.012s] -- Up-to-date symlink: /home/teamojasdv/ros2_ws/install/realsense2_camera_msgs/share/realsense2_camera_msgs/srv/DeviceInfo_Request.msg
[3.012s] -- Up-to-date symlink: /home/teamojasdv/ros2_ws/install/realsense2_camera_msgs/share/realsense2_camera_msgs/srv/DeviceInfo_Response.msg
[3.012s] -- Up-to-date symlink: /home/teamojasdv/ros2_ws/install/realsense2_camera_msgs/share/ament_index/resource_index/package_run_dependencies/realsense2_camera_msgs
[3.012s] -- Up-to-date symlink: /home/teamojasdv/ros2_ws/install/realsense2_camera_msgs/share/ament_index/resource_index/parent_prefix_path/realsense2_camera_msgs
[3.012s] -- Up-to-date symlink: /home/teamojasdv/ros2_ws/install/realsense2_camera_msgs/share/realsense2_camera_msgs/environment/ament_prefix_path.sh
[3.012s] -- Up-to-date symlink: /home/teamojasdv/ros2_ws/install/realsense2_camera_msgs/share/realsense2_camera_msgs/environment/ament_prefix_path.dsv
[3.013s] -- Up-to-date symlink: /home/teamojasdv/ros2_ws/install/realsense2_camera_msgs/share/realsense2_camera_msgs/environment/path.sh
[3.013s] -- Up-to-date symlink: /home/teamojasdv/ros2_ws/install/realsense2_camera_msgs/share/realsense2_camera_msgs/environment/path.dsv
[3.013s] -- Up-to-date symlink: /home/teamojasdv/ros2_ws/install/realsense2_camera_msgs/share/realsense2_camera_msgs/local_setup.bash
[3.013s] -- Up-to-date symlink: /home/teamojasdv/ros2_ws/install/realsense2_camera_msgs/share/realsense2_camera_msgs/local_setup.sh
[3.013s] -- Up-to-date symlink: /home/teamojasdv/ros2_ws/install/realsense2_camera_msgs/share/realsense2_camera_msgs/local_setup.zsh
[3.013s] -- Up-to-date symlink: /home/teamojasdv/ros2_ws/install/realsense2_camera_msgs/share/realsense2_camera_msgs/local_setup.dsv
[3.013s] -- Symlinking: /home/teamojasdv/ros2_ws/install/realsense2_camera_msgs/share/realsense2_camera_msgs/package.dsv
[3.038s] -- Up-to-date symlink: /home/teamojasdv/ros2_ws/install/realsense2_camera_msgs/share/ament_index/resource_index/packages/realsense2_camera_msgs
[3.038s] -- Up-to-date symlink: /home/teamojasdv/ros2_ws/install/realsense2_camera_msgs/share/realsense2_camera_msgs/cmake/rosidl_cmake-extras.cmake
[3.039s] -- Up-to-date symlink: /home/teamojasdv/ros2_ws/install/realsense2_camera_msgs/share/realsense2_camera_msgs/cmake/ament_cmake_export_dependencies-extras.cmake
[3.039s] -- Up-to-date symlink: /home/teamojasdv/ros2_ws/install/realsense2_camera_msgs/share/realsense2_camera_msgs/cmake/ament_cmake_export_include_directories-extras.cmake
[3.039s] -- Up-to-date symlink: /home/teamojasdv/ros2_ws/install/realsense2_camera_msgs/share/realsense2_camera_msgs/cmake/ament_cmake_export_libraries-extras.cmake
[3.039s] -- Up-to-date symlink: /home/teamojasdv/ros2_ws/install/realsense2_camera_msgs/share/realsense2_camera_msgs/cmake/ament_cmake_export_targets-extras.cmake
[3.039s] -- Up-to-date symlink: /home/teamojasdv/ros2_ws/install/realsense2_camera_msgs/share/realsense2_camera_msgs/cmake/rosidl_cmake_export_typesupport_targets-extras.cmake
[3.039s] -- Up-to-date symlink: /home/teamojasdv/ros2_ws/install/realsense2_camera_msgs/share/realsense2_camera_msgs/cmake/rosidl_cmake_export_typesupport_libraries-extras.cmake
[3.039s] -- Up-to-date symlink: /home/teamojasdv/ros2_ws/install/realsense2_camera_msgs/share/realsense2_camera_msgs/cmake/realsense2_camera_msgsConfig.cmake
[3.039s] -- Up-to-date symlink: /home/teamojasdv/ros2_ws/install/realsense2_camera_msgs/share/realsense2_camera_msgs/cmake/realsense2_camera_msgsConfig-version.cmake
[3.040s] -- Up-to-date symlink: /home/teamojasdv/ros2_ws/install/realsense2_camera_msgs/share/realsense2_camera_msgs/package.xml
[3.044s] -- Up-to-date: /home/teamojasdv/ros2_ws/install/realsense2_camera_msgs/lib/librealsense2_camera_msgs__rosidl_generator_c.so
[3.048s] -- Up-to-date: /home/teamojasdv/ros2_ws/install/realsense2_camera_msgs/lib/librealsense2_camera_msgs__rosidl_typesupport_fastrtps_c.so
[3.051s] -- Up-to-date: /home/teamojasdv/ros2_ws/install/realsense2_camera_msgs/lib/librealsense2_camera_msgs__rosidl_typesupport_introspection_c.so
[3.053s] -- Up-to-date: /home/teamojasdv/ros2_ws/install/realsense2_camera_msgs/lib/librealsense2_camera_msgs__rosidl_typesupport_c.so
[3.058s] -- Up-to-date: /home/teamojasdv/ros2_ws/install/realsense2_camera_msgs/lib/librealsense2_camera_msgs__rosidl_typesupport_fastrtps_cpp.so
[3.062s] -- Up-to-date: /home/teamojasdv/ros2_ws/install/realsense2_camera_msgs/lib/librealsense2_camera_msgs__rosidl_typesupport_introspection_cpp.so
[3.064s] -- Up-to-date: /home/teamojasdv/ros2_ws/install/realsense2_camera_msgs/lib/librealsense2_camera_msgs__rosidl_typesupport_cpp.so
[3.148s] Listing '/home/teamojasdv/ros2_ws/install/realsense2_camera_msgs/local/lib/python3.10/dist-packages/realsense2_camera_msgs'...
[3.148s] Listing '/home/teamojasdv/ros2_ws/install/realsense2_camera_msgs/local/lib/python3.10/dist-packages/realsense2_camera_msgs/msg'...
[3.148s] Listing '/home/teamojasdv/ros2_ws/install/realsense2_camera_msgs/local/lib/python3.10/dist-packages/realsense2_camera_msgs/srv'...
[3.165s] -- Up-to-date: /home/teamojasdv/ros2_ws/install/realsense2_camera_msgs/lib/librealsense2_camera_msgs__rosidl_generator_py.so
[3.166s] -- Up-to-date: /home/teamojasdv/ros2_ws/install/realsense2_camera_msgs/share/realsense2_camera_msgs/cmake/export_realsense2_camera_msgs__rosidl_generator_cExport.cmake
[3.166s] -- Up-to-date: /home/teamojasdv/ros2_ws/install/realsense2_camera_msgs/share/realsense2_camera_msgs/cmake/export_realsense2_camera_msgs__rosidl_generator_cExport-noconfig.cmake
[3.166s] -- Up-to-date: /home/teamojasdv/ros2_ws/install/realsense2_camera_msgs/share/realsense2_camera_msgs/cmake/export_realsense2_camera_msgs__rosidl_typesupport_fastrtps_cExport.cmake
[3.167s] -- Up-to-date: /home/teamojasdv/ros2_ws/install/realsense2_camera_msgs/share/realsense2_camera_msgs/cmake/export_realsense2_camera_msgs__rosidl_typesupport_fastrtps_cExport-noconfig.cmake
[3.167s] -- Up-to-date: /home/teamojasdv/ros2_ws/install/realsense2_camera_msgs/share/realsense2_camera_msgs/cmake/realsense2_camera_msgs__rosidl_typesupport_introspection_cExport.cmake
[3.168s] -- Up-to-date: /home/teamojasdv/ros2_ws/install/realsense2_camera_msgs/share/realsense2_camera_msgs/cmake/realsense2_camera_msgs__rosidl_typesupport_introspection_cExport-noconfig.cmake
[3.168s] -- Up-to-date: /home/teamojasdv/ros2_ws/install/realsense2_camera_msgs/share/realsense2_camera_msgs/cmake/realsense2_camera_msgs__rosidl_typesupport_cExport.cmake
[3.169s] -- Up-to-date: /home/teamojasdv/ros2_ws/install/realsense2_camera_msgs/share/realsense2_camera_msgs/cmake/realsense2_camera_msgs__rosidl_typesupport_cExport-noconfig.cmake
[3.169s] -- Up-to-date: /home/teamojasdv/ros2_ws/install/realsense2_camera_msgs/share/realsense2_camera_msgs/cmake/export_realsense2_camera_msgs__rosidl_generator_cppExport.cmake
[3.169s] -- Up-to-date: /home/teamojasdv/ros2_ws/install/realsense2_camera_msgs/share/realsense2_camera_msgs/cmake/export_realsense2_camera_msgs__rosidl_typesupport_fastrtps_cppExport.cmake
[3.170s] -- Up-to-date: /home/teamojasdv/ros2_ws/install/realsense2_camera_msgs/share/realsense2_camera_msgs/cmake/export_realsense2_camera_msgs__rosidl_typesupport_fastrtps_cppExport-noconfig.cmake
[3.170s] -- Up-to-date: /home/teamojasdv/ros2_ws/install/realsense2_camera_msgs/share/realsense2_camera_msgs/cmake/realsense2_camera_msgs__rosidl_typesupport_introspection_cppExport.cmake
[3.170s] -- Up-to-date: /home/teamojasdv/ros2_ws/install/realsense2_camera_msgs/share/realsense2_camera_msgs/cmake/realsense2_camera_msgs__rosidl_typesupport_introspection_cppExport-noconfig.cmake
[3.171s] -- Up-to-date: /home/teamojasdv/ros2_ws/install/realsense2_camera_msgs/share/realsense2_camera_msgs/cmake/realsense2_camera_msgs__rosidl_typesupport_cppExport.cmake
[3.171s] -- Up-to-date: /home/teamojasdv/ros2_ws/install/realsense2_camera_msgs/share/realsense2_camera_msgs/cmake/realsense2_camera_msgs__rosidl_typesupport_cppExport-noconfig.cmake
[3.171s] -- Up-to-date: /home/teamojasdv/ros2_ws/install/realsense2_camera_msgs/share/realsense2_camera_msgs/cmake/export_realsense2_camera_msgs__rosidl_generator_pyExport.cmake
[3.171s] -- Up-to-date: /home/teamojasdv/ros2_ws/install/realsense2_camera_msgs/share/realsense2_camera_msgs/cmake/export_realsense2_camera_msgs__rosidl_generator_pyExport-noconfig.cmake
[3.178s] Invoked command in '/home/teamojasdv/ros2_ws/build/realsense2_camera_msgs' returned '0': CMAKE_PREFIX_PATH=${CMAKE_PREFIX_PATH}:/home/teamojasdv/ros2_ws/install/my_detection_package:/opt/ros/humble /usr/bin/cmake --install /home/teamojasdv/ros2_ws/build/realsense2_camera_msgs
