[0.257s] [34mcolcon[0m [1;30mDEBUG[0m [32mCommand line arguments: ['/usr/bin/colcon', 'build', '--symlink-install'][0m
[0.257s] [34mcolcon[0m [1;30mDEBUG[0m [32mParsed command line arguments: Namespace(log_base=None, log_level=None, verb_name='build', build_base='build', install_base='install', merge_install=False, symlink_install=True, test_result_base=None, continue_on_error=False, executor='parallel', parallel_workers=6, event_handlers=None, ignore_user_meta=False, metas=['./colcon.meta'], base_paths=['.'], packages_ignore=None, packages_ignore_regex=None, paths=None, packages_up_to=None, packages_up_to_regex=None, packages_above=None, packages_above_and_dependencies=None, packages_above_depth=None, packages_select_by_dep=None, packages_skip_by_dep=None, packages_skip_up_to=None, packages_select_build_failed=False, packages_skip_build_finished=False, packages_select_test_failures=False, packages_skip_test_passed=False, packages_select=None, packages_skip=None, packages_select_regex=None, packages_skip_regex=None, packages_start=None, packages_end=None, allow_overriding=[], cmake_args=None, cmake_target=None, cmake_target_skip_unavailable=False, cmake_clean_cache=False, cmake_clean_first=False, cmake_force_configure=False, ament_cmake_args=None, catkin_cmake_args=None, catkin_skip_building_tests=False, mixin_files=None, mixin=None, verb_parser=<colcon_mixin.mixin.mixin_argument.MixinArgumentDecorator object at 0xffff984554e0>, verb_extension=<colcon_core.verb.build.BuildVerb object at 0xffff9856a590>, main=<bound method BuildVerb.main of <colcon_core.verb.build.BuildVerb object at 0xffff9856a590>>, mixin_verb=('build',))[0m
[0.736s] [34mcolcon.colcon_core.package_discovery[0m [1;30mLevel 1[0m discover_packages(colcon_meta) check parameters
[0.736s] [34mcolcon.colcon_core.package_discovery[0m [1;30mLevel 1[0m discover_packages(recursive) check parameters
[0.736s] [34mcolcon.colcon_core.package_discovery[0m [1;30mLevel 1[0m discover_packages(ignore) check parameters
[0.736s] [34mcolcon.colcon_core.package_discovery[0m [1;30mLevel 1[0m discover_packages(path) check parameters
[0.736s] [34mcolcon.colcon_core.package_discovery[0m [1;30mLevel 1[0m discover_packages(colcon_meta) discover
[0.736s] [34mcolcon.colcon_core.package_discovery[0m [1;30mLevel 1[0m discover_packages(recursive) discover
[0.737s] [34mcolcon.colcon_core.package_discovery[0m [1;30mINFO[0m Crawling recursively for packages in '/home/teamojasdv/ros2_ws'
[0.737s] [34mcolcon.colcon_core.package_identification[0m [1;30mLevel 1[0m _identify(.) by extensions ['ignore', 'ignore_ament_install']
[0.737s] [34mcolcon.colcon_core.package_identification[0m [1;30mLevel 1[0m _identify(.) by extension 'ignore'
[0.737s] [34mcolcon.colcon_core.package_identification[0m [1;30mLevel 1[0m _identify(.) by extension 'ignore_ament_install'
[0.737s] [34mcolcon.colcon_core.package_identification[0m [1;30mLevel 1[0m _identify(.) by extensions ['colcon_pkg']
[0.737s] [34mcolcon.colcon_core.package_identification[0m [1;30mLevel 1[0m _identify(.) by extension 'colcon_pkg'
[0.738s] [34mcolcon.colcon_core.package_identification[0m [1;30mLevel 1[0m _identify(.) by extensions ['colcon_meta']
[0.738s] [34mcolcon.colcon_core.package_identification[0m [1;30mLevel 1[0m _identify(.) by extension 'colcon_meta'
[0.738s] [34mcolcon.colcon_core.package_identification[0m [1;30mLevel 1[0m _identify(.) by extensions ['ros']
[0.738s] [34mcolcon.colcon_core.package_identification[0m [1;30mLevel 1[0m _identify(.) by extension 'ros'
[0.767s] [34mcolcon.colcon_core.package_identification[0m [1;30mLevel 1[0m _identify(.) by extensions ['cmake', 'python']
[0.767s] [34mcolcon.colcon_core.package_identification[0m [1;30mLevel 1[0m _identify(.) by extension 'cmake'
[0.767s] [34mcolcon.colcon_core.package_identification[0m [1;30mLevel 1[0m _identify(.) by extension 'python'
[0.767s] [34mcolcon.colcon_core.package_identification[0m [1;30mLevel 1[0m _identify(.) by extensions ['python_setup_py']
[0.767s] [34mcolcon.colcon_core.package_identification[0m [1;30mLevel 1[0m _identify(.) by extension 'python_setup_py'
[0.767s] [34mcolcon.colcon_core.package_identification[0m [1;30mLevel 1[0m _identify(build) by extensions ['ignore', 'ignore_ament_install']
[0.768s] [34mcolcon.colcon_core.package_identification[0m [1;30mLevel 1[0m _identify(build) by extension 'ignore'
[0.768s] [34mcolcon.colcon_core.package_identification[0m [1;30mLevel 1[0m _identify(build) ignored
[0.768s] [34mcolcon.colcon_core.package_identification[0m [1;30mLevel 1[0m _identify(install) by extensions ['ignore', 'ignore_ament_install']
[0.768s] [34mcolcon.colcon_core.package_identification[0m [1;30mLevel 1[0m _identify(install) by extension 'ignore'
[0.768s] [34mcolcon.colcon_core.package_identification[0m [1;30mLevel 1[0m _identify(install) ignored
[0.769s] [34mcolcon.colcon_core.package_identification[0m [1;30mLevel 1[0m _identify(log) by extensions ['ignore', 'ignore_ament_install']
[0.769s] [34mcolcon.colcon_core.package_identification[0m [1;30mLevel 1[0m _identify(log) by extension 'ignore'
[0.769s] [34mcolcon.colcon_core.package_identification[0m [1;30mLevel 1[0m _identify(log) ignored
[0.769s] [34mcolcon.colcon_core.package_identification[0m [1;30mLevel 1[0m _identify(src) by extensions ['ignore', 'ignore_ament_install']
[0.769s] [34mcolcon.colcon_core.package_identification[0m [1;30mLevel 1[0m _identify(src) by extension 'ignore'
[0.769s] [34mcolcon.colcon_core.package_identification[0m [1;30mLevel 1[0m _identify(src) by extension 'ignore_ament_install'
[0.769s] [34mcolcon.colcon_core.package_identification[0m [1;30mLevel 1[0m _identify(src) by extensions ['colcon_pkg']
[0.770s] [34mcolcon.colcon_core.package_identification[0m [1;30mLevel 1[0m _identify(src) by extension 'colcon_pkg'
[0.770s] [34mcolcon.colcon_core.package_identification[0m [1;30mLevel 1[0m _identify(src) by extensions ['colcon_meta']
[0.770s] [34mcolcon.colcon_core.package_identification[0m [1;30mLevel 1[0m _identify(src) by extension 'colcon_meta'
[0.770s] [34mcolcon.colcon_core.package_identification[0m [1;30mLevel 1[0m _identify(src) by extensions ['ros']
[0.770s] [34mcolcon.colcon_core.package_identification[0m [1;30mLevel 1[0m _identify(src) by extension 'ros'
[0.770s] [34mcolcon.colcon_core.package_identification[0m [1;30mLevel 1[0m _identify(src) by extensions ['cmake', 'python']
[0.770s] [34mcolcon.colcon_core.package_identification[0m [1;30mLevel 1[0m _identify(src) by extension 'cmake'
[0.770s] [34mcolcon.colcon_core.package_identification[0m [1;30mLevel 1[0m _identify(src) by extension 'python'
[0.770s] [34mcolcon.colcon_core.package_identification[0m [1;30mLevel 1[0m _identify(src) by extensions ['python_setup_py']
[0.770s] [34mcolcon.colcon_core.package_identification[0m [1;30mLevel 1[0m _identify(src) by extension 'python_setup_py'
[0.771s] [34mcolcon.colcon_core.package_identification[0m [1;30mLevel 1[0m _identify(src/my_detection_package) by extensions ['ignore', 'ignore_ament_install']
[0.771s] [34mcolcon.colcon_core.package_identification[0m [1;30mLevel 1[0m _identify(src/my_detection_package) by extension 'ignore'
[0.771s] [34mcolcon.colcon_core.package_identification[0m [1;30mLevel 1[0m _identify(src/my_detection_package) by extension 'ignore_ament_install'
[0.771s] [34mcolcon.colcon_core.package_identification[0m [1;30mLevel 1[0m _identify(src/my_detection_package) by extensions ['colcon_pkg']
[0.771s] [34mcolcon.colcon_core.package_identification[0m [1;30mLevel 1[0m _identify(src/my_detection_package) by extension 'colcon_pkg'
[0.771s] [34mcolcon.colcon_core.package_identification[0m [1;30mLevel 1[0m _identify(src/my_detection_package) by extensions ['colcon_meta']
[0.771s] [34mcolcon.colcon_core.package_identification[0m [1;30mLevel 1[0m _identify(src/my_detection_package) by extension 'colcon_meta'
[0.771s] [34mcolcon.colcon_core.package_identification[0m [1;30mLevel 1[0m _identify(src/my_detection_package) by extensions ['ros']
[0.771s] [34mcolcon.colcon_core.package_identification[0m [1;30mLevel 1[0m _identify(src/my_detection_package) by extension 'ros'
[0.777s] [34mcolcon.colcon_core.package_identification[0m [1;30mDEBUG[0m [32mPackage 'src/my_detection_package' with type 'ros.ament_python' and name 'my_detection_package'[0m
[0.777s] [34mcolcon.colcon_core.package_identification[0m [1;30mLevel 1[0m _identify(src/realsense) by extensions ['ignore', 'ignore_ament_install']
[0.778s] [34mcolcon.colcon_core.package_identification[0m [1;30mLevel 1[0m _identify(src/realsense) by extension 'ignore'
[0.778s] [34mcolcon.colcon_core.package_identification[0m [1;30mLevel 1[0m _identify(src/realsense) by extension 'ignore_ament_install'
[0.778s] [34mcolcon.colcon_core.package_identification[0m [1;30mLevel 1[0m _identify(src/realsense) by extensions ['colcon_pkg']
[0.778s] [34mcolcon.colcon_core.package_identification[0m [1;30mLevel 1[0m _identify(src/realsense) by extension 'colcon_pkg'
[0.778s] [34mcolcon.colcon_core.package_identification[0m [1;30mLevel 1[0m _identify(src/realsense) by extensions ['colcon_meta']
[0.778s] [34mcolcon.colcon_core.package_identification[0m [1;30mLevel 1[0m _identify(src/realsense) by extension 'colcon_meta'
[0.778s] [34mcolcon.colcon_core.package_identification[0m [1;30mLevel 1[0m _identify(src/realsense) by extensions ['ros']
[0.778s] [34mcolcon.colcon_core.package_identification[0m [1;30mLevel 1[0m _identify(src/realsense) by extension 'ros'
[0.779s] [34mcolcon.colcon_core.package_identification[0m [1;30mLevel 1[0m _identify(src/realsense) by extensions ['cmake', 'python']
[0.779s] [34mcolcon.colcon_core.package_identification[0m [1;30mLevel 1[0m _identify(src/realsense) by extension 'cmake'
[0.779s] [34mcolcon.colcon_core.package_identification[0m [1;30mLevel 1[0m _identify(src/realsense) by extension 'python'
[0.779s] [34mcolcon.colcon_core.package_identification[0m [1;30mLevel 1[0m _identify(src/realsense) by extensions ['python_setup_py']
[0.779s] [34mcolcon.colcon_core.package_identification[0m [1;30mLevel 1[0m _identify(src/realsense) by extension 'python_setup_py'
[0.779s] [34mcolcon.colcon_core.package_identification[0m [1;30mLevel 1[0m _identify(src/realsense/scripts) by extensions ['ignore', 'ignore_ament_install']
[0.780s] [34mcolcon.colcon_core.package_identification[0m [1;30mLevel 1[0m _identify(src/realsense/scripts) by extension 'ignore'
[0.780s] [34mcolcon.colcon_core.package_identification[0m [1;30mLevel 1[0m _identify(src/realsense/scripts) by extension 'ignore_ament_install'
[0.780s] [34mcolcon.colcon_core.package_identification[0m [1;30mLevel 1[0m _identify(src/realsense/scripts) by extensions ['colcon_pkg']
[0.780s] [34mcolcon.colcon_core.package_identification[0m [1;30mLevel 1[0m _identify(src/realsense/scripts) by extension 'colcon_pkg'
[0.780s] [34mcolcon.colcon_core.package_identification[0m [1;30mLevel 1[0m _identify(src/realsense/scripts) by extensions ['colcon_meta']
[0.780s] [34mcolcon.colcon_core.package_identification[0m [1;30mLevel 1[0m _identify(src/realsense/scripts) by extension 'colcon_meta'
[0.780s] [34mcolcon.colcon_core.package_identification[0m [1;30mLevel 1[0m _identify(src/realsense/scripts) by extensions ['ros']
[0.780s] [34mcolcon.colcon_core.package_identification[0m [1;30mLevel 1[0m _identify(src/realsense/scripts) by extension 'ros'
[0.780s] [34mcolcon.colcon_core.package_identification[0m [1;30mLevel 1[0m _identify(src/realsense/scripts) by extensions ['cmake', 'python']
[0.781s] [34mcolcon.colcon_core.package_identification[0m [1;30mLevel 1[0m _identify(src/realsense/scripts) by extension 'cmake'
[0.781s] [34mcolcon.colcon_core.package_identification[0m [1;30mLevel 1[0m _identify(src/realsense/scripts) by extension 'python'
[0.781s] [34mcolcon.colcon_core.package_identification[0m [1;30mLevel 1[0m _identify(src/realsense/scripts) by extensions ['python_setup_py']
[0.781s] [34mcolcon.colcon_core.package_identification[0m [1;30mLevel 1[0m _identify(src/realsense/scripts) by extension 'python_setup_py'
[0.781s] [34mcolcon.colcon_core.package_identification[0m [1;30mLevel 1[0m _identify(src/realsense-ros) by extensions ['ignore', 'ignore_ament_install']
[0.781s] [34mcolcon.colcon_core.package_identification[0m [1;30mLevel 1[0m _identify(src/realsense-ros) by extension 'ignore'
[0.781s] [34mcolcon.colcon_core.package_identification[0m [1;30mLevel 1[0m _identify(src/realsense-ros) by extension 'ignore_ament_install'
[0.781s] [34mcolcon.colcon_core.package_identification[0m [1;30mLevel 1[0m _identify(src/realsense-ros) by extensions ['colcon_pkg']
[0.782s] [34mcolcon.colcon_core.package_identification[0m [1;30mLevel 1[0m _identify(src/realsense-ros) by extension 'colcon_pkg'
[0.782s] [34mcolcon.colcon_core.package_identification[0m [1;30mLevel 1[0m _identify(src/realsense-ros) by extensions ['colcon_meta']
[0.782s] [34mcolcon.colcon_core.package_identification[0m [1;30mLevel 1[0m _identify(src/realsense-ros) by extension 'colcon_meta'
[0.782s] [34mcolcon.colcon_core.package_identification[0m [1;30mLevel 1[0m _identify(src/realsense-ros) by extensions ['ros']
[0.782s] [34mcolcon.colcon_core.package_identification[0m [1;30mLevel 1[0m _identify(src/realsense-ros) by extension 'ros'
[0.782s] [34mcolcon.colcon_core.package_identification[0m [1;30mLevel 1[0m _identify(src/realsense-ros) by extensions ['cmake', 'python']
[0.782s] [34mcolcon.colcon_core.package_identification[0m [1;30mLevel 1[0m _identify(src/realsense-ros) by extension 'cmake'
[0.782s] [34mcolcon.colcon_core.package_identification[0m [1;30mLevel 1[0m _identify(src/realsense-ros) by extension 'python'
[0.782s] [34mcolcon.colcon_core.package_identification[0m [1;30mLevel 1[0m _identify(src/realsense-ros) by extensions ['python_setup_py']
[0.782s] [34mcolcon.colcon_core.package_identification[0m [1;30mLevel 1[0m _identify(src/realsense-ros) by extension 'python_setup_py'
[0.783s] [34mcolcon.colcon_core.package_identification[0m [1;30mLevel 1[0m _identify(src/realsense-ros/realsense2_camera) by extensions ['ignore', 'ignore_ament_install']
[0.783s] [34mcolcon.colcon_core.package_identification[0m [1;30mLevel 1[0m _identify(src/realsense-ros/realsense2_camera) by extension 'ignore'
[0.783s] [34mcolcon.colcon_core.package_identification[0m [1;30mLevel 1[0m _identify(src/realsense-ros/realsense2_camera) by extension 'ignore_ament_install'
[0.783s] [34mcolcon.colcon_core.package_identification[0m [1;30mLevel 1[0m _identify(src/realsense-ros/realsense2_camera) by extensions ['colcon_pkg']
[0.783s] [34mcolcon.colcon_core.package_identification[0m [1;30mLevel 1[0m _identify(src/realsense-ros/realsense2_camera) by extension 'colcon_pkg'
[0.783s] [34mcolcon.colcon_core.package_identification[0m [1;30mLevel 1[0m _identify(src/realsense-ros/realsense2_camera) by extensions ['colcon_meta']
[0.783s] [34mcolcon.colcon_core.package_identification[0m [1;30mLevel 1[0m _identify(src/realsense-ros/realsense2_camera) by extension 'colcon_meta'
[0.783s] [34mcolcon.colcon_core.package_identification[0m [1;30mLevel 1[0m _identify(src/realsense-ros/realsense2_camera) by extensions ['ros']
[0.783s] [34mcolcon.colcon_core.package_identification[0m [1;30mLevel 1[0m _identify(src/realsense-ros/realsense2_camera) by extension 'ros'
[0.794s] [34mcolcon.colcon_core.package_identification[0m [1;30mDEBUG[0m [32mPackage 'src/realsense-ros/realsense2_camera' with type 'ros.ament_cmake' and name 'realsense2_camera'[0m
[0.795s] [34mcolcon.colcon_core.package_identification[0m [1;30mLevel 1[0m _identify(src/realsense-ros/realsense2_camera_msgs) by extensions ['ignore', 'ignore_ament_install']
[0.795s] [34mcolcon.colcon_core.package_identification[0m [1;30mLevel 1[0m _identify(src/realsense-ros/realsense2_camera_msgs) by extension 'ignore'
[0.795s] [34mcolcon.colcon_core.package_identification[0m [1;30mLevel 1[0m _identify(src/realsense-ros/realsense2_camera_msgs) by extension 'ignore_ament_install'
[0.795s] [34mcolcon.colcon_core.package_identification[0m [1;30mLevel 1[0m _identify(src/realsense-ros/realsense2_camera_msgs) by extensions ['colcon_pkg']
[0.795s] [34mcolcon.colcon_core.package_identification[0m [1;30mLevel 1[0m _identify(src/realsense-ros/realsense2_camera_msgs) by extension 'colcon_pkg'
[0.795s] [34mcolcon.colcon_core.package_identification[0m [1;30mLevel 1[0m _identify(src/realsense-ros/realsense2_camera_msgs) by extensions ['colcon_meta']
[0.796s] [34mcolcon.colcon_core.package_identification[0m [1;30mLevel 1[0m _identify(src/realsense-ros/realsense2_camera_msgs) by extension 'colcon_meta'
[0.796s] [34mcolcon.colcon_core.package_identification[0m [1;30mLevel 1[0m _identify(src/realsense-ros/realsense2_camera_msgs) by extensions ['ros']
[0.796s] [34mcolcon.colcon_core.package_identification[0m [1;30mLevel 1[0m _identify(src/realsense-ros/realsense2_camera_msgs) by extension 'ros'
[0.797s] [34mcolcon.colcon_core.package_identification[0m [1;30mDEBUG[0m [32mPackage 'src/realsense-ros/realsense2_camera_msgs' with type 'ros.ament_cmake' and name 'realsense2_camera_msgs'[0m
[0.797s] [34mcolcon.colcon_core.package_identification[0m [1;30mLevel 1[0m _identify(src/realsense-ros/realsense2_description) by extensions ['ignore', 'ignore_ament_install']
[0.797s] [34mcolcon.colcon_core.package_identification[0m [1;30mLevel 1[0m _identify(src/realsense-ros/realsense2_description) by extension 'ignore'
[0.798s] [34mcolcon.colcon_core.package_identification[0m [1;30mLevel 1[0m _identify(src/realsense-ros/realsense2_description) by extension 'ignore_ament_install'
[0.798s] [34mcolcon.colcon_core.package_identification[0m [1;30mLevel 1[0m _identify(src/realsense-ros/realsense2_description) by extensions ['colcon_pkg']
[0.798s] [34mcolcon.colcon_core.package_identification[0m [1;30mLevel 1[0m _identify(src/realsense-ros/realsense2_description) by extension 'colcon_pkg'
[0.798s] [34mcolcon.colcon_core.package_identification[0m [1;30mLevel 1[0m _identify(src/realsense-ros/realsense2_description) by extensions ['colcon_meta']
[0.798s] [34mcolcon.colcon_core.package_identification[0m [1;30mLevel 1[0m _identify(src/realsense-ros/realsense2_description) by extension 'colcon_meta'
[0.798s] [34mcolcon.colcon_core.package_identification[0m [1;30mLevel 1[0m _identify(src/realsense-ros/realsense2_description) by extensions ['ros']
[0.798s] [34mcolcon.colcon_core.package_identification[0m [1;30mLevel 1[0m _identify(src/realsense-ros/realsense2_description) by extension 'ros'
[0.800s] [34mcolcon.colcon_core.package_identification[0m [1;30mDEBUG[0m [32mPackage 'src/realsense-ros/realsense2_description' with type 'ros.ament_cmake' and name 'realsense2_description'[0m
[0.800s] [34mcolcon.colcon_core.package_identification[0m [1;30mLevel 1[0m _identify(src/realsense-ros/scripts) by extensions ['ignore', 'ignore_ament_install']
[0.800s] [34mcolcon.colcon_core.package_identification[0m [1;30mLevel 1[0m _identify(src/realsense-ros/scripts) by extension 'ignore'
[0.801s] [34mcolcon.colcon_core.package_identification[0m [1;30mLevel 1[0m _identify(src/realsense-ros/scripts) by extension 'ignore_ament_install'
[0.801s] [34mcolcon.colcon_core.package_identification[0m [1;30mLevel 1[0m _identify(src/realsense-ros/scripts) by extensions ['colcon_pkg']
[0.801s] [34mcolcon.colcon_core.package_identification[0m [1;30mLevel 1[0m _identify(src/realsense-ros/scripts) by extension 'colcon_pkg'
[0.801s] [34mcolcon.colcon_core.package_identification[0m [1;30mLevel 1[0m _identify(src/realsense-ros/scripts) by extensions ['colcon_meta']
[0.801s] [34mcolcon.colcon_core.package_identification[0m [1;30mLevel 1[0m _identify(src/realsense-ros/scripts) by extension 'colcon_meta'
[0.801s] [34mcolcon.colcon_core.package_identification[0m [1;30mLevel 1[0m _identify(src/realsense-ros/scripts) by extensions ['ros']
[0.801s] [34mcolcon.colcon_core.package_identification[0m [1;30mLevel 1[0m _identify(src/realsense-ros/scripts) by extension 'ros'
[0.801s] [34mcolcon.colcon_core.package_identification[0m [1;30mLevel 1[0m _identify(src/realsense-ros/scripts) by extensions ['cmake', 'python']
[0.801s] [34mcolcon.colcon_core.package_identification[0m [1;30mLevel 1[0m _identify(src/realsense-ros/scripts) by extension 'cmake'
[0.802s] [34mcolcon.colcon_core.package_identification[0m [1;30mLevel 1[0m _identify(src/realsense-ros/scripts) by extension 'python'
[0.802s] [34mcolcon.colcon_core.package_identification[0m [1;30mLevel 1[0m _identify(src/realsense-ros/scripts) by extensions ['python_setup_py']
[0.802s] [34mcolcon.colcon_core.package_identification[0m [1;30mLevel 1[0m _identify(src/realsense-ros/scripts) by extension 'python_setup_py'
[0.802s] [34mcolcon.colcon_core.package_discovery[0m [1;30mLevel 1[0m discover_packages(recursive) using defaults
[0.802s] [34mcolcon.colcon_core.package_discovery[0m [1;30mLevel 1[0m discover_packages(ignore) discover
[0.802s] [34mcolcon.colcon_core.package_discovery[0m [1;30mLevel 1[0m discover_packages(ignore) using defaults
[0.802s] [34mcolcon.colcon_core.package_discovery[0m [1;30mLevel 1[0m discover_packages(path) discover
[0.802s] [34mcolcon.colcon_core.package_discovery[0m [1;30mLevel 1[0m discover_packages(path) using defaults
[0.837s] [34mcolcon.colcon_core.package_discovery[0m [1;30mLevel 1[0m discover_packages(prefix_path) check parameters
[0.837s] [34mcolcon.colcon_core.package_discovery[0m [1;30mLevel 1[0m discover_packages(prefix_path) discover
[0.841s] [34mcolcon.colcon_installed_package_information.package_discovery[0m [1;30mDEBUG[0m [32mFound 4 installed packages in /home/teamojasdv/ros2_ws/install[0m
[0.843s] [34mcolcon.colcon_installed_package_information.package_discovery[0m [1;30mDEBUG[0m [32mFound 215 installed packages in /opt/ros/humble[0m
[0.845s] [34mcolcon.colcon_core.package_discovery[0m [1;30mLevel 1[0m discover_packages(prefix_path) using defaults
[0.900s] [34mcolcon.colcon_core.verb[0m [1;30mLevel 5[0m set package 'my_detection_package' build argument 'cmake_args' from command line to 'None'
[0.900s] [34mcolcon.colcon_core.verb[0m [1;30mLevel 5[0m set package 'my_detection_package' build argument 'cmake_target' from command line to 'None'
[0.900s] [34mcolcon.colcon_core.verb[0m [1;30mLevel 5[0m set package 'my_detection_package' build argument 'cmake_target_skip_unavailable' from command line to 'False'
[0.900s] [34mcolcon.colcon_core.verb[0m [1;30mLevel 5[0m set package 'my_detection_package' build argument 'cmake_clean_cache' from command line to 'False'
[0.900s] [34mcolcon.colcon_core.verb[0m [1;30mLevel 5[0m set package 'my_detection_package' build argument 'cmake_clean_first' from command line to 'False'
[0.900s] [34mcolcon.colcon_core.verb[0m [1;30mLevel 5[0m set package 'my_detection_package' build argument 'cmake_force_configure' from command line to 'False'
[0.901s] [34mcolcon.colcon_core.verb[0m [1;30mLevel 5[0m set package 'my_detection_package' build argument 'ament_cmake_args' from command line to 'None'
[0.901s] [34mcolcon.colcon_core.verb[0m [1;30mLevel 5[0m set package 'my_detection_package' build argument 'catkin_cmake_args' from command line to 'None'
[0.901s] [34mcolcon.colcon_core.verb[0m [1;30mLevel 5[0m set package 'my_detection_package' build argument 'catkin_skip_building_tests' from command line to 'False'
[0.901s] [34mcolcon.colcon_core.verb[0m [1;30mDEBUG[0m [32mBuilding package 'my_detection_package' with the following arguments: {'ament_cmake_args': None, 'build_base': '/home/teamojasdv/ros2_ws/build/my_detection_package', 'catkin_cmake_args': None, 'catkin_skip_building_tests': False, 'cmake_args': None, 'cmake_clean_cache': False, 'cmake_clean_first': False, 'cmake_force_configure': False, 'cmake_target': None, 'cmake_target_skip_unavailable': False, 'install_base': '/home/teamojasdv/ros2_ws/install/my_detection_package', 'merge_install': False, 'path': '/home/teamojasdv/ros2_ws/src/my_detection_package', 'symlink_install': True, 'test_result_base': None}[0m
[0.901s] [34mcolcon.colcon_core.verb[0m [1;30mLevel 5[0m set package 'realsense2_camera_msgs' build argument 'cmake_args' from command line to 'None'
[0.902s] [34mcolcon.colcon_core.verb[0m [1;30mLevel 5[0m set package 'realsense2_camera_msgs' build argument 'cmake_target' from command line to 'None'
[0.902s] [34mcolcon.colcon_core.verb[0m [1;30mLevel 5[0m set package 'realsense2_camera_msgs' build argument 'cmake_target_skip_unavailable' from command line to 'False'
[0.902s] [34mcolcon.colcon_core.verb[0m [1;30mLevel 5[0m set package 'realsense2_camera_msgs' build argument 'cmake_clean_cache' from command line to 'False'
[0.902s] [34mcolcon.colcon_core.verb[0m [1;30mLevel 5[0m set package 'realsense2_camera_msgs' build argument 'cmake_clean_first' from command line to 'False'
[0.902s] [34mcolcon.colcon_core.verb[0m [1;30mLevel 5[0m set package 'realsense2_camera_msgs' build argument 'cmake_force_configure' from command line to 'False'
[0.902s] [34mcolcon.colcon_core.verb[0m [1;30mLevel 5[0m set package 'realsense2_camera_msgs' build argument 'ament_cmake_args' from command line to 'None'
[0.902s] [34mcolcon.colcon_core.verb[0m [1;30mLevel 5[0m set package 'realsense2_camera_msgs' build argument 'catkin_cmake_args' from command line to 'None'
[0.902s] [34mcolcon.colcon_core.verb[0m [1;30mLevel 5[0m set package 'realsense2_camera_msgs' build argument 'catkin_skip_building_tests' from command line to 'False'
[0.902s] [34mcolcon.colcon_core.verb[0m [1;30mDEBUG[0m [32mBuilding package 'realsense2_camera_msgs' with the following arguments: {'ament_cmake_args': None, 'build_base': '/home/teamojasdv/ros2_ws/build/realsense2_camera_msgs', 'catkin_cmake_args': None, 'catkin_skip_building_tests': False, 'cmake_args': None, 'cmake_clean_cache': False, 'cmake_clean_first': False, 'cmake_force_configure': False, 'cmake_target': None, 'cmake_target_skip_unavailable': False, 'install_base': '/home/teamojasdv/ros2_ws/install/realsense2_camera_msgs', 'merge_install': False, 'path': '/home/teamojasdv/ros2_ws/src/realsense-ros/realsense2_camera_msgs', 'symlink_install': True, 'test_result_base': None}[0m
[0.903s] [34mcolcon.colcon_core.verb[0m [1;30mLevel 5[0m set package 'realsense2_camera' build argument 'cmake_args' from command line to 'None'
[0.903s] [34mcolcon.colcon_core.verb[0m [1;30mLevel 5[0m set package 'realsense2_camera' build argument 'cmake_target' from command line to 'None'
[0.903s] [34mcolcon.colcon_core.verb[0m [1;30mLevel 5[0m set package 'realsense2_camera' build argument 'cmake_target_skip_unavailable' from command line to 'False'
[0.903s] [34mcolcon.colcon_core.verb[0m [1;30mLevel 5[0m set package 'realsense2_camera' build argument 'cmake_clean_cache' from command line to 'False'
[0.903s] [34mcolcon.colcon_core.verb[0m [1;30mLevel 5[0m set package 'realsense2_camera' build argument 'cmake_clean_first' from command line to 'False'
[0.903s] [34mcolcon.colcon_core.verb[0m [1;30mLevel 5[0m set package 'realsense2_camera' build argument 'cmake_force_configure' from command line to 'False'
[0.903s] [34mcolcon.colcon_core.verb[0m [1;30mLevel 5[0m set package 'realsense2_camera' build argument 'ament_cmake_args' from command line to 'None'
[0.903s] [34mcolcon.colcon_core.verb[0m [1;30mLevel 5[0m set package 'realsense2_camera' build argument 'catkin_cmake_args' from command line to 'None'
[0.903s] [34mcolcon.colcon_core.verb[0m [1;30mLevel 5[0m set package 'realsense2_camera' build argument 'catkin_skip_building_tests' from command line to 'False'
[0.903s] [34mcolcon.colcon_core.verb[0m [1;30mDEBUG[0m [32mBuilding package 'realsense2_camera' with the following arguments: {'ament_cmake_args': None, 'build_base': '/home/teamojasdv/ros2_ws/build/realsense2_camera', 'catkin_cmake_args': None, 'catkin_skip_building_tests': False, 'cmake_args': None, 'cmake_clean_cache': False, 'cmake_clean_first': False, 'cmake_force_configure': False, 'cmake_target': None, 'cmake_target_skip_unavailable': False, 'install_base': '/home/teamojasdv/ros2_ws/install/realsense2_camera', 'merge_install': False, 'path': '/home/teamojasdv/ros2_ws/src/realsense-ros/realsense2_camera', 'symlink_install': True, 'test_result_base': None}[0m
[0.904s] [34mcolcon.colcon_core.verb[0m [1;30mLevel 5[0m set package 'realsense2_description' build argument 'cmake_args' from command line to 'None'
[0.904s] [34mcolcon.colcon_core.verb[0m [1;30mLevel 5[0m set package 'realsense2_description' build argument 'cmake_target' from command line to 'None'
[0.904s] [34mcolcon.colcon_core.verb[0m [1;30mLevel 5[0m set package 'realsense2_description' build argument 'cmake_target_skip_unavailable' from command line to 'False'
[0.904s] [34mcolcon.colcon_core.verb[0m [1;30mLevel 5[0m set package 'realsense2_description' build argument 'cmake_clean_cache' from command line to 'False'
[0.904s] [34mcolcon.colcon_core.verb[0m [1;30mLevel 5[0m set package 'realsense2_description' build argument 'cmake_clean_first' from command line to 'False'
[0.904s] [34mcolcon.colcon_core.verb[0m [1;30mLevel 5[0m set package 'realsense2_description' build argument 'cmake_force_configure' from command line to 'False'
[0.904s] [34mcolcon.colcon_core.verb[0m [1;30mLevel 5[0m set package 'realsense2_description' build argument 'ament_cmake_args' from command line to 'None'
[0.904s] [34mcolcon.colcon_core.verb[0m [1;30mLevel 5[0m set package 'realsense2_description' build argument 'catkin_cmake_args' from command line to 'None'
[0.904s] [34mcolcon.colcon_core.verb[0m [1;30mLevel 5[0m set package 'realsense2_description' build argument 'catkin_skip_building_tests' from command line to 'False'
[0.904s] [34mcolcon.colcon_core.verb[0m [1;30mDEBUG[0m [32mBuilding package 'realsense2_description' with the following arguments: {'ament_cmake_args': None, 'build_base': '/home/teamojasdv/ros2_ws/build/realsense2_description', 'catkin_cmake_args': None, 'catkin_skip_building_tests': False, 'cmake_args': None, 'cmake_clean_cache': False, 'cmake_clean_first': False, 'cmake_force_configure': False, 'cmake_target': None, 'cmake_target_skip_unavailable': False, 'install_base': '/home/teamojasdv/ros2_ws/install/realsense2_description', 'merge_install': False, 'path': '/home/teamojasdv/ros2_ws/src/realsense-ros/realsense2_description', 'symlink_install': True, 'test_result_base': None}[0m
[0.905s] [34mcolcon.colcon_core.executor[0m [1;30mINFO[0m Executing jobs using 'parallel' executor
[0.907s] [34mcolcon.colcon_parallel_executor.executor.parallel[0m [1;30mDEBUG[0m [32mrun_until_complete[0m
[0.907s] [34mcolcon.colcon_ros.task.ament_cmake.build[0m [1;30mINFO[0m Building ROS package in '/home/teamojasdv/ros2_ws/src/realsense-ros/realsense2_camera_msgs' with build type 'ament_cmake'
[0.908s] [34mcolcon.colcon_cmake.task.cmake.build[0m [1;30mINFO[0m Building CMake package in '/home/teamojasdv/ros2_ws/src/realsense-ros/realsense2_camera_msgs'
[0.912s] [34mcolcon.colcon_core.plugin_system[0m [1;30mINFO[0m Skipping extension 'colcon_core.shell.bat': Not used on non-Windows systems
[0.912s] [34mcolcon.colcon_core.shell[0m [1;30mINFO[0m Skip shell extension 'powershell' for command environment: Not usable outside of PowerShell
[0.912s] [34mcolcon.colcon_core.shell[0m [1;30mDEBUG[0m [32mSkip shell extension 'dsv' for command environment[0m
[0.919s] [34mcolcon.colcon_ros.task.ament_python.build[0m [1;30mINFO[0m Building ROS package in '/home/teamojasdv/ros2_ws/src/my_detection_package' with build type 'ament_python'
[0.920s] [34mcolcon.colcon_core.shell[0m [1;30mLevel 1[0m create_environment_hook('my_detection_package', 'ament_prefix_path')
[0.920s] [34mcolcon.colcon_core.shell[0m [1;30mINFO[0m Creating environment hook '/home/teamojasdv/ros2_ws/install/my_detection_package/share/my_detection_package/hook/ament_prefix_path.ps1'
[0.922s] [34mcolcon.colcon_core.shell[0m [1;30mINFO[0m Creating environment descriptor '/home/teamojasdv/ros2_ws/install/my_detection_package/share/my_detection_package/hook/ament_prefix_path.dsv'
[0.923s] [34mcolcon.colcon_core.shell[0m [1;30mINFO[0m Creating environment hook '/home/teamojasdv/ros2_ws/install/my_detection_package/share/my_detection_package/hook/ament_prefix_path.sh'
[0.924s] [34mcolcon.colcon_core.shell[0m [1;30mINFO[0m Skip shell extension 'powershell' for command environment: Not usable outside of PowerShell
[0.925s] [34mcolcon.colcon_core.shell[0m [1;30mDEBUG[0m [32mSkip shell extension 'dsv' for command environment[0m
[0.938s] [34mcolcon.colcon_core.event_handler.log_command[0m [1;30mDEBUG[0m [32mInvoking command in '/home/teamojasdv/ros2_ws/build/realsense2_camera_msgs': CMAKE_PREFIX_PATH=${CMAKE_PREFIX_PATH}:/home/teamojasdv/ros2_ws/install/my_detection_package:/opt/ros/humble /usr/bin/cmake --build /home/teamojasdv/ros2_ws/build/realsense2_camera_msgs -- -j6 -l6[0m
[1.843s] [34mcolcon.colcon_core.task.python.build[0m [1;30mINFO[0m Building Python package in '/home/teamojasdv/ros2_ws/src/my_detection_package'
[1.844s] [34mcolcon.colcon_core.shell[0m [1;30mINFO[0m Skip shell extension 'powershell' for command environment: Not usable outside of PowerShell
[1.844s] [34mcolcon.colcon_core.shell[0m [1;30mDEBUG[0m [32mSkip shell extension 'dsv' for command environment[0m
[2.174s] [34mcolcon.colcon_core.event_handler.log_command[0m [1;30mDEBUG[0m [32mInvoked command in '/home/teamojasdv/ros2_ws/build/realsense2_camera_msgs' returned '0': CMAKE_PREFIX_PATH=${CMAKE_PREFIX_PATH}:/home/teamojasdv/ros2_ws/install/my_detection_package:/opt/ros/humble /usr/bin/cmake --build /home/teamojasdv/ros2_ws/build/realsense2_camera_msgs -- -j6 -l6[0m
[2.425s] [34mcolcon.colcon_core.event_handler.log_command[0m [1;30mDEBUG[0m [32mInvoking command in '/home/teamojasdv/ros2_ws/build/realsense2_camera_msgs': CMAKE_PREFIX_PATH=${CMAKE_PREFIX_PATH}:/home/teamojasdv/ros2_ws/install/my_detection_package:/opt/ros/humble /usr/bin/cmake --install /home/teamojasdv/ros2_ws/build/realsense2_camera_msgs[0m
[2.593s] [34mcolcon.colcon_core.environment[0m [1;30mLevel 1[0m create_environment_scripts_only(realsense2_camera_msgs)
[2.594s] [34mcolcon.colcon_core.event_handler.log_command[0m [1;30mDEBUG[0m [32mInvoked command in '/home/teamojasdv/ros2_ws/build/realsense2_camera_msgs' returned '0': CMAKE_PREFIX_PATH=${CMAKE_PREFIX_PATH}:/home/teamojasdv/ros2_ws/install/my_detection_package:/opt/ros/humble /usr/bin/cmake --install /home/teamojasdv/ros2_ws/build/realsense2_camera_msgs[0m
[2.603s] [34mcolcon.colcon_core.environment[0m [1;30mLevel 1[0m checking '/home/teamojasdv/ros2_ws/install/realsense2_camera_msgs' for CMake module files
[2.605s] [34mcolcon.colcon_core.environment[0m [1;30mLevel 1[0m checking '/home/teamojasdv/ros2_ws/install/realsense2_camera_msgs' for CMake config files
[2.608s] [34mcolcon.colcon_core.shell[0m [1;30mLevel 1[0m create_environment_hook('realsense2_camera_msgs', 'cmake_prefix_path')
[2.609s] [34mcolcon.colcon_core.shell[0m [1;30mINFO[0m Creating environment hook '/home/teamojasdv/ros2_ws/install/realsense2_camera_msgs/share/realsense2_camera_msgs/hook/cmake_prefix_path.ps1'
[2.611s] [34mcolcon.colcon_core.shell[0m [1;30mINFO[0m Creating environment descriptor '/home/teamojasdv/ros2_ws/install/realsense2_camera_msgs/share/realsense2_camera_msgs/hook/cmake_prefix_path.dsv'
[2.612s] [34mcolcon.colcon_core.shell[0m [1;30mINFO[0m Creating environment hook '/home/teamojasdv/ros2_ws/install/realsense2_camera_msgs/share/realsense2_camera_msgs/hook/cmake_prefix_path.sh'
[2.614s] [34mcolcon.colcon_core.environment[0m [1;30mLevel 1[0m checking '/home/teamojasdv/ros2_ws/install/realsense2_camera_msgs/lib'
[2.615s] [34mcolcon.colcon_core.shell[0m [1;30mLevel 1[0m create_environment_hook('realsense2_camera_msgs', 'ld_library_path_lib')
[2.616s] [34mcolcon.colcon_core.shell[0m [1;30mINFO[0m Creating environment hook '/home/teamojasdv/ros2_ws/install/realsense2_camera_msgs/share/realsense2_camera_msgs/hook/ld_library_path_lib.ps1'
[2.617s] [34mcolcon.colcon_core.shell[0m [1;30mINFO[0m Creating environment descriptor '/home/teamojasdv/ros2_ws/install/realsense2_camera_msgs/share/realsense2_camera_msgs/hook/ld_library_path_lib.dsv'
[2.618s] [34mcolcon.colcon_core.shell[0m [1;30mINFO[0m Creating environment hook '/home/teamojasdv/ros2_ws/install/realsense2_camera_msgs/share/realsense2_camera_msgs/hook/ld_library_path_lib.sh'
[2.620s] [34mcolcon.colcon_core.environment[0m [1;30mLevel 1[0m checking '/home/teamojasdv/ros2_ws/install/realsense2_camera_msgs/bin'
[2.620s] [34mcolcon.colcon_core.environment[0m [1;30mLevel 1[0m checking '/home/teamojasdv/ros2_ws/install/realsense2_camera_msgs/lib/pkgconfig/realsense2_camera_msgs.pc'
[2.621s] [34mcolcon.colcon_core.environment[0m [1;30mLevel 1[0m checking '/home/teamojasdv/ros2_ws/install/realsense2_camera_msgs/lib/python3.10/site-packages'
[2.622s] [34mcolcon.colcon_core.environment[0m [1;30mLevel 1[0m checking '/home/teamojasdv/ros2_ws/install/realsense2_camera_msgs/bin'
[2.623s] [34mcolcon.colcon_core.shell[0m [1;30mINFO[0m Creating package script '/home/teamojasdv/ros2_ws/install/realsense2_camera_msgs/share/realsense2_camera_msgs/package.ps1'
[2.627s] [34mcolcon.colcon_core.shell[0m [1;30mINFO[0m Creating package descriptor '/home/teamojasdv/ros2_ws/install/realsense2_camera_msgs/share/realsense2_camera_msgs/package.dsv'
[2.629s] [34mcolcon.colcon_core.shell[0m [1;30mINFO[0m Creating package script '/home/teamojasdv/ros2_ws/install/realsense2_camera_msgs/share/realsense2_camera_msgs/package.sh'
[2.632s] [34mcolcon.colcon_core.shell[0m [1;30mINFO[0m Creating package script '/home/teamojasdv/ros2_ws/install/realsense2_camera_msgs/share/realsense2_camera_msgs/package.bash'
[2.634s] [34mcolcon.colcon_core.shell[0m [1;30mINFO[0m Creating package script '/home/teamojasdv/ros2_ws/install/realsense2_camera_msgs/share/realsense2_camera_msgs/package.zsh'
[2.636s] [34mcolcon.colcon_core.environment[0m [1;30mLevel 1[0m create_file_with_runtime_dependencies(/home/teamojasdv/ros2_ws/install/realsense2_camera_msgs/share/colcon-core/packages/realsense2_camera_msgs)
[2.866s] [34mcolcon.colcon_core.environment[0m [1;30mLevel 1[0m create_environment_scripts_only(realsense2_camera_msgs)
[2.867s] [34mcolcon.colcon_core.environment[0m [1;30mLevel 1[0m checking '/home/teamojasdv/ros2_ws/install/realsense2_camera_msgs' for CMake module files
[2.869s] [34mcolcon.colcon_core.environment[0m [1;30mLevel 1[0m checking '/home/teamojasdv/ros2_ws/install/realsense2_camera_msgs' for CMake config files
[2.872s] [34mcolcon.colcon_core.shell[0m [1;30mLevel 1[0m create_environment_hook('realsense2_camera_msgs', 'cmake_prefix_path')
[2.873s] [34mcolcon.colcon_core.shell[0m [1;30mINFO[0m Creating environment hook '/home/teamojasdv/ros2_ws/install/realsense2_camera_msgs/share/realsense2_camera_msgs/hook/cmake_prefix_path.ps1'
[2.875s] [34mcolcon.colcon_core.shell[0m [1;30mINFO[0m Creating environment descriptor '/home/teamojasdv/ros2_ws/install/realsense2_camera_msgs/share/realsense2_camera_msgs/hook/cmake_prefix_path.dsv'
[2.876s] [34mcolcon.colcon_core.shell[0m [1;30mINFO[0m Creating environment hook '/home/teamojasdv/ros2_ws/install/realsense2_camera_msgs/share/realsense2_camera_msgs/hook/cmake_prefix_path.sh'
[2.878s] [34mcolcon.colcon_core.environment[0m [1;30mLevel 1[0m checking '/home/teamojasdv/ros2_ws/install/realsense2_camera_msgs/lib'
[2.878s] [34mcolcon.colcon_core.shell[0m [1;30mLevel 1[0m create_environment_hook('realsense2_camera_msgs', 'ld_library_path_lib')
[2.879s] [34mcolcon.colcon_core.shell[0m [1;30mINFO[0m Creating environment hook '/home/teamojasdv/ros2_ws/install/realsense2_camera_msgs/share/realsense2_camera_msgs/hook/ld_library_path_lib.ps1'
[2.880s] [34mcolcon.colcon_core.shell[0m [1;30mINFO[0m Creating environment descriptor '/home/teamojasdv/ros2_ws/install/realsense2_camera_msgs/share/realsense2_camera_msgs/hook/ld_library_path_lib.dsv'
[2.882s] [34mcolcon.colcon_core.shell[0m [1;30mINFO[0m Creating environment hook '/home/teamojasdv/ros2_ws/install/realsense2_camera_msgs/share/realsense2_camera_msgs/hook/ld_library_path_lib.sh'
[2.883s] [34mcolcon.colcon_core.environment[0m [1;30mLevel 1[0m checking '/home/teamojasdv/ros2_ws/install/realsense2_camera_msgs/bin'
[2.883s] [34mcolcon.colcon_core.environment[0m [1;30mLevel 1[0m checking '/home/teamojasdv/ros2_ws/install/realsense2_camera_msgs/lib/pkgconfig/realsense2_camera_msgs.pc'
[2.884s] [34mcolcon.colcon_core.environment[0m [1;30mLevel 1[0m checking '/home/teamojasdv/ros2_ws/install/realsense2_camera_msgs/lib/python3.10/site-packages'
[2.885s] [34mcolcon.colcon_core.environment[0m [1;30mLevel 1[0m checking '/home/teamojasdv/ros2_ws/install/realsense2_camera_msgs/bin'
[2.886s] [34mcolcon.colcon_core.shell[0m [1;30mINFO[0m Creating package script '/home/teamojasdv/ros2_ws/install/realsense2_camera_msgs/share/realsense2_camera_msgs/package.ps1'
[2.888s] [34mcolcon.colcon_core.shell[0m [1;30mINFO[0m Creating package descriptor '/home/teamojasdv/ros2_ws/install/realsense2_camera_msgs/share/realsense2_camera_msgs/package.dsv'
[2.890s] [34mcolcon.colcon_core.shell[0m [1;30mINFO[0m Creating package script '/home/teamojasdv/ros2_ws/install/realsense2_camera_msgs/share/realsense2_camera_msgs/package.sh'
[2.892s] [34mcolcon.colcon_core.shell[0m [1;30mINFO[0m Creating package script '/home/teamojasdv/ros2_ws/install/realsense2_camera_msgs/share/realsense2_camera_msgs/package.bash'
[2.893s] [34mcolcon.colcon_core.shell[0m [1;30mINFO[0m Creating package script '/home/teamojasdv/ros2_ws/install/realsense2_camera_msgs/share/realsense2_camera_msgs/package.zsh'
[2.894s] [34mcolcon.colcon_core.environment[0m [1;30mLevel 1[0m create_file_with_runtime_dependencies(/home/teamojasdv/ros2_ws/install/realsense2_camera_msgs/share/colcon-core/packages/realsense2_camera_msgs)
[2.896s] [34mcolcon.colcon_ros.task.ament_cmake.build[0m [1;30mINFO[0m Building ROS package in '/home/teamojasdv/ros2_ws/src/realsense-ros/realsense2_camera' with build type 'ament_cmake'
[2.896s] [34mcolcon.colcon_cmake.task.cmake.build[0m [1;30mINFO[0m Building CMake package in '/home/teamojasdv/ros2_ws/src/realsense-ros/realsense2_camera'
[2.897s] [34mcolcon.colcon_core.shell[0m [1;30mINFO[0m Skip shell extension 'powershell' for command environment: Not usable outside of PowerShell
[2.898s] [34mcolcon.colcon_core.shell[0m [1;30mDEBUG[0m [32mSkip shell extension 'dsv' for command environment[0m
[2.909s] [34mcolcon.colcon_ros.task.ament_cmake.build[0m [1;30mINFO[0m Building ROS package in '/home/teamojasdv/ros2_ws/src/realsense-ros/realsense2_description' with build type 'ament_cmake'
[2.909s] [34mcolcon.colcon_cmake.task.cmake.build[0m [1;30mINFO[0m Building CMake package in '/home/teamojasdv/ros2_ws/src/realsense-ros/realsense2_description'
[2.910s] [34mcolcon.colcon_core.shell[0m [1;30mINFO[0m Skip shell extension 'powershell' for command environment: Not usable outside of PowerShell
[2.910s] [34mcolcon.colcon_core.shell[0m [1;30mDEBUG[0m [32mSkip shell extension 'dsv' for command environment[0m
[2.937s] [34mcolcon.colcon_core.event_handler.log_command[0m [1;30mDEBUG[0m [32mInvoking command in '/home/teamojasdv/ros2_ws/build/realsense2_camera': CMAKE_PREFIX_PATH=/home/teamojasdv/ros2_ws/install/realsense2_camera_msgs:/home/teamojasdv/ros2_ws/install/realsense2_description:/home/teamojasdv/ros2_ws/install/realsense2_camera:/home/teamojasdv/ros2_ws/install/my_detection_package:/opt/ros/humble LD_LIBRARY_PATH=/home/teamojasdv/ros2_ws/install/realsense2_camera_msgs/lib:/home/teamojasdv/ros2_ws/install/realsense2_camera/lib:/opt/ros/humble/opt/rviz_ogre_vendor/lib:/opt/ros/humble/lib/aarch64-linux-gnu:/opt/ros/humble/lib:/usr/local/lib:/usr/local/lib:/usr/local/cuda-12.2/lib64 /usr/bin/cmake --build /home/teamojasdv/ros2_ws/build/realsense2_camera -- -j6 -l6[0m
[2.943s] [34mcolcon.colcon_core.event_handler.log_command[0m [1;30mDEBUG[0m [32mInvoking command in '/home/teamojasdv/ros2_ws/build/realsense2_description': CMAKE_PREFIX_PATH=/home/teamojasdv/ros2_ws/install/realsense2_camera_msgs:/home/teamojasdv/ros2_ws/install/realsense2_description:/home/teamojasdv/ros2_ws/install/realsense2_camera:/home/teamojasdv/ros2_ws/install/my_detection_package:/opt/ros/humble LD_LIBRARY_PATH=/home/teamojasdv/ros2_ws/install/realsense2_camera_msgs/lib:/home/teamojasdv/ros2_ws/install/realsense2_camera/lib:/opt/ros/humble/opt/rviz_ogre_vendor/lib:/opt/ros/humble/lib/aarch64-linux-gnu:/opt/ros/humble/lib:/usr/local/lib:/usr/local/lib:/usr/local/cuda-12.2/lib64 /usr/bin/cmake --build /home/teamojasdv/ros2_ws/build/realsense2_description -- -j6 -l6[0m
[3.017s] [34mcolcon.colcon_core.event_handler.log_command[0m [1;30mDEBUG[0m [32mInvoked command in '/home/teamojasdv/ros2_ws/build/realsense2_description' returned '0': CMAKE_PREFIX_PATH=/home/teamojasdv/ros2_ws/install/realsense2_camera_msgs:/home/teamojasdv/ros2_ws/install/realsense2_description:/home/teamojasdv/ros2_ws/install/realsense2_camera:/home/teamojasdv/ros2_ws/install/my_detection_package:/opt/ros/humble LD_LIBRARY_PATH=/home/teamojasdv/ros2_ws/install/realsense2_camera_msgs/lib:/home/teamojasdv/ros2_ws/install/realsense2_camera/lib:/opt/ros/humble/opt/rviz_ogre_vendor/lib:/opt/ros/humble/lib/aarch64-linux-gnu:/opt/ros/humble/lib:/usr/local/lib:/usr/local/lib:/usr/local/cuda-12.2/lib64 /usr/bin/cmake --build /home/teamojasdv/ros2_ws/build/realsense2_description -- -j6 -l6[0m
[3.071s] [34mcolcon.colcon_core.event_handler.log_command[0m [1;30mDEBUG[0m [32mInvoking command in '/home/teamojasdv/ros2_ws/build/realsense2_description': CMAKE_PREFIX_PATH=/home/teamojasdv/ros2_ws/install/realsense2_camera_msgs:/home/teamojasdv/ros2_ws/install/realsense2_description:/home/teamojasdv/ros2_ws/install/realsense2_camera:/home/teamojasdv/ros2_ws/install/my_detection_package:/opt/ros/humble LD_LIBRARY_PATH=/home/teamojasdv/ros2_ws/install/realsense2_camera_msgs/lib:/home/teamojasdv/ros2_ws/install/realsense2_camera/lib:/opt/ros/humble/opt/rviz_ogre_vendor/lib:/opt/ros/humble/lib/aarch64-linux-gnu:/opt/ros/humble/lib:/usr/local/lib:/usr/local/lib:/usr/local/cuda-12.2/lib64 /usr/bin/cmake --install /home/teamojasdv/ros2_ws/build/realsense2_description[0m
[3.121s] [34mcolcon.colcon_core.environment[0m [1;30mLevel 1[0m create_environment_scripts_only(realsense2_description)
[3.122s] [34mcolcon.colcon_core.environment[0m [1;30mLevel 1[0m checking '/home/teamojasdv/ros2_ws/install/realsense2_description' for CMake module files
[3.124s] [34mcolcon.colcon_core.event_handler.log_command[0m [1;30mDEBUG[0m [32mInvoked command in '/home/teamojasdv/ros2_ws/build/realsense2_description' returned '0': CMAKE_PREFIX_PATH=/home/teamojasdv/ros2_ws/install/realsense2_camera_msgs:/home/teamojasdv/ros2_ws/install/realsense2_description:/home/teamojasdv/ros2_ws/install/realsense2_camera:/home/teamojasdv/ros2_ws/install/my_detection_package:/opt/ros/humble LD_LIBRARY_PATH=/home/teamojasdv/ros2_ws/install/realsense2_camera_msgs/lib:/home/teamojasdv/ros2_ws/install/realsense2_camera/lib:/opt/ros/humble/opt/rviz_ogre_vendor/lib:/opt/ros/humble/lib/aarch64-linux-gnu:/opt/ros/humble/lib:/usr/local/lib:/usr/local/lib:/usr/local/cuda-12.2/lib64 /usr/bin/cmake --install /home/teamojasdv/ros2_ws/build/realsense2_description[0m
[3.124s] [34mcolcon.colcon_core.environment[0m [1;30mLevel 1[0m checking '/home/teamojasdv/ros2_ws/install/realsense2_description' for CMake config files
[3.125s] [34mcolcon.colcon_core.shell[0m [1;30mLevel 1[0m create_environment_hook('realsense2_description', 'cmake_prefix_path')
[3.126s] [34mcolcon.colcon_core.shell[0m [1;30mINFO[0m Creating environment hook '/home/teamojasdv/ros2_ws/install/realsense2_description/share/realsense2_description/hook/cmake_prefix_path.ps1'
[3.127s] [34mcolcon.colcon_core.shell[0m [1;30mINFO[0m Creating environment descriptor '/home/teamojasdv/ros2_ws/install/realsense2_description/share/realsense2_description/hook/cmake_prefix_path.dsv'
[3.128s] [34mcolcon.colcon_core.shell[0m [1;30mINFO[0m Creating environment hook '/home/teamojasdv/ros2_ws/install/realsense2_description/share/realsense2_description/hook/cmake_prefix_path.sh'
[3.129s] [34mcolcon.colcon_core.environment[0m [1;30mLevel 1[0m checking '/home/teamojasdv/ros2_ws/install/realsense2_description/bin'
[3.129s] [34mcolcon.colcon_core.environment[0m [1;30mLevel 1[0m checking '/home/teamojasdv/ros2_ws/install/realsense2_description/lib/pkgconfig/realsense2_description.pc'
[3.130s] [34mcolcon.colcon_core.environment[0m [1;30mLevel 1[0m checking '/home/teamojasdv/ros2_ws/install/realsense2_description/lib/python3.10/site-packages'
[3.130s] [34mcolcon.colcon_core.environment[0m [1;30mLevel 1[0m checking '/home/teamojasdv/ros2_ws/install/realsense2_description/bin'
[3.131s] [34mcolcon.colcon_core.shell[0m [1;30mINFO[0m Creating package script '/home/teamojasdv/ros2_ws/install/realsense2_description/share/realsense2_description/package.ps1'
[3.132s] [34mcolcon.colcon_core.shell[0m [1;30mINFO[0m Creating package descriptor '/home/teamojasdv/ros2_ws/install/realsense2_description/share/realsense2_description/package.dsv'
[3.133s] [34mcolcon.colcon_core.shell[0m [1;30mINFO[0m Creating package script '/home/teamojasdv/ros2_ws/install/realsense2_description/share/realsense2_description/package.sh'
[3.134s] [34mcolcon.colcon_core.shell[0m [1;30mINFO[0m Creating package script '/home/teamojasdv/ros2_ws/install/realsense2_description/share/realsense2_description/package.bash'
[3.134s] [34mcolcon.colcon_core.shell[0m [1;30mINFO[0m Creating package script '/home/teamojasdv/ros2_ws/install/realsense2_description/share/realsense2_description/package.zsh'
[3.135s] [34mcolcon.colcon_core.environment[0m [1;30mLevel 1[0m create_file_with_runtime_dependencies(/home/teamojasdv/ros2_ws/install/realsense2_description/share/colcon-core/packages/realsense2_description)
[3.140s] [34mcolcon.colcon_core.event_handler.log_command[0m [1;30mDEBUG[0m [32mInvoked command in '/home/teamojasdv/ros2_ws/build/realsense2_camera' returned '0': CMAKE_PREFIX_PATH=/home/teamojasdv/ros2_ws/install/realsense2_camera_msgs:/home/teamojasdv/ros2_ws/install/realsense2_description:/home/teamojasdv/ros2_ws/install/realsense2_camera:/home/teamojasdv/ros2_ws/install/my_detection_package:/opt/ros/humble LD_LIBRARY_PATH=/home/teamojasdv/ros2_ws/install/realsense2_camera_msgs/lib:/home/teamojasdv/ros2_ws/install/realsense2_camera/lib:/opt/ros/humble/opt/rviz_ogre_vendor/lib:/opt/ros/humble/lib/aarch64-linux-gnu:/opt/ros/humble/lib:/usr/local/lib:/usr/local/lib:/usr/local/cuda-12.2/lib64 /usr/bin/cmake --build /home/teamojasdv/ros2_ws/build/realsense2_camera -- -j6 -l6[0m
[3.181s] [34mcolcon.colcon_core.environment[0m [1;30mLevel 1[0m create_environment_scripts_only(realsense2_description)
[3.182s] [34mcolcon.colcon_core.environment[0m [1;30mLevel 1[0m checking '/home/teamojasdv/ros2_ws/install/realsense2_description' for CMake module files
[3.184s] [34mcolcon.colcon_core.environment[0m [1;30mLevel 1[0m checking '/home/teamojasdv/ros2_ws/install/realsense2_description' for CMake config files
[3.185s] [34mcolcon.colcon_core.shell[0m [1;30mLevel 1[0m create_environment_hook('realsense2_description', 'cmake_prefix_path')
[3.187s] [34mcolcon.colcon_core.shell[0m [1;30mINFO[0m Creating environment hook '/home/teamojasdv/ros2_ws/install/realsense2_description/share/realsense2_description/hook/cmake_prefix_path.ps1'
[3.188s] [34mcolcon.colcon_core.shell[0m [1;30mINFO[0m Creating environment descriptor '/home/teamojasdv/ros2_ws/install/realsense2_description/share/realsense2_description/hook/cmake_prefix_path.dsv'
[3.189s] [34mcolcon.colcon_core.shell[0m [1;30mINFO[0m Creating environment hook '/home/teamojasdv/ros2_ws/install/realsense2_description/share/realsense2_description/hook/cmake_prefix_path.sh'
[3.191s] [34mcolcon.colcon_core.environment[0m [1;30mLevel 1[0m checking '/home/teamojasdv/ros2_ws/install/realsense2_description/bin'
[3.192s] [34mcolcon.colcon_core.environment[0m [1;30mLevel 1[0m checking '/home/teamojasdv/ros2_ws/install/realsense2_description/lib/pkgconfig/realsense2_description.pc'
[3.193s] [34mcolcon.colcon_core.environment[0m [1;30mLevel 1[0m checking '/home/teamojasdv/ros2_ws/install/realsense2_description/lib/python3.10/site-packages'
[3.193s] [34mcolcon.colcon_core.environment[0m [1;30mLevel 1[0m checking '/home/teamojasdv/ros2_ws/install/realsense2_description/bin'
[3.195s] [34mcolcon.colcon_core.shell[0m [1;30mINFO[0m Creating package script '/home/teamojasdv/ros2_ws/install/realsense2_description/share/realsense2_description/package.ps1'
[3.197s] [34mcolcon.colcon_core.shell[0m [1;30mINFO[0m Creating package descriptor '/home/teamojasdv/ros2_ws/install/realsense2_description/share/realsense2_description/package.dsv'
[3.198s] [34mcolcon.colcon_core.shell[0m [1;30mINFO[0m Creating package script '/home/teamojasdv/ros2_ws/install/realsense2_description/share/realsense2_description/package.sh'
[3.200s] [34mcolcon.colcon_core.shell[0m [1;30mINFO[0m Creating package script '/home/teamojasdv/ros2_ws/install/realsense2_description/share/realsense2_description/package.bash'
[3.201s] [34mcolcon.colcon_core.shell[0m [1;30mINFO[0m Creating package script '/home/teamojasdv/ros2_ws/install/realsense2_description/share/realsense2_description/package.zsh'
[3.203s] [34mcolcon.colcon_core.environment[0m [1;30mLevel 1[0m create_file_with_runtime_dependencies(/home/teamojasdv/ros2_ws/install/realsense2_description/share/colcon-core/packages/realsense2_description)
[3.254s] [34mcolcon.colcon_core.event_handler.log_command[0m [1;30mDEBUG[0m [32mInvoking command in '/home/teamojasdv/ros2_ws/build/realsense2_camera': CMAKE_PREFIX_PATH=/home/teamojasdv/ros2_ws/install/realsense2_camera_msgs:/home/teamojasdv/ros2_ws/install/realsense2_description:/home/teamojasdv/ros2_ws/install/realsense2_camera:/home/teamojasdv/ros2_ws/install/my_detection_package:/opt/ros/humble LD_LIBRARY_PATH=/home/teamojasdv/ros2_ws/install/realsense2_camera_msgs/lib:/home/teamojasdv/ros2_ws/install/realsense2_camera/lib:/opt/ros/humble/opt/rviz_ogre_vendor/lib:/opt/ros/humble/lib/aarch64-linux-gnu:/opt/ros/humble/lib:/usr/local/lib:/usr/local/lib:/usr/local/cuda-12.2/lib64 /usr/bin/cmake --install /home/teamojasdv/ros2_ws/build/realsense2_camera[0m
[3.309s] [34mcolcon.colcon_core.environment[0m [1;30mLevel 1[0m create_environment_scripts_only(realsense2_camera)
[3.310s] [34mcolcon.colcon_core.environment[0m [1;30mLevel 1[0m checking '/home/teamojasdv/ros2_ws/install/realsense2_camera' for CMake module files
[3.311s] [34mcolcon.colcon_core.event_handler.log_command[0m [1;30mDEBUG[0m [32mInvoked command in '/home/teamojasdv/ros2_ws/build/realsense2_camera' returned '0': CMAKE_PREFIX_PATH=/home/teamojasdv/ros2_ws/install/realsense2_camera_msgs:/home/teamojasdv/ros2_ws/install/realsense2_description:/home/teamojasdv/ros2_ws/install/realsense2_camera:/home/teamojasdv/ros2_ws/install/my_detection_package:/opt/ros/humble LD_LIBRARY_PATH=/home/teamojasdv/ros2_ws/install/realsense2_camera_msgs/lib:/home/teamojasdv/ros2_ws/install/realsense2_camera/lib:/opt/ros/humble/opt/rviz_ogre_vendor/lib:/opt/ros/humble/lib/aarch64-linux-gnu:/opt/ros/humble/lib:/usr/local/lib:/usr/local/lib:/usr/local/cuda-12.2/lib64 /usr/bin/cmake --install /home/teamojasdv/ros2_ws/build/realsense2_camera[0m
[3.312s] [34mcolcon.colcon_core.environment[0m [1;30mLevel 1[0m checking '/home/teamojasdv/ros2_ws/install/realsense2_camera' for CMake config files
[3.313s] [34mcolcon.colcon_core.shell[0m [1;30mLevel 1[0m create_environment_hook('realsense2_camera', 'cmake_prefix_path')
[3.314s] [34mcolcon.colcon_core.shell[0m [1;30mINFO[0m Creating environment hook '/home/teamojasdv/ros2_ws/install/realsense2_camera/share/realsense2_camera/hook/cmake_prefix_path.ps1'
[3.316s] [34mcolcon.colcon_core.shell[0m [1;30mINFO[0m Creating environment descriptor '/home/teamojasdv/ros2_ws/install/realsense2_camera/share/realsense2_camera/hook/cmake_prefix_path.dsv'
[3.316s] [34mcolcon.colcon_core.shell[0m [1;30mINFO[0m Creating environment hook '/home/teamojasdv/ros2_ws/install/realsense2_camera/share/realsense2_camera/hook/cmake_prefix_path.sh'
[3.318s] [34mcolcon.colcon_core.environment[0m [1;30mLevel 1[0m checking '/home/teamojasdv/ros2_ws/install/realsense2_camera/lib'
[3.318s] [34mcolcon.colcon_core.shell[0m [1;30mLevel 1[0m create_environment_hook('realsense2_camera', 'ld_library_path_lib')
[3.319s] [34mcolcon.colcon_core.shell[0m [1;30mINFO[0m Creating environment hook '/home/teamojasdv/ros2_ws/install/realsense2_camera/share/realsense2_camera/hook/ld_library_path_lib.ps1'
[3.320s] [34mcolcon.colcon_core.shell[0m [1;30mINFO[0m Creating environment descriptor '/home/teamojasdv/ros2_ws/install/realsense2_camera/share/realsense2_camera/hook/ld_library_path_lib.dsv'
[3.320s] [34mcolcon.colcon_core.shell[0m [1;30mINFO[0m Creating environment hook '/home/teamojasdv/ros2_ws/install/realsense2_camera/share/realsense2_camera/hook/ld_library_path_lib.sh'
[3.321s] [34mcolcon.colcon_core.environment[0m [1;30mLevel 1[0m checking '/home/teamojasdv/ros2_ws/install/realsense2_camera/bin'
[3.321s] [34mcolcon.colcon_core.environment[0m [1;30mLevel 1[0m checking '/home/teamojasdv/ros2_ws/install/realsense2_camera/lib/pkgconfig/realsense2_camera.pc'
[3.322s] [34mcolcon.colcon_core.environment[0m [1;30mLevel 1[0m checking '/home/teamojasdv/ros2_ws/install/realsense2_camera/lib/python3.10/site-packages'
[3.322s] [34mcolcon.colcon_core.environment[0m [1;30mLevel 1[0m checking '/home/teamojasdv/ros2_ws/install/realsense2_camera/bin'
[3.323s] [34mcolcon.colcon_core.shell[0m [1;30mINFO[0m Creating package script '/home/teamojasdv/ros2_ws/install/realsense2_camera/share/realsense2_camera/package.ps1'
[3.324s] [34mcolcon.colcon_core.shell[0m [1;30mINFO[0m Creating package descriptor '/home/teamojasdv/ros2_ws/install/realsense2_camera/share/realsense2_camera/package.dsv'
[3.325s] [34mcolcon.colcon_core.shell[0m [1;30mINFO[0m Creating package script '/home/teamojasdv/ros2_ws/install/realsense2_camera/share/realsense2_camera/package.sh'
[3.326s] [34mcolcon.colcon_core.shell[0m [1;30mINFO[0m Creating package script '/home/teamojasdv/ros2_ws/install/realsense2_camera/share/realsense2_camera/package.bash'
[3.327s] [34mcolcon.colcon_core.shell[0m [1;30mINFO[0m Creating package script '/home/teamojasdv/ros2_ws/install/realsense2_camera/share/realsense2_camera/package.zsh'
[3.328s] [34mcolcon.colcon_core.environment[0m [1;30mLevel 1[0m create_file_with_runtime_dependencies(/home/teamojasdv/ros2_ws/install/realsense2_camera/share/colcon-core/packages/realsense2_camera)
[3.432s] [34mcolcon.colcon_core.event_handler.log_command[0m [1;30mDEBUG[0m [32mInvoking command in '/home/teamojasdv/ros2_ws/build/my_detection_package': PYTHONPATH=/home/teamojasdv/ros2_ws/build/my_detection_package/prefix_override:/usr/lib/python3/dist-packages/colcon_core/task/python/colcon_distutils_commands:/home/teamojasdv/ros2_ws/install/my_detection_package/lib/python3.10/site-packages:${PYTHONPATH} /usr/bin/python3 -W ignore:setup.py install is deprecated setup.py develop --editable --build-directory /home/teamojasdv/ros2_ws/build/my_detection_package/build --no-deps symlink_data[0m
[3.449s] [34mcolcon.colcon_core.environment[0m [1;30mLevel 1[0m create_environment_scripts_only(realsense2_camera)
[3.450s] [34mcolcon.colcon_core.environment[0m [1;30mLevel 1[0m checking '/home/teamojasdv/ros2_ws/install/realsense2_camera' for CMake module files
[3.452s] [34mcolcon.colcon_core.environment[0m [1;30mLevel 1[0m checking '/home/teamojasdv/ros2_ws/install/realsense2_camera' for CMake config files
[3.454s] [34mcolcon.colcon_core.shell[0m [1;30mLevel 1[0m create_environment_hook('realsense2_camera', 'cmake_prefix_path')
[3.455s] [34mcolcon.colcon_core.shell[0m [1;30mINFO[0m Creating environment hook '/home/teamojasdv/ros2_ws/install/realsense2_camera/share/realsense2_camera/hook/cmake_prefix_path.ps1'
[3.457s] [34mcolcon.colcon_core.shell[0m [1;30mINFO[0m Creating environment descriptor '/home/teamojasdv/ros2_ws/install/realsense2_camera/share/realsense2_camera/hook/cmake_prefix_path.dsv'
[3.458s] [34mcolcon.colcon_core.shell[0m [1;30mINFO[0m Creating environment hook '/home/teamojasdv/ros2_ws/install/realsense2_camera/share/realsense2_camera/hook/cmake_prefix_path.sh'
[3.460s] [34mcolcon.colcon_core.environment[0m [1;30mLevel 1[0m checking '/home/teamojasdv/ros2_ws/install/realsense2_camera/lib'
[3.460s] [34mcolcon.colcon_core.shell[0m [1;30mLevel 1[0m create_environment_hook('realsense2_camera', 'ld_library_path_lib')
[3.461s] [34mcolcon.colcon_core.shell[0m [1;30mINFO[0m Creating environment hook '/home/teamojasdv/ros2_ws/install/realsense2_camera/share/realsense2_camera/hook/ld_library_path_lib.ps1'
[3.463s] [34mcolcon.colcon_core.shell[0m [1;30mINFO[0m Creating environment descriptor '/home/teamojasdv/ros2_ws/install/realsense2_camera/share/realsense2_camera/hook/ld_library_path_lib.dsv'
[3.464s] [34mcolcon.colcon_core.shell[0m [1;30mINFO[0m Creating environment hook '/home/teamojasdv/ros2_ws/install/realsense2_camera/share/realsense2_camera/hook/ld_library_path_lib.sh'
[3.466s] [34mcolcon.colcon_core.environment[0m [1;30mLevel 1[0m checking '/home/teamojasdv/ros2_ws/install/realsense2_camera/bin'
[3.467s] [34mcolcon.colcon_core.environment[0m [1;30mLevel 1[0m checking '/home/teamojasdv/ros2_ws/install/realsense2_camera/lib/pkgconfig/realsense2_camera.pc'
[3.468s] [34mcolcon.colcon_core.environment[0m [1;30mLevel 1[0m checking '/home/teamojasdv/ros2_ws/install/realsense2_camera/lib/python3.10/site-packages'
[3.469s] [34mcolcon.colcon_core.environment[0m [1;30mLevel 1[0m checking '/home/teamojasdv/ros2_ws/install/realsense2_camera/bin'
[3.470s] [34mcolcon.colcon_core.shell[0m [1;30mINFO[0m Creating package script '/home/teamojasdv/ros2_ws/install/realsense2_camera/share/realsense2_camera/package.ps1'
[3.472s] [34mcolcon.colcon_core.shell[0m [1;30mINFO[0m Creating package descriptor '/home/teamojasdv/ros2_ws/install/realsense2_camera/share/realsense2_camera/package.dsv'
[3.474s] [34mcolcon.colcon_core.shell[0m [1;30mINFO[0m Creating package script '/home/teamojasdv/ros2_ws/install/realsense2_camera/share/realsense2_camera/package.sh'
[3.475s] [34mcolcon.colcon_core.shell[0m [1;30mINFO[0m Creating package script '/home/teamojasdv/ros2_ws/install/realsense2_camera/share/realsense2_camera/package.bash'
[3.476s] [34mcolcon.colcon_core.shell[0m [1;30mINFO[0m Creating package script '/home/teamojasdv/ros2_ws/install/realsense2_camera/share/realsense2_camera/package.zsh'
[3.478s] [34mcolcon.colcon_core.environment[0m [1;30mLevel 1[0m create_file_with_runtime_dependencies(/home/teamojasdv/ros2_ws/install/realsense2_camera/share/colcon-core/packages/realsense2_camera)
[5.307s] [34mcolcon.colcon_core.shell[0m [1;30mLevel 1[0m create_environment_hook('my_detection_package', 'pythonpath_develop')
[5.309s] [34mcolcon.colcon_core.shell[0m [1;30mINFO[0m Creating environment hook '/home/teamojasdv/ros2_ws/build/my_detection_package/share/my_detection_package/hook/pythonpath_develop.ps1'
[5.310s] [34mcolcon.colcon_core.event_handler.log_command[0m [1;30mDEBUG[0m [32mInvoked command in '/home/teamojasdv/ros2_ws/build/my_detection_package' returned '0': PYTHONPATH=/home/teamojasdv/ros2_ws/build/my_detection_package/prefix_override:/usr/lib/python3/dist-packages/colcon_core/task/python/colcon_distutils_commands:/home/teamojasdv/ros2_ws/install/my_detection_package/lib/python3.10/site-packages:${PYTHONPATH} /usr/bin/python3 -W ignore:setup.py install is deprecated setup.py develop --editable --build-directory /home/teamojasdv/ros2_ws/build/my_detection_package/build --no-deps symlink_data[0m
[5.312s] [34mcolcon.colcon_core.shell[0m [1;30mINFO[0m Creating environment descriptor '/home/teamojasdv/ros2_ws/build/my_detection_package/share/my_detection_package/hook/pythonpath_develop.dsv'
[5.313s] [34mcolcon.colcon_core.shell[0m [1;30mINFO[0m Creating environment hook '/home/teamojasdv/ros2_ws/build/my_detection_package/share/my_detection_package/hook/pythonpath_develop.sh'
[5.316s] [34mcolcon.colcon_core.environment[0m [1;30mLevel 1[0m checking '/home/teamojasdv/ros2_ws/install/my_detection_package' for CMake module files
[5.318s] [34mcolcon.colcon_core.environment[0m [1;30mLevel 1[0m checking '/home/teamojasdv/ros2_ws/install/my_detection_package' for CMake config files
[5.320s] [34mcolcon.colcon_core.environment[0m [1;30mLevel 1[0m checking '/home/teamojasdv/ros2_ws/install/my_detection_package/lib'
[5.321s] [34mcolcon.colcon_core.environment[0m [1;30mLevel 1[0m checking '/home/teamojasdv/ros2_ws/install/my_detection_package/bin'
[5.321s] [34mcolcon.colcon_core.environment[0m [1;30mLevel 1[0m checking '/home/teamojasdv/ros2_ws/install/my_detection_package/lib/pkgconfig/my_detection_package.pc'
[5.322s] [34mcolcon.colcon_core.environment[0m [1;30mLevel 1[0m checking '/home/teamojasdv/ros2_ws/install/my_detection_package/lib/python3.10/site-packages'
[5.323s] [34mcolcon.colcon_core.shell[0m [1;30mLevel 1[0m create_environment_hook('my_detection_package', 'pythonpath')
[5.324s] [34mcolcon.colcon_core.shell[0m [1;30mINFO[0m Creating environment hook '/home/teamojasdv/ros2_ws/install/my_detection_package/share/my_detection_package/hook/pythonpath.ps1'
[5.325s] [34mcolcon.colcon_core.shell[0m [1;30mINFO[0m Creating environment descriptor '/home/teamojasdv/ros2_ws/install/my_detection_package/share/my_detection_package/hook/pythonpath.dsv'
[5.327s] [34mcolcon.colcon_core.shell[0m [1;30mINFO[0m Creating environment hook '/home/teamojasdv/ros2_ws/install/my_detection_package/share/my_detection_package/hook/pythonpath.sh'
[5.329s] [34mcolcon.colcon_core.environment[0m [1;30mLevel 1[0m checking '/home/teamojasdv/ros2_ws/install/my_detection_package/bin'
[5.329s] [34mcolcon.colcon_core.environment[0m [1;30mLevel 1[0m create_environment_scripts_only(my_detection_package)
[5.330s] [34mcolcon.colcon_core.shell[0m [1;30mINFO[0m Creating package script '/home/teamojasdv/ros2_ws/install/my_detection_package/share/my_detection_package/package.ps1'
[5.332s] [34mcolcon.colcon_core.shell[0m [1;30mINFO[0m Creating package descriptor '/home/teamojasdv/ros2_ws/install/my_detection_package/share/my_detection_package/package.dsv'
[5.334s] [34mcolcon.colcon_core.shell[0m [1;30mINFO[0m Creating package script '/home/teamojasdv/ros2_ws/install/my_detection_package/share/my_detection_package/package.sh'
[5.336s] [34mcolcon.colcon_core.shell[0m [1;30mINFO[0m Creating package script '/home/teamojasdv/ros2_ws/install/my_detection_package/share/my_detection_package/package.bash'
[5.337s] [34mcolcon.colcon_core.shell[0m [1;30mINFO[0m Creating package script '/home/teamojasdv/ros2_ws/install/my_detection_package/share/my_detection_package/package.zsh'
[5.339s] [34mcolcon.colcon_core.environment[0m [1;30mLevel 1[0m create_file_with_runtime_dependencies(/home/teamojasdv/ros2_ws/install/my_detection_package/share/colcon-core/packages/my_detection_package)
[5.340s] [34mcolcon.colcon_parallel_executor.executor.parallel[0m [1;30mDEBUG[0m [32mclosing loop[0m
[5.341s] [34mcolcon.colcon_parallel_executor.executor.parallel[0m [1;30mDEBUG[0m [32mloop closed[0m
[5.341s] [34mcolcon.colcon_parallel_executor.executor.parallel[0m [1;30mDEBUG[0m [32mrun_until_complete finished with '0'[0m
[5.342s] [34mcolcon.colcon_core.event_reactor[0m [1;30mDEBUG[0m [32mjoining thread[0m
[5.367s] [34mcolcon.colcon_core.plugin_system[0m [1;30mINFO[0m Skipping extension 'colcon_notification.desktop_notification.terminal_notifier': Not used on non-Darwin systems
[5.367s] [34mcolcon.colcon_core.plugin_system[0m [1;30mINFO[0m Skipping extension 'colcon_notification.desktop_notification.win32': Not used on non-Windows systems
[5.367s] [34mcolcon.colcon_notification.desktop_notification[0m [1;30mINFO[0m Sending desktop notification using 'notify2'
[5.408s] [34mcolcon.colcon_core.event_reactor[0m [1;30mDEBUG[0m [32mjoined thread[0m
[5.410s] [34mcolcon.colcon_core.shell[0m [1;30mINFO[0m Creating prefix script '/home/teamojasdv/ros2_ws/install/local_setup.ps1'
[5.414s] [34mcolcon.colcon_core.shell[0m [1;30mINFO[0m Creating prefix util module '/home/teamojasdv/ros2_ws/install/_local_setup_util_ps1.py'
[5.421s] [34mcolcon.colcon_core.shell[0m [1;30mINFO[0m Creating prefix chain script '/home/teamojasdv/ros2_ws/install/setup.ps1'
[5.424s] [34mcolcon.colcon_core.shell[0m [1;30mINFO[0m Creating prefix script '/home/teamojasdv/ros2_ws/install/local_setup.sh'
[5.425s] [34mcolcon.colcon_core.shell[0m [1;30mINFO[0m Creating prefix util module '/home/teamojasdv/ros2_ws/install/_local_setup_util_sh.py'
[5.426s] [34mcolcon.colcon_core.shell[0m [1;30mINFO[0m Creating prefix chain script '/home/teamojasdv/ros2_ws/install/setup.sh'
[5.431s] [34mcolcon.colcon_core.shell[0m [1;30mINFO[0m Creating prefix script '/home/teamojasdv/ros2_ws/install/local_setup.bash'
[5.432s] [34mcolcon.colcon_core.shell[0m [1;30mINFO[0m Creating prefix chain script '/home/teamojasdv/ros2_ws/install/setup.bash'
[5.437s] [34mcolcon.colcon_core.shell[0m [1;30mINFO[0m Creating prefix script '/home/teamojasdv/ros2_ws/install/local_setup.zsh'
[5.438s] [34mcolcon.colcon_core.shell[0m [1;30mINFO[0m Creating prefix chain script '/home/teamojasdv/ros2_ws/install/setup.zsh'
