[0.029s] Invoking command in '/home/teamojasdv/ros2_ws/build/realsense2_camera_msgs': CMAKE_PREFIX_PATH=${CMAKE_PREFIX_PATH}:/opt/ros/humble:/home/teamojasdv/ros2_ws/install/my_detection_package /usr/bin/cmake --build /home/teamojasdv/ros2_ws/build/realsense2_camera_msgs -- -j6 -l6
[0.153s] [  1%] Built target realsense2_camera_msgs__cpp
[0.156s] [ 12%] Built target realsense2_camera_msgs__rosidl_generator_c
[0.178s] [ 12%] Built target ament_cmake_python_symlink_realsense2_camera_msgs
[0.215s] [ 31%] Built target realsense2_camera_msgs__rosidl_typesupport_cpp
[0.216s] [ 36%] Built target realsense2_camera_msgs__rosidl_typesupport_fastrtps_c
[0.218s] [ 46%] Built target realsense2_camera_msgs__rosidl_typesupport_fastrtps_cpp
[0.226s] [ 57%] Built target realsense2_camera_msgs__rosidl_typesupport_introspection_cpp
[0.230s] [ 68%] Built target realsense2_camera_msgs__rosidl_typesupport_introspection_c
[0.234s] [ 79%] Built target realsense2_camera_msgs__rosidl_typesupport_c
[0.282s] [ 79%] Built target realsense2_camera_msgs
[0.332s] [ 80%] Built target realsense2_camera_msgs__py
[0.386s] [ 90%] Built target realsense2_camera_msgs__rosidl_generator_py
[0.436s] [100%] Built target realsense2_camera_msgs__rosidl_typesupport_fastrtps_c__pyext
[0.437s] [100%] Built target realsense2_camera_msgs__rosidl_typesupport_introspection_c__pyext
[0.437s] [100%] Built target realsense2_camera_msgs__rosidl_typesupport_c__pyext
[1.025s] running egg_info
[1.067s] writing realsense2_camera_msgs.egg-info/PKG-INFO
[1.068s] writing dependency_links to realsense2_camera_msgs.egg-info/dependency_links.txt
[1.068s] writing top-level names to realsense2_camera_msgs.egg-info/top_level.txt
[1.182s] reading manifest file 'realsense2_camera_msgs.egg-info/SOURCES.txt'
[1.184s] writing manifest file 'realsense2_camera_msgs.egg-info/SOURCES.txt'
[1.308s] [100%] Built target ament_cmake_python_build_realsense2_camera_msgs_egg
[1.341s] Invoked command in '/home/teamojasdv/ros2_ws/build/realsense2_camera_msgs' returned '0': CMAKE_PREFIX_PATH=${CMAKE_PREFIX_PATH}:/opt/ros/humble:/home/teamojasdv/ros2_ws/install/my_detection_package /usr/bin/cmake --build /home/teamojasdv/ros2_ws/build/realsense2_camera_msgs -- -j6 -l6
[1.637s] Invoking command in '/home/teamojasdv/ros2_ws/build/realsense2_camera_msgs': CMAKE_PREFIX_PATH=${CMAKE_PREFIX_PATH}:/opt/ros/humble:/home/teamojasdv/ros2_ws/install/my_detection_package /usr/bin/cmake --install /home/teamojasdv/ros2_ws/build/realsense2_camera_msgs
[1.653s] -- Install configuration: ""
[1.654s] -- Execute custom install script
[1.655s] -- Up-to-date symlink: /home/teamojasdv/ros2_ws/install/realsense2_camera_msgs/share/ament_index/resource_index/rosidl_interfaces/realsense2_camera_msgs
[1.656s] -- Up-to-date symlink: /home/teamojasdv/ros2_ws/install/realsense2_camera_msgs/include/realsense2_camera_msgs/realsense2_camera_msgs/msg/detail/extrinsics__functions.h
[1.656s] -- Up-to-date symlink: /home/teamojasdv/ros2_ws/install/realsense2_camera_msgs/include/realsense2_camera_msgs/realsense2_camera_msgs/msg/detail/extrinsics__struct.h
[1.656s] -- Up-to-date symlink: /home/teamojasdv/ros2_ws/install/realsense2_camera_msgs/include/realsense2_camera_msgs/realsense2_camera_msgs/msg/detail/extrinsics__type_support.h
[1.656s] -- Up-to-date symlink: /home/teamojasdv/ros2_ws/install/realsense2_camera_msgs/include/realsense2_camera_msgs/realsense2_camera_msgs/msg/detail/imu_info__functions.h
[1.657s] -- Up-to-date symlink: /home/teamojasdv/ros2_ws/install/realsense2_camera_msgs/include/realsense2_camera_msgs/realsense2_camera_msgs/msg/detail/imu_info__struct.h
[1.657s] -- Up-to-date symlink: /home/teamojasdv/ros2_ws/install/realsense2_camera_msgs/include/realsense2_camera_msgs/realsense2_camera_msgs/msg/detail/imu_info__type_support.h
[1.657s] -- Up-to-date symlink: /home/teamojasdv/ros2_ws/install/realsense2_camera_msgs/include/realsense2_camera_msgs/realsense2_camera_msgs/msg/detail/metadata__functions.h
[1.658s] -- Up-to-date symlink: /home/teamojasdv/ros2_ws/install/realsense2_camera_msgs/include/realsense2_camera_msgs/realsense2_camera_msgs/msg/detail/metadata__struct.h
[1.658s] -- Up-to-date symlink: /home/teamojasdv/ros2_ws/install/realsense2_camera_msgs/include/realsense2_camera_msgs/realsense2_camera_msgs/msg/detail/metadata__type_support.h
[1.658s] -- Up-to-date symlink: /home/teamojasdv/ros2_ws/install/realsense2_camera_msgs/include/realsense2_camera_msgs/realsense2_camera_msgs/msg/detail/rgbd__functions.h
[1.659s] -- Up-to-date symlink: /home/teamojasdv/ros2_ws/install/realsense2_camera_msgs/include/realsense2_camera_msgs/realsense2_camera_msgs/msg/detail/rgbd__struct.h
[1.659s] -- Up-to-date symlink: /home/teamojasdv/ros2_ws/install/realsense2_camera_msgs/include/realsense2_camera_msgs/realsense2_camera_msgs/msg/detail/rgbd__type_support.h
[1.659s] -- Up-to-date symlink: /home/teamojasdv/ros2_ws/install/realsense2_camera_msgs/include/realsense2_camera_msgs/realsense2_camera_msgs/msg/extrinsics.h
[1.659s] -- Up-to-date symlink: /home/teamojasdv/ros2_ws/install/realsense2_camera_msgs/include/realsense2_camera_msgs/realsense2_camera_msgs/msg/imu_info.h
[1.659s] -- Up-to-date symlink: /home/teamojasdv/ros2_ws/install/realsense2_camera_msgs/include/realsense2_camera_msgs/realsense2_camera_msgs/msg/metadata.h
[1.659s] -- Up-to-date symlink: /home/teamojasdv/ros2_ws/install/realsense2_camera_msgs/include/realsense2_camera_msgs/realsense2_camera_msgs/msg/rgbd.h
[1.660s] -- Up-to-date symlink: /home/teamojasdv/ros2_ws/install/realsense2_camera_msgs/include/realsense2_camera_msgs/realsense2_camera_msgs/msg/rosidl_generator_c__visibility_control.h
[1.660s] -- Up-to-date symlink: /home/teamojasdv/ros2_ws/install/realsense2_camera_msgs/include/realsense2_camera_msgs/realsense2_camera_msgs/srv/detail/device_info__functions.h
[1.660s] -- Up-to-date symlink: /home/teamojasdv/ros2_ws/install/realsense2_camera_msgs/include/realsense2_camera_msgs/realsense2_camera_msgs/srv/detail/device_info__struct.h
[1.660s] -- Up-to-date symlink: /home/teamojasdv/ros2_ws/install/realsense2_camera_msgs/include/realsense2_camera_msgs/realsense2_camera_msgs/srv/detail/device_info__type_support.h
[1.660s] -- Up-to-date symlink: /home/teamojasdv/ros2_ws/install/realsense2_camera_msgs/include/realsense2_camera_msgs/realsense2_camera_msgs/srv/device_info.h
[1.660s] -- Up-to-date symlink: /home/teamojasdv/ros2_ws/install/realsense2_camera_msgs/share/realsense2_camera_msgs/environment/library_path.sh
[1.661s] -- Up-to-date symlink: /home/teamojasdv/ros2_ws/install/realsense2_camera_msgs/share/realsense2_camera_msgs/environment/library_path.dsv
[1.662s] -- Up-to-date symlink: /home/teamojasdv/ros2_ws/install/realsense2_camera_msgs/include/realsense2_camera_msgs/realsense2_camera_msgs/msg/detail/extrinsics__rosidl_typesupport_fastrtps_c.h
[1.662s] -- Up-to-date symlink: /home/teamojasdv/ros2_ws/install/realsense2_camera_msgs/include/realsense2_camera_msgs/realsense2_camera_msgs/msg/detail/imu_info__rosidl_typesupport_fastrtps_c.h
[1.662s] -- Up-to-date symlink: /home/teamojasdv/ros2_ws/install/realsense2_camera_msgs/include/realsense2_camera_msgs/realsense2_camera_msgs/msg/detail/metadata__rosidl_typesupport_fastrtps_c.h
[1.662s] -- Up-to-date symlink: /home/teamojasdv/ros2_ws/install/realsense2_camera_msgs/include/realsense2_camera_msgs/realsense2_camera_msgs/msg/detail/rgbd__rosidl_typesupport_fastrtps_c.h
[1.663s] -- Up-to-date symlink: /home/teamojasdv/ros2_ws/install/realsense2_camera_msgs/include/realsense2_camera_msgs/realsense2_camera_msgs/msg/rosidl_typesupport_fastrtps_c__visibility_control.h
[1.663s] -- Up-to-date symlink: /home/teamojasdv/ros2_ws/install/realsense2_camera_msgs/include/realsense2_camera_msgs/realsense2_camera_msgs/srv/detail/device_info__rosidl_typesupport_fastrtps_c.h
[1.663s] -- Up-to-date symlink: /home/teamojasdv/ros2_ws/install/realsense2_camera_msgs/include/realsense2_camera_msgs/realsense2_camera_msgs/msg/detail/extrinsics__rosidl_typesupport_introspection_c.h
[1.664s] -- Up-to-date symlink: /home/teamojasdv/ros2_ws/install/realsense2_camera_msgs/include/realsense2_camera_msgs/realsense2_camera_msgs/msg/detail/imu_info__rosidl_typesupport_introspection_c.h
[1.664s] -- Up-to-date symlink: /home/teamojasdv/ros2_ws/install/realsense2_camera_msgs/include/realsense2_camera_msgs/realsense2_camera_msgs/msg/detail/metadata__rosidl_typesupport_introspection_c.h
[1.664s] -- Up-to-date symlink: /home/teamojasdv/ros2_ws/install/realsense2_camera_msgs/include/realsense2_camera_msgs/realsense2_camera_msgs/msg/detail/rgbd__rosidl_typesupport_introspection_c.h
[1.664s] -- Up-to-date symlink: /home/teamojasdv/ros2_ws/install/realsense2_camera_msgs/include/realsense2_camera_msgs/realsense2_camera_msgs/msg/rosidl_typesupport_introspection_c__visibility_control.h
[1.665s] -- Up-to-date symlink: /home/teamojasdv/ros2_ws/install/realsense2_camera_msgs/include/realsense2_camera_msgs/realsense2_camera_msgs/srv/detail/device_info__rosidl_typesupport_introspection_c.h
[1.665s] -- Up-to-date symlink: /home/teamojasdv/ros2_ws/install/realsense2_camera_msgs/include/realsense2_camera_msgs/realsense2_camera_msgs/msg/detail/extrinsics__builder.hpp
[1.666s] -- Up-to-date symlink: /home/teamojasdv/ros2_ws/install/realsense2_camera_msgs/include/realsense2_camera_msgs/realsense2_camera_msgs/msg/detail/extrinsics__struct.hpp
[1.666s] -- Up-to-date symlink: /home/teamojasdv/ros2_ws/install/realsense2_camera_msgs/include/realsense2_camera_msgs/realsense2_camera_msgs/msg/detail/extrinsics__traits.hpp
[1.666s] -- Up-to-date symlink: /home/teamojasdv/ros2_ws/install/realsense2_camera_msgs/include/realsense2_camera_msgs/realsense2_camera_msgs/msg/detail/imu_info__builder.hpp
[1.667s] -- Up-to-date symlink: /home/teamojasdv/ros2_ws/install/realsense2_camera_msgs/include/realsense2_camera_msgs/realsense2_camera_msgs/msg/detail/imu_info__struct.hpp
[1.667s] -- Up-to-date symlink: /home/teamojasdv/ros2_ws/install/realsense2_camera_msgs/include/realsense2_camera_msgs/realsense2_camera_msgs/msg/detail/imu_info__traits.hpp
[1.667s] -- Up-to-date symlink: /home/teamojasdv/ros2_ws/install/realsense2_camera_msgs/include/realsense2_camera_msgs/realsense2_camera_msgs/msg/detail/metadata__builder.hpp
[1.668s] -- Up-to-date symlink: /home/teamojasdv/ros2_ws/install/realsense2_camera_msgs/include/realsense2_camera_msgs/realsense2_camera_msgs/msg/detail/metadata__struct.hpp
[1.668s] -- Up-to-date symlink: /home/teamojasdv/ros2_ws/install/realsense2_camera_msgs/include/realsense2_camera_msgs/realsense2_camera_msgs/msg/detail/metadata__traits.hpp
[1.668s] -- Up-to-date symlink: /home/teamojasdv/ros2_ws/install/realsense2_camera_msgs/include/realsense2_camera_msgs/realsense2_camera_msgs/msg/detail/rgbd__builder.hpp
[1.668s] -- Up-to-date symlink: /home/teamojasdv/ros2_ws/install/realsense2_camera_msgs/include/realsense2_camera_msgs/realsense2_camera_msgs/msg/detail/rgbd__struct.hpp
[1.668s] -- Up-to-date symlink: /home/teamojasdv/ros2_ws/install/realsense2_camera_msgs/include/realsense2_camera_msgs/realsense2_camera_msgs/msg/detail/rgbd__traits.hpp
[1.669s] -- Up-to-date symlink: /home/teamojasdv/ros2_ws/install/realsense2_camera_msgs/include/realsense2_camera_msgs/realsense2_camera_msgs/msg/extrinsics.hpp
[1.669s] -- Up-to-date symlink: /home/teamojasdv/ros2_ws/install/realsense2_camera_msgs/include/realsense2_camera_msgs/realsense2_camera_msgs/msg/imu_info.hpp
[1.669s] -- Up-to-date symlink: /home/teamojasdv/ros2_ws/install/realsense2_camera_msgs/include/realsense2_camera_msgs/realsense2_camera_msgs/msg/metadata.hpp
[1.669s] -- Up-to-date symlink: /home/teamojasdv/ros2_ws/install/realsense2_camera_msgs/include/realsense2_camera_msgs/realsense2_camera_msgs/msg/rgbd.hpp
[1.669s] -- Up-to-date symlink: /home/teamojasdv/ros2_ws/install/realsense2_camera_msgs/include/realsense2_camera_msgs/realsense2_camera_msgs/srv/detail/device_info__builder.hpp
[1.670s] -- Up-to-date symlink: /home/teamojasdv/ros2_ws/install/realsense2_camera_msgs/include/realsense2_camera_msgs/realsense2_camera_msgs/srv/detail/device_info__struct.hpp
[1.670s] -- Up-to-date symlink: /home/teamojasdv/ros2_ws/install/realsense2_camera_msgs/include/realsense2_camera_msgs/realsense2_camera_msgs/srv/detail/device_info__traits.hpp
[1.670s] -- Up-to-date symlink: /home/teamojasdv/ros2_ws/install/realsense2_camera_msgs/include/realsense2_camera_msgs/realsense2_camera_msgs/srv/device_info.hpp
[1.671s] -- Up-to-date symlink: /home/teamojasdv/ros2_ws/install/realsense2_camera_msgs/include/realsense2_camera_msgs/realsense2_camera_msgs/msg/detail/extrinsics__rosidl_typesupport_fastrtps_cpp.hpp
[1.671s] -- Up-to-date symlink: /home/teamojasdv/ros2_ws/install/realsense2_camera_msgs/include/realsense2_camera_msgs/realsense2_camera_msgs/msg/detail/imu_info__rosidl_typesupport_fastrtps_cpp.hpp
[1.672s] -- Up-to-date symlink: /home/teamojasdv/ros2_ws/install/realsense2_camera_msgs/include/realsense2_camera_msgs/realsense2_camera_msgs/msg/detail/metadata__rosidl_typesupport_fastrtps_cpp.hpp
[1.672s] -- Up-to-date symlink: /home/teamojasdv/ros2_ws/install/realsense2_camera_msgs/include/realsense2_camera_msgs/realsense2_camera_msgs/msg/detail/rgbd__rosidl_typesupport_fastrtps_cpp.hpp
[1.672s] -- Up-to-date symlink: /home/teamojasdv/ros2_ws/install/realsense2_camera_msgs/include/realsense2_camera_msgs/realsense2_camera_msgs/msg/rosidl_typesupport_fastrtps_cpp__visibility_control.h
[1.672s] -- Up-to-date symlink: /home/teamojasdv/ros2_ws/install/realsense2_camera_msgs/include/realsense2_camera_msgs/realsense2_camera_msgs/srv/detail/device_info__rosidl_typesupport_fastrtps_cpp.hpp
[1.673s] -- Up-to-date symlink: /home/teamojasdv/ros2_ws/install/realsense2_camera_msgs/include/realsense2_camera_msgs/realsense2_camera_msgs/msg/detail/extrinsics__rosidl_typesupport_introspection_cpp.hpp
[1.673s] -- Up-to-date symlink: /home/teamojasdv/ros2_ws/install/realsense2_camera_msgs/include/realsense2_camera_msgs/realsense2_camera_msgs/msg/detail/imu_info__rosidl_typesupport_introspection_cpp.hpp
[1.673s] -- Up-to-date symlink: /home/teamojasdv/ros2_ws/install/realsense2_camera_msgs/include/realsense2_camera_msgs/realsense2_camera_msgs/msg/detail/metadata__rosidl_typesupport_introspection_cpp.hpp
[1.674s] -- Up-to-date symlink: /home/teamojasdv/ros2_ws/install/realsense2_camera_msgs/include/realsense2_camera_msgs/realsense2_camera_msgs/msg/detail/rgbd__rosidl_typesupport_introspection_cpp.hpp
[1.674s] -- Up-to-date symlink: /home/teamojasdv/ros2_ws/install/realsense2_camera_msgs/include/realsense2_camera_msgs/realsense2_camera_msgs/srv/detail/device_info__rosidl_typesupport_introspection_cpp.hpp
[1.674s] -- Up-to-date symlink: /home/teamojasdv/ros2_ws/install/realsense2_camera_msgs/share/realsense2_camera_msgs/environment/pythonpath.sh
[1.674s] -- Up-to-date symlink: /home/teamojasdv/ros2_ws/install/realsense2_camera_msgs/share/realsense2_camera_msgs/environment/pythonpath.dsv
[1.675s] -- Up-to-date symlink: /home/teamojasdv/ros2_ws/install/realsense2_camera_msgs/local/lib/python3.10/dist-packages/realsense2_camera_msgs-4.55.1-py3.10.egg-info/PKG-INFO
[1.675s] -- Up-to-date symlink: /home/teamojasdv/ros2_ws/install/realsense2_camera_msgs/local/lib/python3.10/dist-packages/realsense2_camera_msgs-4.55.1-py3.10.egg-info/SOURCES.txt
[1.675s] -- Up-to-date symlink: /home/teamojasdv/ros2_ws/install/realsense2_camera_msgs/local/lib/python3.10/dist-packages/realsense2_camera_msgs-4.55.1-py3.10.egg-info/dependency_links.txt
[1.676s] -- Up-to-date symlink: /home/teamojasdv/ros2_ws/install/realsense2_camera_msgs/local/lib/python3.10/dist-packages/realsense2_camera_msgs-4.55.1-py3.10.egg-info/top_level.txt
[1.677s] -- Up-to-date symlink: /home/teamojasdv/ros2_ws/install/realsense2_camera_msgs/local/lib/python3.10/dist-packages/realsense2_camera_msgs/__init__.py
[1.677s] -- Up-to-date symlink: /home/teamojasdv/ros2_ws/install/realsense2_camera_msgs/local/lib/python3.10/dist-packages/realsense2_camera_msgs/_realsense2_camera_msgs_s.ep.rosidl_typesupport_c.c
[1.677s] -- Up-to-date symlink: /home/teamojasdv/ros2_ws/install/realsense2_camera_msgs/local/lib/python3.10/dist-packages/realsense2_camera_msgs/_realsense2_camera_msgs_s.ep.rosidl_typesupport_fastrtps_c.c
[1.677s] -- Up-to-date symlink: /home/teamojasdv/ros2_ws/install/realsense2_camera_msgs/local/lib/python3.10/dist-packages/realsense2_camera_msgs/_realsense2_camera_msgs_s.ep.rosidl_typesupport_introspection_c.c
[1.678s] -- Up-to-date symlink: /home/teamojasdv/ros2_ws/install/realsense2_camera_msgs/local/lib/python3.10/dist-packages/realsense2_camera_msgs/librealsense2_camera_msgs__rosidl_generator_py.so
[1.678s] -- Up-to-date symlink: /home/teamojasdv/ros2_ws/install/realsense2_camera_msgs/local/lib/python3.10/dist-packages/realsense2_camera_msgs/msg/__init__.py
[1.678s] -- Up-to-date symlink: /home/teamojasdv/ros2_ws/install/realsense2_camera_msgs/local/lib/python3.10/dist-packages/realsense2_camera_msgs/msg/_extrinsics.py
[1.678s] -- Up-to-date symlink: /home/teamojasdv/ros2_ws/install/realsense2_camera_msgs/local/lib/python3.10/dist-packages/realsense2_camera_msgs/msg/_extrinsics_s.c
[1.678s] -- Up-to-date symlink: /home/teamojasdv/ros2_ws/install/realsense2_camera_msgs/local/lib/python3.10/dist-packages/realsense2_camera_msgs/msg/_imu_info.py
[1.679s] -- Up-to-date symlink: /home/teamojasdv/ros2_ws/install/realsense2_camera_msgs/local/lib/python3.10/dist-packages/realsense2_camera_msgs/msg/_imu_info_s.c
[1.679s] -- Up-to-date symlink: /home/teamojasdv/ros2_ws/install/realsense2_camera_msgs/local/lib/python3.10/dist-packages/realsense2_camera_msgs/msg/_metadata.py
[1.679s] -- Up-to-date symlink: /home/teamojasdv/ros2_ws/install/realsense2_camera_msgs/local/lib/python3.10/dist-packages/realsense2_camera_msgs/msg/_metadata_s.c
[1.679s] -- Up-to-date symlink: /home/teamojasdv/ros2_ws/install/realsense2_camera_msgs/local/lib/python3.10/dist-packages/realsense2_camera_msgs/msg/_rgbd.py
[1.679s] -- Up-to-date symlink: /home/teamojasdv/ros2_ws/install/realsense2_camera_msgs/local/lib/python3.10/dist-packages/realsense2_camera_msgs/msg/_rgbd_s.c
[1.680s] -- Up-to-date symlink: /home/teamojasdv/ros2_ws/install/realsense2_camera_msgs/local/lib/python3.10/dist-packages/realsense2_camera_msgs/realsense2_camera_msgs_s__rosidl_typesupport_c.cpython-310-aarch64-linux-gnu.so
[1.680s] -- Up-to-date symlink: /home/teamojasdv/ros2_ws/install/realsense2_camera_msgs/local/lib/python3.10/dist-packages/realsense2_camera_msgs/realsense2_camera_msgs_s__rosidl_typesupport_fastrtps_c.cpython-310-aarch64-linux-gnu.so
[1.680s] -- Up-to-date symlink: /home/teamojasdv/ros2_ws/install/realsense2_camera_msgs/local/lib/python3.10/dist-packages/realsense2_camera_msgs/realsense2_camera_msgs_s__rosidl_typesupport_introspection_c.cpython-310-aarch64-linux-gnu.so
[1.680s] -- Up-to-date symlink: /home/teamojasdv/ros2_ws/install/realsense2_camera_msgs/local/lib/python3.10/dist-packages/realsense2_camera_msgs/srv/__init__.py
[1.681s] -- Up-to-date symlink: /home/teamojasdv/ros2_ws/install/realsense2_camera_msgs/local/lib/python3.10/dist-packages/realsense2_camera_msgs/srv/_device_info.py
[1.681s] -- Up-to-date symlink: /home/teamojasdv/ros2_ws/install/realsense2_camera_msgs/local/lib/python3.10/dist-packages/realsense2_camera_msgs/srv/_device_info_s.c
[1.681s] -- Up-to-date symlink: /home/teamojasdv/ros2_ws/install/realsense2_camera_msgs/local/lib/python3.10/dist-packages/realsense2_camera_msgs/realsense2_camera_msgs_s__rosidl_typesupport_fastrtps_c.cpython-310-aarch64-linux-gnu.so
[1.682s] -- Up-to-date symlink: /home/teamojasdv/ros2_ws/install/realsense2_camera_msgs/local/lib/python3.10/dist-packages/realsense2_camera_msgs/realsense2_camera_msgs_s__rosidl_typesupport_introspection_c.cpython-310-aarch64-linux-gnu.so
[1.682s] -- Up-to-date symlink: /home/teamojasdv/ros2_ws/install/realsense2_camera_msgs/local/lib/python3.10/dist-packages/realsense2_camera_msgs/realsense2_camera_msgs_s__rosidl_typesupport_c.cpython-310-aarch64-linux-gnu.so
[1.682s] -- Up-to-date symlink: /home/teamojasdv/ros2_ws/install/realsense2_camera_msgs/share/realsense2_camera_msgs/msg/IMUInfo.idl
[1.683s] -- Up-to-date symlink: /home/teamojasdv/ros2_ws/install/realsense2_camera_msgs/share/realsense2_camera_msgs/msg/Extrinsics.idl
[1.683s] -- Up-to-date symlink: /home/teamojasdv/ros2_ws/install/realsense2_camera_msgs/share/realsense2_camera_msgs/msg/Metadata.idl
[1.683s] -- Up-to-date symlink: /home/teamojasdv/ros2_ws/install/realsense2_camera_msgs/share/realsense2_camera_msgs/msg/RGBD.idl
[1.684s] -- Up-to-date symlink: /home/teamojasdv/ros2_ws/install/realsense2_camera_msgs/share/realsense2_camera_msgs/srv/DeviceInfo.idl
[1.684s] -- Up-to-date symlink: /home/teamojasdv/ros2_ws/install/realsense2_camera_msgs/share/realsense2_camera_msgs/msg/IMUInfo.msg
[1.684s] -- Up-to-date symlink: /home/teamojasdv/ros2_ws/install/realsense2_camera_msgs/share/realsense2_camera_msgs/msg/Extrinsics.msg
[1.684s] -- Up-to-date symlink: /home/teamojasdv/ros2_ws/install/realsense2_camera_msgs/share/realsense2_camera_msgs/msg/Metadata.msg
[1.685s] -- Up-to-date symlink: /home/teamojasdv/ros2_ws/install/realsense2_camera_msgs/share/realsense2_camera_msgs/msg/RGBD.msg
[1.685s] -- Up-to-date symlink: /home/teamojasdv/ros2_ws/install/realsense2_camera_msgs/share/realsense2_camera_msgs/srv/DeviceInfo.srv
[1.685s] -- Up-to-date symlink: /home/teamojasdv/ros2_ws/install/realsense2_camera_msgs/share/realsense2_camera_msgs/srv/DeviceInfo_Request.msg
[1.685s] -- Up-to-date symlink: /home/teamojasdv/ros2_ws/install/realsense2_camera_msgs/share/realsense2_camera_msgs/srv/DeviceInfo_Response.msg
[1.686s] -- Up-to-date symlink: /home/teamojasdv/ros2_ws/install/realsense2_camera_msgs/share/ament_index/resource_index/package_run_dependencies/realsense2_camera_msgs
[1.686s] -- Up-to-date symlink: /home/teamojasdv/ros2_ws/install/realsense2_camera_msgs/share/ament_index/resource_index/parent_prefix_path/realsense2_camera_msgs
[1.687s] -- Up-to-date symlink: /home/teamojasdv/ros2_ws/install/realsense2_camera_msgs/share/realsense2_camera_msgs/environment/ament_prefix_path.sh
[1.687s] -- Up-to-date symlink: /home/teamojasdv/ros2_ws/install/realsense2_camera_msgs/share/realsense2_camera_msgs/environment/ament_prefix_path.dsv
[1.687s] -- Up-to-date symlink: /home/teamojasdv/ros2_ws/install/realsense2_camera_msgs/share/realsense2_camera_msgs/environment/path.sh
[1.687s] -- Up-to-date symlink: /home/teamojasdv/ros2_ws/install/realsense2_camera_msgs/share/realsense2_camera_msgs/environment/path.dsv
[1.688s] -- Up-to-date symlink: /home/teamojasdv/ros2_ws/install/realsense2_camera_msgs/share/realsense2_camera_msgs/local_setup.bash
[1.688s] -- Up-to-date symlink: /home/teamojasdv/ros2_ws/install/realsense2_camera_msgs/share/realsense2_camera_msgs/local_setup.sh
[1.688s] -- Up-to-date symlink: /home/teamojasdv/ros2_ws/install/realsense2_camera_msgs/share/realsense2_camera_msgs/local_setup.zsh
[1.688s] -- Up-to-date symlink: /home/teamojasdv/ros2_ws/install/realsense2_camera_msgs/share/realsense2_camera_msgs/local_setup.dsv
[1.689s] -- Symlinking: /home/teamojasdv/ros2_ws/install/realsense2_camera_msgs/share/realsense2_camera_msgs/package.dsv
[1.707s] -- Up-to-date symlink: /home/teamojasdv/ros2_ws/install/realsense2_camera_msgs/share/ament_index/resource_index/packages/realsense2_camera_msgs
[1.707s] -- Up-to-date symlink: /home/teamojasdv/ros2_ws/install/realsense2_camera_msgs/share/realsense2_camera_msgs/cmake/rosidl_cmake-extras.cmake
[1.708s] -- Up-to-date symlink: /home/teamojasdv/ros2_ws/install/realsense2_camera_msgs/share/realsense2_camera_msgs/cmake/ament_cmake_export_dependencies-extras.cmake
[1.708s] -- Up-to-date symlink: /home/teamojasdv/ros2_ws/install/realsense2_camera_msgs/share/realsense2_camera_msgs/cmake/ament_cmake_export_include_directories-extras.cmake
[1.708s] -- Up-to-date symlink: /home/teamojasdv/ros2_ws/install/realsense2_camera_msgs/share/realsense2_camera_msgs/cmake/ament_cmake_export_libraries-extras.cmake
[1.709s] -- Up-to-date symlink: /home/teamojasdv/ros2_ws/install/realsense2_camera_msgs/share/realsense2_camera_msgs/cmake/ament_cmake_export_targets-extras.cmake
[1.709s] -- Up-to-date symlink: /home/teamojasdv/ros2_ws/install/realsense2_camera_msgs/share/realsense2_camera_msgs/cmake/rosidl_cmake_export_typesupport_targets-extras.cmake
[1.709s] -- Up-to-date symlink: /home/teamojasdv/ros2_ws/install/realsense2_camera_msgs/share/realsense2_camera_msgs/cmake/rosidl_cmake_export_typesupport_libraries-extras.cmake
[1.709s] -- Up-to-date symlink: /home/teamojasdv/ros2_ws/install/realsense2_camera_msgs/share/realsense2_camera_msgs/cmake/realsense2_camera_msgsConfig.cmake
[1.710s] -- Up-to-date symlink: /home/teamojasdv/ros2_ws/install/realsense2_camera_msgs/share/realsense2_camera_msgs/cmake/realsense2_camera_msgsConfig-version.cmake
[1.710s] -- Up-to-date symlink: /home/teamojasdv/ros2_ws/install/realsense2_camera_msgs/share/realsense2_camera_msgs/package.xml
[1.710s] -- Up-to-date: /home/teamojasdv/ros2_ws/install/realsense2_camera_msgs/lib/librealsense2_camera_msgs__rosidl_generator_c.so
[1.711s] -- Up-to-date: /home/teamojasdv/ros2_ws/install/realsense2_camera_msgs/lib/librealsense2_camera_msgs__rosidl_typesupport_fastrtps_c.so
[1.711s] -- Up-to-date: /home/teamojasdv/ros2_ws/install/realsense2_camera_msgs/lib/librealsense2_camera_msgs__rosidl_typesupport_introspection_c.so
[1.712s] -- Up-to-date: /home/teamojasdv/ros2_ws/install/realsense2_camera_msgs/lib/librealsense2_camera_msgs__rosidl_typesupport_c.so
[1.712s] -- Up-to-date: /home/teamojasdv/ros2_ws/install/realsense2_camera_msgs/lib/librealsense2_camera_msgs__rosidl_typesupport_fastrtps_cpp.so
[1.713s] -- Up-to-date: /home/teamojasdv/ros2_ws/install/realsense2_camera_msgs/lib/librealsense2_camera_msgs__rosidl_typesupport_introspection_cpp.so
[1.713s] -- Up-to-date: /home/teamojasdv/ros2_ws/install/realsense2_camera_msgs/lib/librealsense2_camera_msgs__rosidl_typesupport_cpp.so
[1.783s] Listing '/home/teamojasdv/ros2_ws/install/realsense2_camera_msgs/local/lib/python3.10/dist-packages/realsense2_camera_msgs'...
[1.783s] Listing '/home/teamojasdv/ros2_ws/install/realsense2_camera_msgs/local/lib/python3.10/dist-packages/realsense2_camera_msgs/msg'...
[1.783s] Listing '/home/teamojasdv/ros2_ws/install/realsense2_camera_msgs/local/lib/python3.10/dist-packages/realsense2_camera_msgs/srv'...
[1.794s] -- Up-to-date: /home/teamojasdv/ros2_ws/install/realsense2_camera_msgs/lib/librealsense2_camera_msgs__rosidl_generator_py.so
[1.794s] -- Up-to-date: /home/teamojasdv/ros2_ws/install/realsense2_camera_msgs/share/realsense2_camera_msgs/cmake/export_realsense2_camera_msgs__rosidl_generator_cExport.cmake
[1.794s] -- Up-to-date: /home/teamojasdv/ros2_ws/install/realsense2_camera_msgs/share/realsense2_camera_msgs/cmake/export_realsense2_camera_msgs__rosidl_generator_cExport-noconfig.cmake
[1.795s] -- Up-to-date: /home/teamojasdv/ros2_ws/install/realsense2_camera_msgs/share/realsense2_camera_msgs/cmake/export_realsense2_camera_msgs__rosidl_typesupport_fastrtps_cExport.cmake
[1.795s] -- Up-to-date: /home/teamojasdv/ros2_ws/install/realsense2_camera_msgs/share/realsense2_camera_msgs/cmake/export_realsense2_camera_msgs__rosidl_typesupport_fastrtps_cExport-noconfig.cmake
[1.795s] -- Up-to-date: /home/teamojasdv/ros2_ws/install/realsense2_camera_msgs/share/realsense2_camera_msgs/cmake/realsense2_camera_msgs__rosidl_typesupport_introspection_cExport.cmake
[1.796s] -- Up-to-date: /home/teamojasdv/ros2_ws/install/realsense2_camera_msgs/share/realsense2_camera_msgs/cmake/realsense2_camera_msgs__rosidl_typesupport_introspection_cExport-noconfig.cmake
[1.796s] -- Up-to-date: /home/teamojasdv/ros2_ws/install/realsense2_camera_msgs/share/realsense2_camera_msgs/cmake/realsense2_camera_msgs__rosidl_typesupport_cExport.cmake
[1.796s] -- Up-to-date: /home/teamojasdv/ros2_ws/install/realsense2_camera_msgs/share/realsense2_camera_msgs/cmake/realsense2_camera_msgs__rosidl_typesupport_cExport-noconfig.cmake
[1.796s] -- Up-to-date: /home/teamojasdv/ros2_ws/install/realsense2_camera_msgs/share/realsense2_camera_msgs/cmake/export_realsense2_camera_msgs__rosidl_generator_cppExport.cmake
[1.796s] -- Up-to-date: /home/teamojasdv/ros2_ws/install/realsense2_camera_msgs/share/realsense2_camera_msgs/cmake/export_realsense2_camera_msgs__rosidl_typesupport_fastrtps_cppExport.cmake
[1.797s] -- Up-to-date: /home/teamojasdv/ros2_ws/install/realsense2_camera_msgs/share/realsense2_camera_msgs/cmake/export_realsense2_camera_msgs__rosidl_typesupport_fastrtps_cppExport-noconfig.cmake
[1.797s] -- Up-to-date: /home/teamojasdv/ros2_ws/install/realsense2_camera_msgs/share/realsense2_camera_msgs/cmake/realsense2_camera_msgs__rosidl_typesupport_introspection_cppExport.cmake
[1.797s] -- Up-to-date: /home/teamojasdv/ros2_ws/install/realsense2_camera_msgs/share/realsense2_camera_msgs/cmake/realsense2_camera_msgs__rosidl_typesupport_introspection_cppExport-noconfig.cmake
[1.797s] -- Up-to-date: /home/teamojasdv/ros2_ws/install/realsense2_camera_msgs/share/realsense2_camera_msgs/cmake/realsense2_camera_msgs__rosidl_typesupport_cppExport.cmake
[1.797s] -- Up-to-date: /home/teamojasdv/ros2_ws/install/realsense2_camera_msgs/share/realsense2_camera_msgs/cmake/realsense2_camera_msgs__rosidl_typesupport_cppExport-noconfig.cmake
[1.797s] -- Up-to-date: /home/teamojasdv/ros2_ws/install/realsense2_camera_msgs/share/realsense2_camera_msgs/cmake/export_realsense2_camera_msgs__rosidl_generator_pyExport.cmake
[1.798s] -- Up-to-date: /home/teamojasdv/ros2_ws/install/realsense2_camera_msgs/share/realsense2_camera_msgs/cmake/export_realsense2_camera_msgs__rosidl_generator_pyExport-noconfig.cmake
[1.804s] Invoked command in '/home/teamojasdv/ros2_ws/build/realsense2_camera_msgs' returned '0': CMAKE_PREFIX_PATH=${CMAKE_PREFIX_PATH}:/opt/ros/humble:/home/teamojasdv/ros2_ws/install/my_detection_package /usr/bin/cmake --install /home/teamojasdv/ros2_ws/build/realsense2_camera_msgs
