[0.023s] Invoking command in '/home/teamojasdv/ros2_ws/build/realsense2_description': CMAKE_PREFIX_PATH=/home/teamojasdv/ros2_ws/install/realsense2_camera_msgs:/home/teamojasdv/ros2_ws/install/realsense2_description:/home/teamojasdv/ros2_ws/install/realsense2_camera:/home/teamojasdv/ros2_ws/install/my_detection_package:/opt/ros/humble LD_LIBRARY_PATH=/home/teamojasdv/ros2_ws/install/realsense2_camera_msgs/lib:/usr/local/lib:/usr/local/lib:/usr/local/cuda-12.2/lib64:/home/teamojasdv/ros2_ws/install/realsense2_camera/lib:/opt/ros/humble/opt/rviz_ogre_vendor/lib:/opt/ros/humble/lib/aarch64-linux-gnu:/opt/ros/humble/lib:/usr/local/lib:/usr/local/cuda-12.2/lib64 /usr/bin/cmake /home/teamojasdv/ros2_ws/src/realsense-ros/realsense2_description -DAMENT_CMAKE_SYMLINK_INSTALL=1 -DCMAKE_INSTALL_PREFIX=/home/teamojasdv/ros2_ws/install/realsense2_description
[0.148s] -- The C compiler identification is GNU 10.5.0
[0.276s] -- The CXX compiler identification is GNU 10.5.0
[0.300s] -- Detecting C compiler ABI info
[0.459s] -- Detecting C compiler ABI info - done
[0.472s] -- Check for working C compiler: /usr/bin/cc - skipped
[0.473s] -- Detecting C compile features
[0.474s] -- Detecting C compile features - done
[0.480s] -- Detecting CXX compiler ABI info
[0.650s] -- Detecting CXX compiler ABI info - done
[0.665s] -- Check for working CXX compiler: /usr/bin/c++ - skipped
[0.665s] -- Detecting CXX compile features
[0.666s] -- Detecting CXX compile features - done
[0.670s] -- Found ament_cmake: 1.3.10 (/opt/ros/humble/share/ament_cmake/cmake)
[2.294s] -- Found Python3: /usr/bin/python3 (found version "3.10.12") found components: Interpreter 
[2.446s] -- Override CMake install command with custom implementation using symlinks instead of copying resources
[2.674s] -- Configuring done
[2.679s] -- Generating done
[2.681s] -- Build files have been written to: /home/teamojasdv/ros2_ws/build/realsense2_description
[2.692s] Invoked command in '/home/teamojasdv/ros2_ws/build/realsense2_description' returned '0': CMAKE_PREFIX_PATH=/home/teamojasdv/ros2_ws/install/realsense2_camera_msgs:/home/teamojasdv/ros2_ws/install/realsense2_description:/home/teamojasdv/ros2_ws/install/realsense2_camera:/home/teamojasdv/ros2_ws/install/my_detection_package:/opt/ros/humble LD_LIBRARY_PATH=/home/teamojasdv/ros2_ws/install/realsense2_camera_msgs/lib:/usr/local/lib:/usr/local/lib:/usr/local/cuda-12.2/lib64:/home/teamojasdv/ros2_ws/install/realsense2_camera/lib:/opt/ros/humble/opt/rviz_ogre_vendor/lib:/opt/ros/humble/lib/aarch64-linux-gnu:/opt/ros/humble/lib:/usr/local/lib:/usr/local/cuda-12.2/lib64 /usr/bin/cmake /home/teamojasdv/ros2_ws/src/realsense-ros/realsense2_description -DAMENT_CMAKE_SYMLINK_INSTALL=1 -DCMAKE_INSTALL_PREFIX=/home/teamojasdv/ros2_ws/install/realsense2_description
[2.697s] Invoking command in '/home/teamojasdv/ros2_ws/build/realsense2_description': CMAKE_PREFIX_PATH=/home/teamojasdv/ros2_ws/install/realsense2_camera_msgs:/home/teamojasdv/ros2_ws/install/realsense2_description:/home/teamojasdv/ros2_ws/install/realsense2_camera:/home/teamojasdv/ros2_ws/install/my_detection_package:/opt/ros/humble LD_LIBRARY_PATH=/home/teamojasdv/ros2_ws/install/realsense2_camera_msgs/lib:/usr/local/lib:/usr/local/lib:/usr/local/cuda-12.2/lib64:/home/teamojasdv/ros2_ws/install/realsense2_camera/lib:/opt/ros/humble/opt/rviz_ogre_vendor/lib:/opt/ros/humble/lib/aarch64-linux-gnu:/opt/ros/humble/lib:/usr/local/lib:/usr/local/cuda-12.2/lib64 /usr/bin/cmake --build /home/teamojasdv/ros2_ws/build/realsense2_description -- -j6 -l6
[2.785s] Invoked command in '/home/teamojasdv/ros2_ws/build/realsense2_description' returned '0': CMAKE_PREFIX_PATH=/home/teamojasdv/ros2_ws/install/realsense2_camera_msgs:/home/teamojasdv/ros2_ws/install/realsense2_description:/home/teamojasdv/ros2_ws/install/realsense2_camera:/home/teamojasdv/ros2_ws/install/my_detection_package:/opt/ros/humble LD_LIBRARY_PATH=/home/teamojasdv/ros2_ws/install/realsense2_camera_msgs/lib:/usr/local/lib:/usr/local/lib:/usr/local/cuda-12.2/lib64:/home/teamojasdv/ros2_ws/install/realsense2_camera/lib:/opt/ros/humble/opt/rviz_ogre_vendor/lib:/opt/ros/humble/lib/aarch64-linux-gnu:/opt/ros/humble/lib:/usr/local/lib:/usr/local/cuda-12.2/lib64 /usr/bin/cmake --build /home/teamojasdv/ros2_ws/build/realsense2_description -- -j6 -l6
[2.839s] Invoking command in '/home/teamojasdv/ros2_ws/build/realsense2_description': CMAKE_PREFIX_PATH=/home/teamojasdv/ros2_ws/install/realsense2_camera_msgs:/home/teamojasdv/ros2_ws/install/realsense2_description:/home/teamojasdv/ros2_ws/install/realsense2_camera:/home/teamojasdv/ros2_ws/install/my_detection_package:/opt/ros/humble LD_LIBRARY_PATH=/home/teamojasdv/ros2_ws/install/realsense2_camera_msgs/lib:/usr/local/lib:/usr/local/lib:/usr/local/cuda-12.2/lib64:/home/teamojasdv/ros2_ws/install/realsense2_camera/lib:/opt/ros/humble/opt/rviz_ogre_vendor/lib:/opt/ros/humble/lib/aarch64-linux-gnu:/opt/ros/humble/lib:/usr/local/lib:/usr/local/cuda-12.2/lib64 /usr/bin/cmake --install /home/teamojasdv/ros2_ws/build/realsense2_description
[2.861s] -- Install configuration: ""
[2.861s] -- Execute custom install script
[2.943s] -- Symlinking: /home/teamojasdv/ros2_ws/install/realsense2_description/share/realsense2_description/launch/launch_utils.py
[2.969s] -- Symlinking: /home/teamojasdv/ros2_ws/install/realsense2_description/share/realsense2_description/launch/view_model.launch.py
[2.990s] -- Symlinking: /home/teamojasdv/ros2_ws/install/realsense2_description/share/realsense2_description/meshes/d405.stl
[3.012s] -- Symlinking: /home/teamojasdv/ros2_ws/install/realsense2_description/share/realsense2_description/meshes/d415.stl
[3.034s] -- Symlinking: /home/teamojasdv/ros2_ws/install/realsense2_description/share/realsense2_description/meshes/d435.dae
[3.055s] -- Symlinking: /home/teamojasdv/ros2_ws/install/realsense2_description/share/realsense2_description/meshes/d455.stl
[3.076s] -- Symlinking: /home/teamojasdv/ros2_ws/install/realsense2_description/share/realsense2_description/meshes/l515.dae
[3.098s] -- Symlinking: /home/teamojasdv/ros2_ws/install/realsense2_description/share/realsense2_description/meshes/plug.stl
[3.120s] -- Symlinking: /home/teamojasdv/ros2_ws/install/realsense2_description/share/realsense2_description/meshes/plug_collision.stl
[3.141s] -- Symlinking: /home/teamojasdv/ros2_ws/install/realsense2_description/share/realsense2_description/rviz/urdf.rviz
[3.163s] -- Symlinking: /home/teamojasdv/ros2_ws/install/realsense2_description/share/realsense2_description/urdf/_d405.urdf.xacro
[3.187s] -- Symlinking: /home/teamojasdv/ros2_ws/install/realsense2_description/share/realsense2_description/urdf/_d415.urdf.xacro
[3.209s] -- Symlinking: /home/teamojasdv/ros2_ws/install/realsense2_description/share/realsense2_description/urdf/_d435.urdf.xacro
[3.231s] -- Symlinking: /home/teamojasdv/ros2_ws/install/realsense2_description/share/realsense2_description/urdf/_d435i.urdf.xacro
[3.252s] -- Symlinking: /home/teamojasdv/ros2_ws/install/realsense2_description/share/realsense2_description/urdf/_d435i_imu_modules.urdf.xacro
[3.274s] -- Symlinking: /home/teamojasdv/ros2_ws/install/realsense2_description/share/realsense2_description/urdf/_d455.urdf.xacro
[3.296s] -- Symlinking: /home/teamojasdv/ros2_ws/install/realsense2_description/share/realsense2_description/urdf/_materials.urdf.xacro
[3.317s] -- Symlinking: /home/teamojasdv/ros2_ws/install/realsense2_description/share/realsense2_description/urdf/_r410.urdf.xacro
[3.337s] -- Symlinking: /home/teamojasdv/ros2_ws/install/realsense2_description/share/realsense2_description/urdf/_r430.urdf.xacro
[3.361s] -- Symlinking: /home/teamojasdv/ros2_ws/install/realsense2_description/share/realsense2_description/urdf/_usb_plug.urdf.xacro
[3.382s] -- Symlinking: /home/teamojasdv/ros2_ws/install/realsense2_description/share/realsense2_description/urdf/test_d405_camera.urdf.xacro
[3.404s] -- Symlinking: /home/teamojasdv/ros2_ws/install/realsense2_description/share/realsense2_description/urdf/test_d415_camera.urdf.xacro
[3.426s] -- Symlinking: /home/teamojasdv/ros2_ws/install/realsense2_description/share/realsense2_description/urdf/test_d435_camera.urdf.xacro
[3.450s] -- Symlinking: /home/teamojasdv/ros2_ws/install/realsense2_description/share/realsense2_description/urdf/test_d435_multiple_cameras.urdf.xacro
[3.473s] -- Symlinking: /home/teamojasdv/ros2_ws/install/realsense2_description/share/realsense2_description/urdf/test_d435i_camera.urdf.xacro
[3.495s] -- Symlinking: /home/teamojasdv/ros2_ws/install/realsense2_description/share/realsense2_description/urdf/test_d455_camera.urdf.xacro
[3.518s] -- Symlinking: /home/teamojasdv/ros2_ws/install/realsense2_description/share/realsense2_description/urdf/test_r410_camera.urdf.xacro
[3.538s] -- Symlinking: /home/teamojasdv/ros2_ws/install/realsense2_description/share/realsense2_description/urdf/test_r430_camera.urdf.xacro
[3.562s] -- Symlinking: /home/teamojasdv/ros2_ws/install/realsense2_description/share/ament_index/resource_index/package_run_dependencies/realsense2_description
[3.587s] -- Symlinking: /home/teamojasdv/ros2_ws/install/realsense2_description/share/ament_index/resource_index/parent_prefix_path/realsense2_description
[3.610s] -- Symlinking: /home/teamojasdv/ros2_ws/install/realsense2_description/share/realsense2_description/environment/ament_prefix_path.sh
[3.634s] -- Symlinking: /home/teamojasdv/ros2_ws/install/realsense2_description/share/realsense2_description/environment/ament_prefix_path.dsv
[3.658s] -- Symlinking: /home/teamojasdv/ros2_ws/install/realsense2_description/share/realsense2_description/environment/path.sh
[3.681s] -- Symlinking: /home/teamojasdv/ros2_ws/install/realsense2_description/share/realsense2_description/environment/path.dsv
[3.704s] -- Symlinking: /home/teamojasdv/ros2_ws/install/realsense2_description/share/realsense2_description/local_setup.bash
[3.725s] -- Symlinking: /home/teamojasdv/ros2_ws/install/realsense2_description/share/realsense2_description/local_setup.sh
[3.750s] -- Symlinking: /home/teamojasdv/ros2_ws/install/realsense2_description/share/realsense2_description/local_setup.zsh
[3.771s] -- Symlinking: /home/teamojasdv/ros2_ws/install/realsense2_description/share/realsense2_description/local_setup.dsv
[3.794s] -- Symlinking: /home/teamojasdv/ros2_ws/install/realsense2_description/share/realsense2_description/package.dsv
[3.819s] -- Symlinking: /home/teamojasdv/ros2_ws/install/realsense2_description/share/ament_index/resource_index/packages/realsense2_description
[3.840s] -- Symlinking: /home/teamojasdv/ros2_ws/install/realsense2_description/share/realsense2_description/cmake/realsense2_descriptionConfig.cmake
[3.864s] -- Symlinking: /home/teamojasdv/ros2_ws/install/realsense2_description/share/realsense2_description/cmake/realsense2_descriptionConfig-version.cmake
[3.886s] -- Symlinking: /home/teamojasdv/ros2_ws/install/realsense2_description/share/realsense2_description/package.xml
[3.914s] Invoked command in '/home/teamojasdv/ros2_ws/build/realsense2_description' returned '0': CMAKE_PREFIX_PATH=/home/teamojasdv/ros2_ws/install/realsense2_camera_msgs:/home/teamojasdv/ros2_ws/install/realsense2_description:/home/teamojasdv/ros2_ws/install/realsense2_camera:/home/teamojasdv/ros2_ws/install/my_detection_package:/opt/ros/humble LD_LIBRARY_PATH=/home/teamojasdv/ros2_ws/install/realsense2_camera_msgs/lib:/usr/local/lib:/usr/local/lib:/usr/local/cuda-12.2/lib64:/home/teamojasdv/ros2_ws/install/realsense2_camera/lib:/opt/ros/humble/opt/rviz_ogre_vendor/lib:/opt/ros/humble/lib/aarch64-linux-gnu:/opt/ros/humble/lib:/usr/local/lib:/usr/local/cuda-12.2/lib64 /usr/bin/cmake --install /home/teamojasdv/ros2_ws/build/realsense2_description
