[4.097s] Invoking command in '/home/teamojasdv/ros2_ws/build/my_detection_package': PYTHONPATH=/home/teamojasdv/ros2_ws/build/my_detection_package/prefix_override:/usr/lib/python3/dist-packages/colcon_core/task/python/colcon_distutils_commands:/home/teamojasdv/ros2_ws/install/my_detection_package/lib/python3.10/site-packages:${PYTHONPATH} /usr/bin/python3 -W ignore:setup.py install is deprecated setup.py develop --editable --build-directory /home/teamojasdv/ros2_ws/build/my_detection_package/build --no-deps symlink_data
[5.174s] running develop
[5.183s] /usr/local/lib/python3.10/dist-packages/setuptools/command/easy_install.py:144: EasyInstallDeprecationWarning: easy_install command is deprecated. Use build and pip and other standards-based tools.
[5.183s]   warnings.warn(
[5.828s] running egg_info
[5.868s] writing my_detection_package.egg-info/PKG-INFO
[5.868s] writing dependency_links to my_detection_package.egg-info/dependency_links.txt
[5.869s] writing entry points to my_detection_package.egg-info/entry_points.txt
[5.869s] writing requirements to my_detection_package.egg-info/requires.txt
[5.869s] writing top-level names to my_detection_package.egg-info/top_level.txt
[5.948s] reading manifest file 'my_detection_package.egg-info/SOURCES.txt'
[5.951s] writing manifest file 'my_detection_package.egg-info/SOURCES.txt'
[6.082s] running build_ext
[6.082s] Creating /home/teamojasdv/ros2_ws/install/my_detection_package/lib/python3.10/site-packages/my-detection-package.egg-link (link to .)
[6.084s] Installing camera_node script to /home/teamojasdv/ros2_ws/install/my_detection_package/lib/my_detection_package
[6.084s] Installing display_node script to /home/teamojasdv/ros2_ws/install/my_detection_package/lib/my_detection_package
[6.085s] Installing yolo_node script to /home/teamojasdv/ros2_ws/install/my_detection_package/lib/my_detection_package
[6.085s] 
[6.085s] Installed /home/teamojasdv/ros2_ws/build/my_detection_package
[6.085s] running symlink_data
[6.251s] Invoked command in '/home/teamojasdv/ros2_ws/build/my_detection_package' returned '0': PYTHONPATH=/home/teamojasdv/ros2_ws/build/my_detection_package/prefix_override:/usr/lib/python3/dist-packages/colcon_core/task/python/colcon_distutils_commands:/home/teamojasdv/ros2_ws/install/my_detection_package/lib/python3.10/site-packages:${PYTHONPATH} /usr/bin/python3 -W ignore:setup.py install is deprecated setup.py develop --editable --build-directory /home/teamojasdv/ros2_ws/build/my_detection_package/build --no-deps symlink_data
